31-Jan-2022 08:10:15.700 INFO [main] org.apache.catalina.startup.VersionLoggerListener.log Server version name:   Apache Tomcat/9.0.58
31-Jan-2022 08:10:15.704 INFO [main] org.apache.catalina.startup.VersionLoggerListener.log Server built:          Jan 15 2022 14:37:38 UTC
31-Jan-2022 08:10:15.705 INFO [main] org.apache.catalina.startup.VersionLoggerListener.log Server version number: 9.0.58.0
31-Jan-2022 08:10:15.705 INFO [main] org.apache.catalina.startup.VersionLoggerListener.log OS Name:               Windows 10
31-Jan-2022 08:10:15.705 INFO [main] org.apache.catalina.startup.VersionLoggerListener.log OS Version:            10.0
31-Jan-2022 08:10:15.705 INFO [main] org.apache.catalina.startup.VersionLoggerListener.log Architecture:          amd64
31-Jan-2022 08:10:15.705 INFO [main] org.apache.catalina.startup.VersionLoggerListener.log Java Home:             C:\Program Files\Java\jre1.8.0_321
31-Jan-2022 08:10:15.705 INFO [main] org.apache.catalina.startup.VersionLoggerListener.log JVM Version:           1.8.0_321-b07
31-Jan-2022 08:10:15.705 INFO [main] org.apache.catalina.startup.VersionLoggerListener.log JVM Vendor:            Oracle Corporation
31-Jan-2022 08:10:15.706 INFO [main] org.apache.catalina.startup.VersionLoggerListener.log CATALINA_BASE:         C:\Users\garys\Documents\workspace-spring-tool-suite-4-4.13.0.RELEASE\apache-tomcat-9.0.58\apache-tomcat-9.0.58
31-Jan-2022 08:10:15.706 INFO [main] org.apache.catalina.startup.VersionLoggerListener.log CATALINA_HOME:         C:\Users\garys\Documents\workspace-spring-tool-suite-4-4.13.0.RELEASE\apache-tomcat-9.0.58\apache-tomcat-9.0.58
31-Jan-2022 08:10:15.707 INFO [main] org.apache.catalina.startup.VersionLoggerListener.log Command line argument: -Djava.util.logging.config.file=C:\Users\garys\Documents\workspace-spring-tool-suite-4-4.13.0.RELEASE\apache-tomcat-9.0.58\apache-tomcat-9.0.58\conf\logging.properties
31-Jan-2022 08:10:15.707 INFO [main] org.apache.catalina.startup.VersionLoggerListener.log Command line argument: -Djava.util.logging.manager=org.apache.juli.ClassLoaderLogManager
31-Jan-2022 08:10:15.708 INFO [main] org.apache.catalina.startup.VersionLoggerListener.log Command line argument: -Djdk.tls.ephemeralDHKeySize=2048
31-Jan-2022 08:10:15.708 INFO [main] org.apache.catalina.startup.VersionLoggerListener.log Command line argument: -Djava.protocol.handler.pkgs=org.apache.catalina.webresources
31-Jan-2022 08:10:15.708 INFO [main] org.apache.catalina.startup.VersionLoggerListener.log Command line argument: -Dignore.endorsed.dirs=
31-Jan-2022 08:10:15.709 INFO [main] org.apache.catalina.startup.VersionLoggerListener.log Command line argument: -Dcatalina.base=C:\Users\garys\Documents\workspace-spring-tool-suite-4-4.13.0.RELEASE\apache-tomcat-9.0.58\apache-tomcat-9.0.58
31-Jan-2022 08:10:15.710 INFO [main] org.apache.catalina.startup.VersionLoggerListener.log Command line argument: -Dcatalina.home=C:\Users\garys\Documents\workspace-spring-tool-suite-4-4.13.0.RELEASE\apache-tomcat-9.0.58\apache-tomcat-9.0.58
31-Jan-2022 08:10:15.711 INFO [main] org.apache.catalina.startup.VersionLoggerListener.log Command line argument: -Djava.io.tmpdir=C:\Users\garys\Documents\workspace-spring-tool-suite-4-4.13.0.RELEASE\apache-tomcat-9.0.58\apache-tomcat-9.0.58\temp
31-Jan-2022 08:10:15.723 INFO [main] org.apache.catalina.core.AprLifecycleListener.lifecycleEvent The Apache Tomcat Native library which allows using OpenSSL was not found on the java.library.path: [C:\Program Files\Java\jre1.8.0_321\bin;C:\WINDOWS\Sun\Java\bin;C:\WINDOWS\system32;C:\WINDOWS;C:\Users\garys\bin;C:\Program Files\Git\mingw64\bin;C:\Program Files\Git\usr\local\bin;C:\Program Files\Git\usr\bin;C:\Program Files\Git\usr\bin;C:\Program Files\Git\mingw64\bin;C:\Program Files\Git\usr\bin;C:\Users\garys\bin;C:\Program Files\Common Files\Oracle\Java\javapath;C:\Program Files (x86)\VMware\VMware Player\bin;C:\Users\garys\AppData\Local\Programs\Python\Python39\Scripts;C:\Users\garys\AppData\Local\Programs\Python\Python39;C:\Program Files (x86)\Common Files\Oracle\Java\javapath;C:\WINDOWS\system32;C:\WINDOWS;C:\WINDOWS\System32\Wbem;C:\WINDOWS\System32\WindowsPowerShell\v1.0;C:\WINDOWS\System32\OpenSSH;C:\Program Files\NVIDIA Corporation\NVIDIA NvDLISR;C:\Program Files (x86)\NVIDIA Corporation\PhysX\Common;C:\ProgramData\chocolatey\bin;C:\sqlite;C:\Users\garys\.jdks\openjdk-16.0.1\bin;C:\Users\garys\.gradle\wrapper\dists\gradle-7.1.1-bin\f29rtwfnc96ub43tt7p47zsru\gradle-7.1.1\bin;C:\Users\garys\AppData\Roaming\Python\Python39\Scripts;C:\ProgramData\chocolatey\lib\maven\apache-maven-3.8.1\bin;C:\Program Files (x86)\GnuWin32\bin;C:\Program Files\Git LFS;C:\Program Files\nodejs;C:\Program Files (x86)\Filestar;C:\Users\garys\AppData\Roaming\Filestar\aliases;C:\Program Files\Docker\Docker\resources\bin;C:\ProgramData\DockerDesktop\version-bin;C:\Users\garys\Downloads\chromedriver_win32;C:\Program Files\Java\jre1.8.0_311;C:\Program Files\Java\jdk-17.0.1;C:\Program Files\Git\cmd;C:\Program Files\MySQL\MySQL Shell 8.0\bin;C:\Ruby27-x64\bin;C:\Users\garys\AppData\Local\Microsoft\WindowsApps;C:\Program Files\JetBrains\IntelliJ IDEA Community Edition 2021.1.2\bin;C:\Program Files\JetBrains\PyCharm Community Edition 2021.1.2\bin;C:\Users\garys\AppData\Local\GitHubDesktop\bin;C:\Users\garys\AppData\Roaming\npm;C:\Program Files\heroku\bin;C:\Users\garys\AppData\Local\Programs\Microsoft VS Code\bin;C:\Program Files\Git\usr\bin\vendor_perl;C:\Program Files\Git\usr\bin\core_perl;.]
31-Jan-2022 08:10:16.158 INFO [main] org.apache.coyote.AbstractProtocol.init Initializing ProtocolHandler ["http-nio-8080"]
31-Jan-2022 08:10:16.184 INFO [main] org.apache.catalina.startup.Catalina.load Server initialization in [669] milliseconds
31-Jan-2022 08:10:16.221 INFO [main] org.apache.catalina.core.StandardService.startInternal Starting service [Catalina]
31-Jan-2022 08:10:16.222 INFO [main] org.apache.catalina.core.StandardEngine.startInternal Starting Servlet engine: [Apache Tomcat/9.0.58]
31-Jan-2022 08:10:16.234 INFO [main] org.apache.catalina.startup.HostConfig.deployDirectory Deploying web application directory [C:\Users\garys\Documents\workspace-spring-tool-suite-4-4.13.0.RELEASE\apache-tomcat-9.0.58\apache-tomcat-9.0.58\webapps\docs]
31-Jan-2022 08:10:16.644 WARNING [main] org.apache.catalina.util.SessionIdGeneratorBase.createSecureRandom Creation of SecureRandom instance for session ID generation using [SHA1PRNG] took [179] milliseconds.
31-Jan-2022 08:10:16.666 INFO [main] org.apache.catalina.startup.HostConfig.deployDirectory Deployment of web application directory [C:\Users\garys\Documents\workspace-spring-tool-suite-4-4.13.0.RELEASE\apache-tomcat-9.0.58\apache-tomcat-9.0.58\webapps\docs] has finished in [431] ms
31-Jan-2022 08:10:16.666 INFO [main] org.apache.catalina.startup.HostConfig.deployDirectory Deploying web application directory [C:\Users\garys\Documents\workspace-spring-tool-suite-4-4.13.0.RELEASE\apache-tomcat-9.0.58\apache-tomcat-9.0.58\webapps\examples]
31-Jan-2022 08:10:17.131 INFO [main] org.apache.catalina.startup.HostConfig.deployDirectory Deployment of web application directory [C:\Users\garys\Documents\workspace-spring-tool-suite-4-4.13.0.RELEASE\apache-tomcat-9.0.58\apache-tomcat-9.0.58\webapps\examples] has finished in [464] ms
31-Jan-2022 08:10:17.131 INFO [main] org.apache.catalina.startup.HostConfig.deployDirectory Deploying web application directory [C:\Users\garys\Documents\workspace-spring-tool-suite-4-4.13.0.RELEASE\apache-tomcat-9.0.58\apache-tomcat-9.0.58\webapps\host-manager]
31-Jan-2022 08:10:17.192 INFO [main] org.apache.catalina.startup.HostConfig.deployDirectory Deployment of web application directory [C:\Users\garys\Documents\workspace-spring-tool-suite-4-4.13.0.RELEASE\apache-tomcat-9.0.58\apache-tomcat-9.0.58\webapps\host-manager] has finished in [61] ms
31-Jan-2022 08:10:17.192 INFO [main] org.apache.catalina.startup.HostConfig.deployDirectory Deploying web application directory [C:\Users\garys\Documents\workspace-spring-tool-suite-4-4.13.0.RELEASE\apache-tomcat-9.0.58\apache-tomcat-9.0.58\webapps\manager]
31-Jan-2022 08:10:17.245 INFO [main] org.apache.catalina.startup.HostConfig.deployDirectory Deployment of web application directory [C:\Users\garys\Documents\workspace-spring-tool-suite-4-4.13.0.RELEASE\apache-tomcat-9.0.58\apache-tomcat-9.0.58\webapps\manager] has finished in [53] ms
31-Jan-2022 08:10:17.246 INFO [main] org.apache.catalina.startup.HostConfig.deployDirectory Deploying web application directory [C:\Users\garys\Documents\workspace-spring-tool-suite-4-4.13.0.RELEASE\apache-tomcat-9.0.58\apache-tomcat-9.0.58\webapps\ROOT]
31-Jan-2022 08:10:17.280 INFO [main] org.apache.catalina.startup.HostConfig.deployDirectory Deployment of web application directory [C:\Users\garys\Documents\workspace-spring-tool-suite-4-4.13.0.RELEASE\apache-tomcat-9.0.58\apache-tomcat-9.0.58\webapps\ROOT] has finished in [34] ms
31-Jan-2022 08:10:17.285 INFO [main] org.apache.coyote.AbstractProtocol.start Starting ProtocolHandler ["http-nio-8080"]
31-Jan-2022 08:10:17.309 INFO [main] org.apache.catalina.startup.Catalina.start Server startup in [1122] milliseconds
31-Jan-2022 08:11:37.376 INFO [Catalina-utility-1] org.apache.catalina.users.MemoryUserDatabase.backgroundProcess Reloading memory user database [UserDatabase] from updated source [file:/C:/Users/garys/Documents/workspace-spring-tool-suite-4-4.13.0.RELEASE/apache-tomcat-9.0.58/apache-tomcat-9.0.58/conf/tomcat-users.xml]
31-Jan-2022 08:12:36.400 INFO [Thread-3] org.apache.coyote.AbstractProtocol.pause Pausing ProtocolHandler ["http-nio-8080"]
31-Jan-2022 08:12:36.568 INFO [Thread-3] org.apache.catalina.core.StandardService.stopInternal Stopping service [Catalina]
31-Jan-2022 08:12:36.604 INFO [Thread-3] org.apache.coyote.AbstractProtocol.stop Stopping ProtocolHandler ["http-nio-8080"]
31-Jan-2022 08:12:36.612 INFO [Thread-3] org.apache.coyote.AbstractProtocol.destroy Destroying ProtocolHandler ["http-nio-8080"]
31-Jan-2022 08:12:42.862 INFO [main] org.apache.catalina.startup.VersionLoggerListener.log Server version name:   Apache Tomcat/9.0.58
31-Jan-2022 08:12:42.865 INFO [main] org.apache.catalina.startup.VersionLoggerListener.log Server built:          Jan 15 2022 14:37:38 UTC
31-Jan-2022 08:12:42.866 INFO [main] org.apache.catalina.startup.VersionLoggerListener.log Server version number: 9.0.58.0
31-Jan-2022 08:12:42.866 INFO [main] org.apache.catalina.startup.VersionLoggerListener.log OS Name:               Windows 10
31-Jan-2022 08:12:42.866 INFO [main] org.apache.catalina.startup.VersionLoggerListener.log OS Version:            10.0
31-Jan-2022 08:12:42.867 INFO [main] org.apache.catalina.startup.VersionLoggerListener.log Architecture:          amd64
31-Jan-2022 08:12:42.867 INFO [main] org.apache.catalina.startup.VersionLoggerListener.log Java Home:             C:\Program Files\Java\jre1.8.0_321
31-Jan-2022 08:12:42.867 INFO [main] org.apache.catalina.startup.VersionLoggerListener.log JVM Version:           1.8.0_321-b07
31-Jan-2022 08:12:42.868 INFO [main] org.apache.catalina.startup.VersionLoggerListener.log JVM Vendor:            Oracle Corporation
31-Jan-2022 08:12:42.868 INFO [main] org.apache.catalina.startup.VersionLoggerListener.log CATALINA_BASE:         C:\Users\garys\Documents\workspace-spring-tool-suite-4-4.13.0.RELEASE\apache-tomcat-9.0.58\apache-tomcat-9.0.58
31-Jan-2022 08:12:42.868 INFO [main] org.apache.catalina.startup.VersionLoggerListener.log CATALINA_HOME:         C:\Users\garys\Documents\workspace-spring-tool-suite-4-4.13.0.RELEASE\apache-tomcat-9.0.58\apache-tomcat-9.0.58
31-Jan-2022 08:12:42.869 INFO [main] org.apache.catalina.startup.VersionLoggerListener.log Command line argument: -Djava.util.logging.config.file=C:\Users\garys\Documents\workspace-spring-tool-suite-4-4.13.0.RELEASE\apache-tomcat-9.0.58\apache-tomcat-9.0.58\conf\logging.properties
31-Jan-2022 08:12:42.869 INFO [main] org.apache.catalina.startup.VersionLoggerListener.log Command line argument: -Djava.util.logging.manager=org.apache.juli.ClassLoaderLogManager
31-Jan-2022 08:12:42.869 INFO [main] org.apache.catalina.startup.VersionLoggerListener.log Command line argument: -Djdk.tls.ephemeralDHKeySize=2048
31-Jan-2022 08:12:42.869 INFO [main] org.apache.catalina.startup.VersionLoggerListener.log Command line argument: -Djava.protocol.handler.pkgs=org.apache.catalina.webresources
31-Jan-2022 08:12:42.869 INFO [main] org.apache.catalina.startup.VersionLoggerListener.log Command line argument: -Dignore.endorsed.dirs=
31-Jan-2022 08:12:42.870 INFO [main] org.apache.catalina.startup.VersionLoggerListener.log Command line argument: -Dcatalina.base=C:\Users\garys\Documents\workspace-spring-tool-suite-4-4.13.0.RELEASE\apache-tomcat-9.0.58\apache-tomcat-9.0.58
31-Jan-2022 08:12:42.871 INFO [main] org.apache.catalina.startup.VersionLoggerListener.log Command line argument: -Dcatalina.home=C:\Users\garys\Documents\workspace-spring-tool-suite-4-4.13.0.RELEASE\apache-tomcat-9.0.58\apache-tomcat-9.0.58
31-Jan-2022 08:12:42.871 INFO [main] org.apache.catalina.startup.VersionLoggerListener.log Command line argument: -Djava.io.tmpdir=C:\Users\garys\Documents\workspace-spring-tool-suite-4-4.13.0.RELEASE\apache-tomcat-9.0.58\apache-tomcat-9.0.58\temp
31-Jan-2022 08:12:42.882 INFO [main] org.apache.catalina.core.AprLifecycleListener.lifecycleEvent The Apache Tomcat Native library which allows using OpenSSL was not found on the java.library.path: [C:\Program Files\Java\jre1.8.0_321\bin;C:\WINDOWS\Sun\Java\bin;C:\WINDOWS\system32;C:\WINDOWS;C:\Users\garys\bin;C:\Program Files\Git\mingw64\bin;C:\Program Files\Git\usr\local\bin;C:\Program Files\Git\usr\bin;C:\Program Files\Git\usr\bin;C:\Program Files\Git\mingw64\bin;C:\Program Files\Git\usr\bin;C:\Users\garys\bin;C:\Program Files\Common Files\Oracle\Java\javapath;C:\Program Files (x86)\VMware\VMware Player\bin;C:\Users\garys\AppData\Local\Programs\Python\Python39\Scripts;C:\Users\garys\AppData\Local\Programs\Python\Python39;C:\Program Files (x86)\Common Files\Oracle\Java\javapath;C:\WINDOWS\system32;C:\WINDOWS;C:\WINDOWS\System32\Wbem;C:\WINDOWS\System32\WindowsPowerShell\v1.0;C:\WINDOWS\System32\OpenSSH;C:\Program Files\NVIDIA Corporation\NVIDIA NvDLISR;C:\Program Files (x86)\NVIDIA Corporation\PhysX\Common;C:\ProgramData\chocolatey\bin;C:\sqlite;C:\Users\garys\.jdks\openjdk-16.0.1\bin;C:\Users\garys\.gradle\wrapper\dists\gradle-7.1.1-bin\f29rtwfnc96ub43tt7p47zsru\gradle-7.1.1\bin;C:\Users\garys\AppData\Roaming\Python\Python39\Scripts;C:\ProgramData\chocolatey\lib\maven\apache-maven-3.8.1\bin;C:\Program Files (x86)\GnuWin32\bin;C:\Program Files\Git LFS;C:\Program Files\nodejs;C:\Program Files (x86)\Filestar;C:\Users\garys\AppData\Roaming\Filestar\aliases;C:\Program Files\Docker\Docker\resources\bin;C:\ProgramData\DockerDesktop\version-bin;C:\Users\garys\Downloads\chromedriver_win32;C:\Program Files\Java\jre1.8.0_311;C:\Program Files\Java\jdk-17.0.1;C:\Program Files\Git\cmd;C:\Program Files\MySQL\MySQL Shell 8.0\bin;C:\Ruby27-x64\bin;C:\Users\garys\AppData\Local\Microsoft\WindowsApps;C:\Program Files\JetBrains\IntelliJ IDEA Community Edition 2021.1.2\bin;C:\Program Files\JetBrains\PyCharm Community Edition 2021.1.2\bin;C:\Users\garys\AppData\Local\GitHubDesktop\bin;C:\Users\garys\AppData\Roaming\npm;C:\Program Files\heroku\bin;C:\Users\garys\AppData\Local\Programs\Microsoft VS Code\bin;C:\Program Files\Git\usr\bin\vendor_perl;C:\Program Files\Git\usr\bin\core_perl;.]
31-Jan-2022 08:12:43.257 INFO [main] org.apache.coyote.AbstractProtocol.init Initializing ProtocolHandler ["http-nio-8080"]
31-Jan-2022 08:12:43.280 INFO [main] org.apache.catalina.startup.Catalina.load Server initialization in [618] milliseconds
31-Jan-2022 08:12:43.320 INFO [main] org.apache.catalina.core.StandardService.startInternal Starting service [Catalina]
31-Jan-2022 08:12:43.321 INFO [main] org.apache.catalina.core.StandardEngine.startInternal Starting Servlet engine: [Apache Tomcat/9.0.58]
31-Jan-2022 08:12:43.330 INFO [main] org.apache.catalina.startup.HostConfig.deployDirectory Deploying web application directory [C:\Users\garys\Documents\workspace-spring-tool-suite-4-4.13.0.RELEASE\apache-tomcat-9.0.58\apache-tomcat-9.0.58\webapps\docs]
31-Jan-2022 08:12:43.723 WARNING [main] org.apache.catalina.util.SessionIdGeneratorBase.createSecureRandom Creation of SecureRandom instance for session ID generation using [SHA1PRNG] took [174] milliseconds.
31-Jan-2022 08:12:43.745 INFO [main] org.apache.catalina.startup.HostConfig.deployDirectory Deployment of web application directory [C:\Users\garys\Documents\workspace-spring-tool-suite-4-4.13.0.RELEASE\apache-tomcat-9.0.58\apache-tomcat-9.0.58\webapps\docs] has finished in [415] ms
31-Jan-2022 08:12:43.746 INFO [main] org.apache.catalina.startup.HostConfig.deployDirectory Deploying web application directory [C:\Users\garys\Documents\workspace-spring-tool-suite-4-4.13.0.RELEASE\apache-tomcat-9.0.58\apache-tomcat-9.0.58\webapps\examples]
31-Jan-2022 08:12:44.220 INFO [main] org.apache.catalina.startup.HostConfig.deployDirectory Deployment of web application directory [C:\Users\garys\Documents\workspace-spring-tool-suite-4-4.13.0.RELEASE\apache-tomcat-9.0.58\apache-tomcat-9.0.58\webapps\examples] has finished in [474] ms
31-Jan-2022 08:12:44.221 INFO [main] org.apache.catalina.startup.HostConfig.deployDirectory Deploying web application directory [C:\Users\garys\Documents\workspace-spring-tool-suite-4-4.13.0.RELEASE\apache-tomcat-9.0.58\apache-tomcat-9.0.58\webapps\host-manager]
31-Jan-2022 08:12:44.267 INFO [main] org.apache.catalina.startup.HostConfig.deployDirectory Deployment of web application directory [C:\Users\garys\Documents\workspace-spring-tool-suite-4-4.13.0.RELEASE\apache-tomcat-9.0.58\apache-tomcat-9.0.58\webapps\host-manager] has finished in [45] ms
31-Jan-2022 08:12:44.268 INFO [main] org.apache.catalina.startup.HostConfig.deployDirectory Deploying web application directory [C:\Users\garys\Documents\workspace-spring-tool-suite-4-4.13.0.RELEASE\apache-tomcat-9.0.58\apache-tomcat-9.0.58\webapps\manager]
31-Jan-2022 08:12:44.341 INFO [main] org.apache.catalina.startup.HostConfig.deployDirectory Deployment of web application directory [C:\Users\garys\Documents\workspace-spring-tool-suite-4-4.13.0.RELEASE\apache-tomcat-9.0.58\apache-tomcat-9.0.58\webapps\manager] has finished in [73] ms
31-Jan-2022 08:12:44.342 INFO [main] org.apache.catalina.startup.HostConfig.deployDirectory Deploying web application directory [C:\Users\garys\Documents\workspace-spring-tool-suite-4-4.13.0.RELEASE\apache-tomcat-9.0.58\apache-tomcat-9.0.58\webapps\ROOT]
31-Jan-2022 08:12:44.377 INFO [main] org.apache.catalina.startup.HostConfig.deployDirectory Deployment of web application directory [C:\Users\garys\Documents\workspace-spring-tool-suite-4-4.13.0.RELEASE\apache-tomcat-9.0.58\apache-tomcat-9.0.58\webapps\ROOT] has finished in [36] ms
31-Jan-2022 08:12:44.386 INFO [main] org.apache.coyote.AbstractProtocol.start Starting ProtocolHandler ["http-nio-8080"]
31-Jan-2022 08:12:44.405 INFO [main] org.apache.catalina.startup.Catalina.start Server startup in [1124] milliseconds
31-Jan-2022 08:14:06.509 INFO [http-nio-8080-exec-1] org.apache.catalina.startup.HostConfig.deployWAR Deploying web application archive [C:\Users\garys\Documents\workspace-spring-tool-suite-4-4.13.0.RELEASE\apache-tomcat-9.0.58\apache-tomcat-9.0.58\webapps\verification-service.war]
31-Jan-2022 08:14:06.570 INFO [http-nio-8080-exec-1] org.apache.catalina.startup.HostConfig.deployWAR Deployment of web application archive [C:\Users\garys\Documents\workspace-spring-tool-suite-4-4.13.0.RELEASE\apache-tomcat-9.0.58\apache-tomcat-9.0.58\webapps\verification-service.war] has finished in [61] ms
31-Jan-2022 08:14:23.629 INFO [http-nio-8080-exec-2] org.apache.catalina.startup.HostConfig.deployWAR Deploying web application archive [C:\Users\garys\Documents\workspace-spring-tool-suite-4-4.13.0.RELEASE\apache-tomcat-9.0.58\apache-tomcat-9.0.58\webapps\mobile-app-ws.war]
31-Jan-2022 08:14:30.880 INFO [http-nio-8080-exec-2] org.apache.jasper.servlet.TldScanner.scanJars At least one JAR was scanned for TLDs yet contained no TLDs. Enable debug logging for this logger for a complete list of JARs that were scanned but no TLDs were found in them. Skipping unneeded JARs during scanning can improve startup time and JSP compilation time.
31-Jan-2022 08:14:46.761 INFO [http-nio-8080-exec-2] org.apache.catalina.startup.HostConfig.deployWAR Deployment of web application archive [C:\Users\garys\Documents\workspace-spring-tool-suite-4-4.13.0.RELEASE\apache-tomcat-9.0.58\apache-tomcat-9.0.58\webapps\mobile-app-ws.war] has finished in [23,132] ms
31-Jan-2022 08:22:11.577 INFO [Thread-3] org.apache.coyote.AbstractProtocol.pause Pausing ProtocolHandler ["http-nio-8080"]
31-Jan-2022 08:22:11.739 INFO [Thread-3] org.apache.catalina.core.StandardService.stopInternal Stopping service [Catalina]
31-Jan-2022 08:22:11.899 WARNING [Thread-3] org.apache.catalina.loader.WebappClassLoaderBase.clearReferencesJdbc The web application [mobile-app-ws] registered the JDBC driver [com.mysql.cj.jdbc.Driver] but failed to unregister it when the web application was stopped. To prevent a memory leak, the JDBC Driver has been forcibly unregistered.
31-Jan-2022 08:22:11.899 WARNING [Thread-3] org.apache.catalina.loader.WebappClassLoaderBase.clearReferencesThreads The web application [mobile-app-ws] appears to have started a thread named [mysql-cj-abandoned-connection-cleanup] but has failed to stop it. This is very likely to create a memory leak. Stack trace of thread:
 java.lang.Object.wait(Native Method)
 java.lang.ref.ReferenceQueue.remove(Unknown Source)
 com.mysql.cj.jdbc.AbandonedConnectionCleanupThread.run(AbandonedConnectionCleanupThread.java:85)
 java.util.concurrent.ThreadPoolExecutor.runWorker(Unknown Source)
 java.util.concurrent.ThreadPoolExecutor$Worker.run(Unknown Source)
 java.lang.Thread.run(Unknown Source)
31-Jan-2022 08:22:11.920 INFO [Thread-3] org.apache.coyote.AbstractProtocol.stop Stopping ProtocolHandler ["http-nio-8080"]
31-Jan-2022 08:22:11.927 INFO [Thread-3] org.apache.coyote.AbstractProtocol.destroy Destroying ProtocolHandler ["http-nio-8080"]
31-Jan-2022 08:22:13.987 INFO [main] org.apache.catalina.startup.VersionLoggerListener.log Server version name:   Apache Tomcat/9.0.58
31-Jan-2022 08:22:13.990 INFO [main] org.apache.catalina.startup.VersionLoggerListener.log Server built:          Jan 15 2022 14:37:38 UTC
31-Jan-2022 08:22:13.990 INFO [main] org.apache.catalina.startup.VersionLoggerListener.log Server version number: 9.0.58.0
31-Jan-2022 08:22:13.990 INFO [main] org.apache.catalina.startup.VersionLoggerListener.log OS Name:               Windows 10
31-Jan-2022 08:22:13.991 INFO [main] org.apache.catalina.startup.VersionLoggerListener.log OS Version:            10.0
31-Jan-2022 08:22:13.991 INFO [main] org.apache.catalina.startup.VersionLoggerListener.log Architecture:          amd64
31-Jan-2022 08:22:13.991 INFO [main] org.apache.catalina.startup.VersionLoggerListener.log Java Home:             C:\Program Files\Java\jre1.8.0_321
31-Jan-2022 08:22:13.991 INFO [main] org.apache.catalina.startup.VersionLoggerListener.log JVM Version:           1.8.0_321-b07
31-Jan-2022 08:22:13.991 INFO [main] org.apache.catalina.startup.VersionLoggerListener.log JVM Vendor:            Oracle Corporation
31-Jan-2022 08:22:13.991 INFO [main] org.apache.catalina.startup.VersionLoggerListener.log CATALINA_BASE:         C:\Users\garys\Documents\workspace-spring-tool-suite-4-4.13.0.RELEASE\apache-tomcat-9.0.58\apache-tomcat-9.0.58
31-Jan-2022 08:22:13.992 INFO [main] org.apache.catalina.startup.VersionLoggerListener.log CATALINA_HOME:         C:\Users\garys\Documents\workspace-spring-tool-suite-4-4.13.0.RELEASE\apache-tomcat-9.0.58\apache-tomcat-9.0.58
31-Jan-2022 08:22:13.992 INFO [main] org.apache.catalina.startup.VersionLoggerListener.log Command line argument: -Djava.util.logging.config.file=C:\Users\garys\Documents\workspace-spring-tool-suite-4-4.13.0.RELEASE\apache-tomcat-9.0.58\apache-tomcat-9.0.58\conf\logging.properties
31-Jan-2022 08:22:13.992 INFO [main] org.apache.catalina.startup.VersionLoggerListener.log Command line argument: -Djava.util.logging.manager=org.apache.juli.ClassLoaderLogManager
31-Jan-2022 08:22:13.993 INFO [main] org.apache.catalina.startup.VersionLoggerListener.log Command line argument: -Djdk.tls.ephemeralDHKeySize=2048
31-Jan-2022 08:22:13.993 INFO [main] org.apache.catalina.startup.VersionLoggerListener.log Command line argument: -Djava.protocol.handler.pkgs=org.apache.catalina.webresources
31-Jan-2022 08:22:13.993 INFO [main] org.apache.catalina.startup.VersionLoggerListener.log Command line argument: -Dignore.endorsed.dirs=
31-Jan-2022 08:22:13.993 INFO [main] org.apache.catalina.startup.VersionLoggerListener.log Command line argument: -Dcatalina.base=C:\Users\garys\Documents\workspace-spring-tool-suite-4-4.13.0.RELEASE\apache-tomcat-9.0.58\apache-tomcat-9.0.58
31-Jan-2022 08:22:13.995 INFO [main] org.apache.catalina.startup.VersionLoggerListener.log Command line argument: -Dcatalina.home=C:\Users\garys\Documents\workspace-spring-tool-suite-4-4.13.0.RELEASE\apache-tomcat-9.0.58\apache-tomcat-9.0.58
31-Jan-2022 08:22:13.995 INFO [main] org.apache.catalina.startup.VersionLoggerListener.log Command line argument: -Djava.io.tmpdir=C:\Users\garys\Documents\workspace-spring-tool-suite-4-4.13.0.RELEASE\apache-tomcat-9.0.58\apache-tomcat-9.0.58\temp
31-Jan-2022 08:22:14.006 INFO [main] org.apache.catalina.core.AprLifecycleListener.lifecycleEvent The Apache Tomcat Native library which allows using OpenSSL was not found on the java.library.path: [C:\Program Files\Java\jre1.8.0_321\bin;C:\WINDOWS\Sun\Java\bin;C:\WINDOWS\system32;C:\WINDOWS;C:\Users\garys\bin;C:\Program Files\Git\mingw64\bin;C:\Program Files\Git\usr\local\bin;C:\Program Files\Git\usr\bin;C:\Program Files\Git\usr\bin;C:\Program Files\Git\mingw64\bin;C:\Program Files\Git\usr\bin;C:\Users\garys\bin;C:\Program Files\Common Files\Oracle\Java\javapath;C:\Program Files (x86)\VMware\VMware Player\bin;C:\Users\garys\AppData\Local\Programs\Python\Python39\Scripts;C:\Users\garys\AppData\Local\Programs\Python\Python39;C:\Program Files (x86)\Common Files\Oracle\Java\javapath;C:\WINDOWS\system32;C:\WINDOWS;C:\WINDOWS\System32\Wbem;C:\WINDOWS\System32\WindowsPowerShell\v1.0;C:\WINDOWS\System32\OpenSSH;C:\Program Files\NVIDIA Corporation\NVIDIA NvDLISR;C:\Program Files (x86)\NVIDIA Corporation\PhysX\Common;C:\ProgramData\chocolatey\bin;C:\sqlite;C:\Users\garys\.jdks\openjdk-16.0.1\bin;C:\Users\garys\.gradle\wrapper\dists\gradle-7.1.1-bin\f29rtwfnc96ub43tt7p47zsru\gradle-7.1.1\bin;C:\Users\garys\AppData\Roaming\Python\Python39\Scripts;C:\ProgramData\chocolatey\lib\maven\apache-maven-3.8.1\bin;C:\Program Files (x86)\GnuWin32\bin;C:\Program Files\Git LFS;C:\Program Files\nodejs;C:\Program Files (x86)\Filestar;C:\Users\garys\AppData\Roaming\Filestar\aliases;C:\Program Files\Docker\Docker\resources\bin;C:\ProgramData\DockerDesktop\version-bin;C:\Users\garys\Downloads\chromedriver_win32;C:\Program Files\Java\jre1.8.0_311;C:\Program Files\Java\jdk-17.0.1;C:\Program Files\Git\cmd;C:\Program Files\MySQL\MySQL Shell 8.0\bin;C:\Ruby27-x64\bin;C:\Users\garys\AppData\Local\Microsoft\WindowsApps;C:\Program Files\JetBrains\IntelliJ IDEA Community Edition 2021.1.2\bin;C:\Program Files\JetBrains\PyCharm Community Edition 2021.1.2\bin;C:\Users\garys\AppData\Local\GitHubDesktop\bin;C:\Users\garys\AppData\Roaming\npm;C:\Program Files\heroku\bin;C:\Users\garys\AppData\Local\Programs\Microsoft VS Code\bin;C:\Program Files\Git\usr\bin\vendor_perl;C:\Program Files\Git\usr\bin\core_perl;.]
31-Jan-2022 08:22:14.406 INFO [main] org.apache.coyote.AbstractProtocol.init Initializing ProtocolHandler ["http-nio-8080"]
31-Jan-2022 08:22:14.433 INFO [main] org.apache.catalina.startup.Catalina.load Server initialization in [609] milliseconds
31-Jan-2022 08:22:14.478 INFO [main] org.apache.catalina.core.StandardService.startInternal Starting service [Catalina]
31-Jan-2022 08:22:14.478 INFO [main] org.apache.catalina.core.StandardEngine.startInternal Starting Servlet engine: [Apache Tomcat/9.0.58]
31-Jan-2022 08:22:14.499 INFO [main] org.apache.catalina.startup.HostConfig.deployWAR Deploying web application archive [C:\Users\garys\Documents\workspace-spring-tool-suite-4-4.13.0.RELEASE\apache-tomcat-9.0.58\apache-tomcat-9.0.58\webapps\mobile-app-ws.war]
31-Jan-2022 08:22:20.344 INFO [main] org.apache.jasper.servlet.TldScanner.scanJars At least one JAR was scanned for TLDs yet contained no TLDs. Enable debug logging for this logger for a complete list of JARs that were scanned but no TLDs were found in them. Skipping unneeded JARs during scanning can improve startup time and JSP compilation time.
31-Jan-2022 08:23:07.890 INFO [main] org.apache.catalina.startup.VersionLoggerListener.log Server version name:   Apache Tomcat/9.0.58
31-Jan-2022 08:23:07.893 INFO [main] org.apache.catalina.startup.VersionLoggerListener.log Server built:          Jan 15 2022 14:37:38 UTC
31-Jan-2022 08:23:07.893 INFO [main] org.apache.catalina.startup.VersionLoggerListener.log Server version number: 9.0.58.0
31-Jan-2022 08:23:07.893 INFO [main] org.apache.catalina.startup.VersionLoggerListener.log OS Name:               Windows 10
31-Jan-2022 08:23:07.894 INFO [main] org.apache.catalina.startup.VersionLoggerListener.log OS Version:            10.0
31-Jan-2022 08:23:07.894 INFO [main] org.apache.catalina.startup.VersionLoggerListener.log Architecture:          amd64
31-Jan-2022 08:23:07.894 INFO [main] org.apache.catalina.startup.VersionLoggerListener.log Java Home:             C:\Program Files\Java\jre1.8.0_321
31-Jan-2022 08:23:07.894 INFO [main] org.apache.catalina.startup.VersionLoggerListener.log JVM Version:           1.8.0_321-b07
31-Jan-2022 08:23:07.894 INFO [main] org.apache.catalina.startup.VersionLoggerListener.log JVM Vendor:            Oracle Corporation
31-Jan-2022 08:23:07.894 INFO [main] org.apache.catalina.startup.VersionLoggerListener.log CATALINA_BASE:         C:\Users\garys\Documents\workspace-spring-tool-suite-4-4.13.0.RELEASE\apache-tomcat-9.0.58\apache-tomcat-9.0.58
31-Jan-2022 08:23:07.895 INFO [main] org.apache.catalina.startup.VersionLoggerListener.log CATALINA_HOME:         C:\Users\garys\Documents\workspace-spring-tool-suite-4-4.13.0.RELEASE\apache-tomcat-9.0.58\apache-tomcat-9.0.58
31-Jan-2022 08:23:07.895 INFO [main] org.apache.catalina.startup.VersionLoggerListener.log Command line argument: -Djava.util.logging.config.file=C:\Users\garys\Documents\workspace-spring-tool-suite-4-4.13.0.RELEASE\apache-tomcat-9.0.58\apache-tomcat-9.0.58\conf\logging.properties
31-Jan-2022 08:23:07.895 INFO [main] org.apache.catalina.startup.VersionLoggerListener.log Command line argument: -Djava.util.logging.manager=org.apache.juli.ClassLoaderLogManager
31-Jan-2022 08:23:07.895 INFO [main] org.apache.catalina.startup.VersionLoggerListener.log Command line argument: -Djdk.tls.ephemeralDHKeySize=2048
31-Jan-2022 08:23:07.896 INFO [main] org.apache.catalina.startup.VersionLoggerListener.log Command line argument: -Djava.protocol.handler.pkgs=org.apache.catalina.webresources
31-Jan-2022 08:23:07.896 INFO [main] org.apache.catalina.startup.VersionLoggerListener.log Command line argument: -Dignore.endorsed.dirs=
31-Jan-2022 08:23:07.896 INFO [main] org.apache.catalina.startup.VersionLoggerListener.log Command line argument: -Dcatalina.base=C:\Users\garys\Documents\workspace-spring-tool-suite-4-4.13.0.RELEASE\apache-tomcat-9.0.58\apache-tomcat-9.0.58
31-Jan-2022 08:23:07.897 INFO [main] org.apache.catalina.startup.VersionLoggerListener.log Command line argument: -Dcatalina.home=C:\Users\garys\Documents\workspace-spring-tool-suite-4-4.13.0.RELEASE\apache-tomcat-9.0.58\apache-tomcat-9.0.58
31-Jan-2022 08:23:07.898 INFO [main] org.apache.catalina.startup.VersionLoggerListener.log Command line argument: -Djava.io.tmpdir=C:\Users\garys\Documents\workspace-spring-tool-suite-4-4.13.0.RELEASE\apache-tomcat-9.0.58\apache-tomcat-9.0.58\temp
31-Jan-2022 08:23:07.907 INFO [main] org.apache.catalina.core.AprLifecycleListener.lifecycleEvent The Apache Tomcat Native library which allows using OpenSSL was not found on the java.library.path: [C:\Program Files\Java\jre1.8.0_321\bin;C:\WINDOWS\Sun\Java\bin;C:\WINDOWS\system32;C:\WINDOWS;C:\Users\garys\bin;C:\Program Files\Git\mingw64\bin;C:\Program Files\Git\usr\local\bin;C:\Program Files\Git\usr\bin;C:\Program Files\Git\usr\bin;C:\Program Files\Git\mingw64\bin;C:\Program Files\Git\usr\bin;C:\Users\garys\bin;C:\Program Files\Common Files\Oracle\Java\javapath;C:\Program Files (x86)\VMware\VMware Player\bin;C:\Users\garys\AppData\Local\Programs\Python\Python39\Scripts;C:\Users\garys\AppData\Local\Programs\Python\Python39;C:\Program Files (x86)\Common Files\Oracle\Java\javapath;C:\WINDOWS\system32;C:\WINDOWS;C:\WINDOWS\System32\Wbem;C:\WINDOWS\System32\WindowsPowerShell\v1.0;C:\WINDOWS\System32\OpenSSH;C:\Program Files\NVIDIA Corporation\NVIDIA NvDLISR;C:\Program Files (x86)\NVIDIA Corporation\PhysX\Common;C:\ProgramData\chocolatey\bin;C:\sqlite;C:\Users\garys\.jdks\openjdk-16.0.1\bin;C:\Users\garys\.gradle\wrapper\dists\gradle-7.1.1-bin\f29rtwfnc96ub43tt7p47zsru\gradle-7.1.1\bin;C:\Users\garys\AppData\Roaming\Python\Python39\Scripts;C:\ProgramData\chocolatey\lib\maven\apache-maven-3.8.1\bin;C:\Program Files (x86)\GnuWin32\bin;C:\Program Files\Git LFS;C:\Program Files\nodejs;C:\Program Files (x86)\Filestar;C:\Users\garys\AppData\Roaming\Filestar\aliases;C:\Program Files\Docker\Docker\resources\bin;C:\ProgramData\DockerDesktop\version-bin;C:\Users\garys\Downloads\chromedriver_win32;C:\Program Files\Java\jre1.8.0_311;C:\Program Files\Java\jdk-17.0.1;C:\Program Files\Git\cmd;C:\Program Files\MySQL\MySQL Shell 8.0\bin;C:\Ruby27-x64\bin;C:\Users\garys\AppData\Local\Microsoft\WindowsApps;C:\Program Files\JetBrains\IntelliJ IDEA Community Edition 2021.1.2\bin;C:\Program Files\JetBrains\PyCharm Community Edition 2021.1.2\bin;C:\Users\garys\AppData\Local\GitHubDesktop\bin;C:\Users\garys\AppData\Roaming\npm;C:\Program Files\heroku\bin;C:\Users\garys\AppData\Local\Programs\Microsoft VS Code\bin;C:\Program Files\Git\usr\bin\vendor_perl;C:\Program Files\Git\usr\bin\core_perl;.]
31-Jan-2022 08:23:08.287 INFO [main] org.apache.coyote.AbstractProtocol.init Initializing ProtocolHandler ["http-nio-8080"]
31-Jan-2022 08:23:08.320 INFO [main] org.apache.catalina.startup.Catalina.load Server initialization in [597] milliseconds
31-Jan-2022 08:23:08.358 INFO [main] org.apache.catalina.core.StandardService.startInternal Starting service [Catalina]
31-Jan-2022 08:23:08.359 INFO [main] org.apache.catalina.core.StandardEngine.startInternal Starting Servlet engine: [Apache Tomcat/9.0.58]
31-Jan-2022 08:23:08.378 INFO [main] org.apache.catalina.startup.HostConfig.deployWAR Deploying web application archive [C:\Users\garys\Documents\workspace-spring-tool-suite-4-4.13.0.RELEASE\apache-tomcat-9.0.58\apache-tomcat-9.0.58\webapps\mobile-app-ws.war]
31-Jan-2022 08:23:13.972 INFO [main] org.apache.jasper.servlet.TldScanner.scanJars At least one JAR was scanned for TLDs yet contained no TLDs. Enable debug logging for this logger for a complete list of JARs that were scanned but no TLDs were found in them. Skipping unneeded JARs during scanning can improve startup time and JSP compilation time.
31-Jan-2022 08:23:28.075 INFO [main] org.apache.catalina.startup.HostConfig.deployWAR Deployment of web application archive [C:\Users\garys\Documents\workspace-spring-tool-suite-4-4.13.0.RELEASE\apache-tomcat-9.0.58\apache-tomcat-9.0.58\webapps\mobile-app-ws.war] has finished in [19,696] ms
31-Jan-2022 08:23:28.078 INFO [main] org.apache.catalina.startup.HostConfig.deployWAR Deploying web application archive [C:\Users\garys\Documents\workspace-spring-tool-suite-4-4.13.0.RELEASE\apache-tomcat-9.0.58\apache-tomcat-9.0.58\webapps\verification-service.war]
31-Jan-2022 08:23:28.120 INFO [main] org.apache.catalina.startup.HostConfig.deployWAR Deployment of web application archive [C:\Users\garys\Documents\workspace-spring-tool-suite-4-4.13.0.RELEASE\apache-tomcat-9.0.58\apache-tomcat-9.0.58\webapps\verification-service.war] has finished in [41] ms
31-Jan-2022 08:23:28.121 INFO [main] org.apache.catalina.startup.HostConfig.deployDirectory Deploying web application directory [C:\Users\garys\Documents\workspace-spring-tool-suite-4-4.13.0.RELEASE\apache-tomcat-9.0.58\apache-tomcat-9.0.58\webapps\docs]
31-Jan-2022 08:23:28.150 INFO [main] org.apache.catalina.startup.HostConfig.deployDirectory Deployment of web application directory [C:\Users\garys\Documents\workspace-spring-tool-suite-4-4.13.0.RELEASE\apache-tomcat-9.0.58\apache-tomcat-9.0.58\webapps\docs] has finished in [28] ms
31-Jan-2022 08:23:28.150 INFO [main] org.apache.catalina.startup.HostConfig.deployDirectory Deploying web application directory [C:\Users\garys\Documents\workspace-spring-tool-suite-4-4.13.0.RELEASE\apache-tomcat-9.0.58\apache-tomcat-9.0.58\webapps\examples]
31-Jan-2022 08:23:28.609 INFO [main] org.apache.catalina.startup.HostConfig.deployDirectory Deployment of web application directory [C:\Users\garys\Documents\workspace-spring-tool-suite-4-4.13.0.RELEASE\apache-tomcat-9.0.58\apache-tomcat-9.0.58\webapps\examples] has finished in [459] ms
31-Jan-2022 08:23:28.609 INFO [main] org.apache.catalina.startup.HostConfig.deployDirectory Deploying web application directory [C:\Users\garys\Documents\workspace-spring-tool-suite-4-4.13.0.RELEASE\apache-tomcat-9.0.58\apache-tomcat-9.0.58\webapps\host-manager]
31-Jan-2022 08:23:28.651 INFO [main] org.apache.catalina.startup.HostConfig.deployDirectory Deployment of web application directory [C:\Users\garys\Documents\workspace-spring-tool-suite-4-4.13.0.RELEASE\apache-tomcat-9.0.58\apache-tomcat-9.0.58\webapps\host-manager] has finished in [42] ms
31-Jan-2022 08:23:28.652 INFO [main] org.apache.catalina.startup.HostConfig.deployDirectory Deploying web application directory [C:\Users\garys\Documents\workspace-spring-tool-suite-4-4.13.0.RELEASE\apache-tomcat-9.0.58\apache-tomcat-9.0.58\webapps\manager]
31-Jan-2022 08:23:28.694 INFO [main] org.apache.catalina.startup.HostConfig.deployDirectory Deployment of web application directory [C:\Users\garys\Documents\workspace-spring-tool-suite-4-4.13.0.RELEASE\apache-tomcat-9.0.58\apache-tomcat-9.0.58\webapps\manager] has finished in [42] ms
31-Jan-2022 08:23:28.695 INFO [main] org.apache.catalina.startup.HostConfig.deployDirectory Deploying web application directory [C:\Users\garys\Documents\workspace-spring-tool-suite-4-4.13.0.RELEASE\apache-tomcat-9.0.58\apache-tomcat-9.0.58\webapps\ROOT]
31-Jan-2022 08:23:28.723 INFO [main] org.apache.catalina.startup.HostConfig.deployDirectory Deployment of web application directory [C:\Users\garys\Documents\workspace-spring-tool-suite-4-4.13.0.RELEASE\apache-tomcat-9.0.58\apache-tomcat-9.0.58\webapps\ROOT] has finished in [28] ms
31-Jan-2022 08:23:28.728 INFO [main] org.apache.coyote.AbstractProtocol.start Starting ProtocolHandler ["http-nio-8080"]
31-Jan-2022 08:23:28.754 INFO [main] org.apache.catalina.startup.Catalina.start Server startup in [20433] milliseconds
31-Jan-2022 08:23:29.092 WARNING [http-nio-8080-exec-3] org.apache.catalina.loader.WebappClassLoaderBase.clearReferencesJdbc The web application [mobile-app-ws] registered the JDBC driver [com.mysql.cj.jdbc.Driver] but failed to unregister it when the web application was stopped. To prevent a memory leak, the JDBC Driver has been forcibly unregistered.
31-Jan-2022 08:23:29.097 WARNING [http-nio-8080-exec-3] org.apache.catalina.loader.WebappClassLoaderBase.clearReferencesThreads The web application [mobile-app-ws] appears to have started a thread named [mysql-cj-abandoned-connection-cleanup] but has failed to stop it. This is very likely to create a memory leak. Stack trace of thread:
 java.lang.Object.wait(Native Method)
 java.lang.ref.ReferenceQueue.remove(Unknown Source)
 com.mysql.cj.jdbc.AbandonedConnectionCleanupThread.run(AbandonedConnectionCleanupThread.java:85)
 java.util.concurrent.ThreadPoolExecutor.runWorker(Unknown Source)
 java.util.concurrent.ThreadPoolExecutor$Worker.run(Unknown Source)
 java.lang.Thread.run(Unknown Source)
31-Jan-2022 08:23:29.792 INFO [http-nio-8080-exec-3] org.apache.catalina.startup.HostConfig.undeploy Undeploying context [/mobile-app-ws]
31-Jan-2022 08:23:29.823 INFO [mysql-cj-abandoned-connection-cleanup] org.apache.catalina.loader.WebappClassLoaderBase.checkStateForResourceLoading Illegal access: this web application instance has been stopped already. Could not load []. The following stack trace is thrown for debugging purposes as well as to attempt to terminate the thread which caused the illegal access.
	java.lang.IllegalStateException: Illegal access: this web application instance has been stopped already. Could not load []. The following stack trace is thrown for debugging purposes as well as to attempt to terminate the thread which caused the illegal access.
		at org.apache.catalina.loader.WebappClassLoaderBase.checkStateForResourceLoading(WebappClassLoaderBase.java:1427)
		at org.apache.catalina.loader.WebappClassLoaderBase.getResource(WebappClassLoaderBase.java:1052)
		at com.mysql.cj.jdbc.AbandonedConnectionCleanupThread.checkThreadContextClassLoader(AbandonedConnectionCleanupThread.java:117)
		at com.mysql.cj.jdbc.AbandonedConnectionCleanupThread.run(AbandonedConnectionCleanupThread.java:84)
		at java.util.concurrent.ThreadPoolExecutor.runWorker(Unknown Source)
		at java.util.concurrent.ThreadPoolExecutor$Worker.run(Unknown Source)
		at java.lang.Thread.run(Unknown Source)
31-Jan-2022 08:24:00.686 INFO [http-nio-8080-exec-10] org.apache.catalina.startup.HostConfig.deployWAR Deploying web application archive [C:\Users\garys\Documents\workspace-spring-tool-suite-4-4.13.0.RELEASE\apache-tomcat-9.0.58\apache-tomcat-9.0.58\webapps\mobile-app-ws.war]
31-Jan-2022 08:24:05.990 INFO [http-nio-8080-exec-10] org.apache.jasper.servlet.TldScanner.scanJars At least one JAR was scanned for TLDs yet contained no TLDs. Enable debug logging for this logger for a complete list of JARs that were scanned but no TLDs were found in them. Skipping unneeded JARs during scanning can improve startup time and JSP compilation time.
31-Jan-2022 08:24:16.586 INFO [http-nio-8080-exec-10] org.apache.catalina.startup.HostConfig.deployWAR Deployment of web application archive [C:\Users\garys\Documents\workspace-spring-tool-suite-4-4.13.0.RELEASE\apache-tomcat-9.0.58\apache-tomcat-9.0.58\webapps\mobile-app-ws.war] has finished in [15,899] ms
31-Jan-2022 08:27:36.256 INFO [Thread-204] org.apache.coyote.AbstractProtocol.pause Pausing ProtocolHandler ["http-nio-8080"]
31-Jan-2022 08:27:36.420 INFO [Thread-204] org.apache.catalina.core.StandardService.stopInternal Stopping service [Catalina]
31-Jan-2022 08:27:36.522 WARNING [Thread-204] org.apache.catalina.loader.WebappClassLoaderBase.clearReferencesJdbc The web application [mobile-app-ws] registered the JDBC driver [com.mysql.cj.jdbc.Driver] but failed to unregister it when the web application was stopped. To prevent a memory leak, the JDBC Driver has been forcibly unregistered.
31-Jan-2022 08:27:36.523 WARNING [Thread-204] org.apache.catalina.loader.WebappClassLoaderBase.clearReferencesThreads The web application [mobile-app-ws] appears to have started a thread named [mysql-cj-abandoned-connection-cleanup] but has failed to stop it. This is very likely to create a memory leak. Stack trace of thread:
 java.lang.Object.wait(Native Method)
 java.lang.ref.ReferenceQueue.remove(Unknown Source)
 com.mysql.cj.jdbc.AbandonedConnectionCleanupThread.run(AbandonedConnectionCleanupThread.java:85)
 java.util.concurrent.ThreadPoolExecutor.runWorker(Unknown Source)
 java.util.concurrent.ThreadPoolExecutor$Worker.run(Unknown Source)
 java.lang.Thread.run(Unknown Source)
31-Jan-2022 08:27:36.556 INFO [Thread-204] org.apache.coyote.AbstractProtocol.stop Stopping ProtocolHandler ["http-nio-8080"]
31-Jan-2022 08:27:36.589 INFO [Thread-204] org.apache.coyote.AbstractProtocol.destroy Destroying ProtocolHandler ["http-nio-8080"]
31-Jan-2022 08:41:02.722 INFO [main] org.apache.catalina.startup.VersionLoggerListener.log Server version name:   Apache Tomcat/9.0.58
31-Jan-2022 08:41:02.725 INFO [main] org.apache.catalina.startup.VersionLoggerListener.log Server built:          Jan 15 2022 14:37:38 UTC
31-Jan-2022 08:41:02.725 INFO [main] org.apache.catalina.startup.VersionLoggerListener.log Server version number: 9.0.58.0
31-Jan-2022 08:41:02.726 INFO [main] org.apache.catalina.startup.VersionLoggerListener.log OS Name:               Windows 10
31-Jan-2022 08:41:02.726 INFO [main] org.apache.catalina.startup.VersionLoggerListener.log OS Version:            10.0
31-Jan-2022 08:41:02.726 INFO [main] org.apache.catalina.startup.VersionLoggerListener.log Architecture:          amd64
31-Jan-2022 08:41:02.726 INFO [main] org.apache.catalina.startup.VersionLoggerListener.log Java Home:             C:\Program Files\Java\jre1.8.0_321
31-Jan-2022 08:41:02.726 INFO [main] org.apache.catalina.startup.VersionLoggerListener.log JVM Version:           1.8.0_321-b07
31-Jan-2022 08:41:02.727 INFO [main] org.apache.catalina.startup.VersionLoggerListener.log JVM Vendor:            Oracle Corporation
31-Jan-2022 08:41:02.727 INFO [main] org.apache.catalina.startup.VersionLoggerListener.log CATALINA_BASE:         C:\Users\garys\Documents\workspace-spring-tool-suite-4-4.13.0.RELEASE\apache-tomcat-9.0.58\apache-tomcat-9.0.58
31-Jan-2022 08:41:02.727 INFO [main] org.apache.catalina.startup.VersionLoggerListener.log CATALINA_HOME:         C:\Users\garys\Documents\workspace-spring-tool-suite-4-4.13.0.RELEASE\apache-tomcat-9.0.58\apache-tomcat-9.0.58
31-Jan-2022 08:41:02.728 INFO [main] org.apache.catalina.startup.VersionLoggerListener.log Command line argument: -Djava.util.logging.config.file=C:\Users\garys\Documents\workspace-spring-tool-suite-4-4.13.0.RELEASE\apache-tomcat-9.0.58\apache-tomcat-9.0.58\conf\logging.properties
31-Jan-2022 08:41:02.728 INFO [main] org.apache.catalina.startup.VersionLoggerListener.log Command line argument: -Djava.util.logging.manager=org.apache.juli.ClassLoaderLogManager
31-Jan-2022 08:41:02.728 INFO [main] org.apache.catalina.startup.VersionLoggerListener.log Command line argument: -Djdk.tls.ephemeralDHKeySize=2048
31-Jan-2022 08:41:02.728 INFO [main] org.apache.catalina.startup.VersionLoggerListener.log Command line argument: -Djava.protocol.handler.pkgs=org.apache.catalina.webresources
31-Jan-2022 08:41:02.728 INFO [main] org.apache.catalina.startup.VersionLoggerListener.log Command line argument: -Dignore.endorsed.dirs=
31-Jan-2022 08:41:02.728 INFO [main] org.apache.catalina.startup.VersionLoggerListener.log Command line argument: -Dcatalina.base=C:\Users\garys\Documents\workspace-spring-tool-suite-4-4.13.0.RELEASE\apache-tomcat-9.0.58\apache-tomcat-9.0.58
31-Jan-2022 08:41:02.729 INFO [main] org.apache.catalina.startup.VersionLoggerListener.log Command line argument: -Dcatalina.home=C:\Users\garys\Documents\workspace-spring-tool-suite-4-4.13.0.RELEASE\apache-tomcat-9.0.58\apache-tomcat-9.0.58
31-Jan-2022 08:41:02.729 INFO [main] org.apache.catalina.startup.VersionLoggerListener.log Command line argument: -Djava.io.tmpdir=C:\Users\garys\Documents\workspace-spring-tool-suite-4-4.13.0.RELEASE\apache-tomcat-9.0.58\apache-tomcat-9.0.58\temp
31-Jan-2022 08:41:02.739 INFO [main] org.apache.catalina.core.AprLifecycleListener.lifecycleEvent The Apache Tomcat Native library which allows using OpenSSL was not found on the java.library.path: [C:\Program Files\Java\jre1.8.0_321\bin;C:\WINDOWS\Sun\Java\bin;C:\WINDOWS\system32;C:\WINDOWS;C:\Users\garys\bin;C:\Program Files\Git\mingw64\bin;C:\Program Files\Git\usr\local\bin;C:\Program Files\Git\usr\bin;C:\Program Files\Git\usr\bin;C:\Program Files\Git\mingw64\bin;C:\Program Files\Git\usr\bin;C:\Users\garys\bin;C:\Program Files\Common Files\Oracle\Java\javapath;C:\Program Files (x86)\VMware\VMware Player\bin;C:\Users\garys\AppData\Local\Programs\Python\Python39\Scripts;C:\Users\garys\AppData\Local\Programs\Python\Python39;C:\Program Files (x86)\Common Files\Oracle\Java\javapath;C:\WINDOWS\system32;C:\WINDOWS;C:\WINDOWS\System32\Wbem;C:\WINDOWS\System32\WindowsPowerShell\v1.0;C:\WINDOWS\System32\OpenSSH;C:\Program Files\NVIDIA Corporation\NVIDIA NvDLISR;C:\Program Files (x86)\NVIDIA Corporation\PhysX\Common;C:\ProgramData\chocolatey\bin;C:\sqlite;C:\Users\garys\.jdks\openjdk-16.0.1\bin;C:\Users\garys\.gradle\wrapper\dists\gradle-7.1.1-bin\f29rtwfnc96ub43tt7p47zsru\gradle-7.1.1\bin;C:\Users\garys\AppData\Roaming\Python\Python39\Scripts;C:\ProgramData\chocolatey\lib\maven\apache-maven-3.8.1\bin;C:\Program Files (x86)\GnuWin32\bin;C:\Program Files\Git LFS;C:\Program Files\nodejs;C:\Program Files (x86)\Filestar;C:\Users\garys\AppData\Roaming\Filestar\aliases;C:\Program Files\Docker\Docker\resources\bin;C:\ProgramData\DockerDesktop\version-bin;C:\Users\garys\Downloads\chromedriver_win32;C:\Program Files\Java\jre1.8.0_311;C:\Program Files\Java\jdk-17.0.1;C:\Program Files\Git\cmd;C:\Program Files\MySQL\MySQL Shell 8.0\bin;C:\Ruby27-x64\bin;C:\Users\garys\AppData\Local\Microsoft\WindowsApps;C:\Program Files\JetBrains\IntelliJ IDEA Community Edition 2021.1.2\bin;C:\Program Files\JetBrains\PyCharm Community Edition 2021.1.2\bin;C:\Users\garys\AppData\Local\GitHubDesktop\bin;C:\Users\garys\AppData\Roaming\npm;C:\Program Files\heroku\bin;C:\Users\garys\AppData\Local\Programs\Microsoft VS Code\bin;C:\Program Files\Git\usr\bin\vendor_perl;C:\Program Files\Git\usr\bin\core_perl;.]
31-Jan-2022 08:41:03.113 INFO [main] org.apache.coyote.AbstractProtocol.init Initializing ProtocolHandler ["http-nio-8080"]
31-Jan-2022 08:41:03.141 INFO [main] org.apache.catalina.startup.Catalina.load Server initialization in [594] milliseconds
31-Jan-2022 08:41:03.180 INFO [main] org.apache.catalina.core.StandardService.startInternal Starting service [Catalina]
31-Jan-2022 08:41:03.180 INFO [main] org.apache.catalina.core.StandardEngine.startInternal Starting Servlet engine: [Apache Tomcat/9.0.58]
31-Jan-2022 08:41:03.202 INFO [main] org.apache.catalina.startup.HostConfig.deployWAR Deploying web application archive [C:\Users\garys\Documents\workspace-spring-tool-suite-4-4.13.0.RELEASE\apache-tomcat-9.0.58\apache-tomcat-9.0.58\webapps\mobile-app-ws.war]
31-Jan-2022 08:41:08.862 INFO [main] org.apache.jasper.servlet.TldScanner.scanJars At least one JAR was scanned for TLDs yet contained no TLDs. Enable debug logging for this logger for a complete list of JARs that were scanned but no TLDs were found in them. Skipping unneeded JARs during scanning can improve startup time and JSP compilation time.
31-Jan-2022 08:41:21.499 INFO [main] org.apache.catalina.startup.HostConfig.deployWAR Deployment of web application archive [C:\Users\garys\Documents\workspace-spring-tool-suite-4-4.13.0.RELEASE\apache-tomcat-9.0.58\apache-tomcat-9.0.58\webapps\mobile-app-ws.war] has finished in [18,296] ms
31-Jan-2022 08:41:21.503 INFO [main] org.apache.catalina.startup.HostConfig.deployWAR Deploying web application archive [C:\Users\garys\Documents\workspace-spring-tool-suite-4-4.13.0.RELEASE\apache-tomcat-9.0.58\apache-tomcat-9.0.58\webapps\verification-service.war]
31-Jan-2022 08:41:21.551 INFO [main] org.apache.catalina.startup.HostConfig.deployWAR Deployment of web application archive [C:\Users\garys\Documents\workspace-spring-tool-suite-4-4.13.0.RELEASE\apache-tomcat-9.0.58\apache-tomcat-9.0.58\webapps\verification-service.war] has finished in [48] ms
31-Jan-2022 08:41:21.553 INFO [main] org.apache.catalina.startup.HostConfig.deployDirectory Deploying web application directory [C:\Users\garys\Documents\workspace-spring-tool-suite-4-4.13.0.RELEASE\apache-tomcat-9.0.58\apache-tomcat-9.0.58\webapps\docs]
31-Jan-2022 08:41:21.577 INFO [main] org.apache.catalina.startup.HostConfig.deployDirectory Deployment of web application directory [C:\Users\garys\Documents\workspace-spring-tool-suite-4-4.13.0.RELEASE\apache-tomcat-9.0.58\apache-tomcat-9.0.58\webapps\docs] has finished in [23] ms
31-Jan-2022 08:41:21.577 INFO [main] org.apache.catalina.startup.HostConfig.deployDirectory Deploying web application directory [C:\Users\garys\Documents\workspace-spring-tool-suite-4-4.13.0.RELEASE\apache-tomcat-9.0.58\apache-tomcat-9.0.58\webapps\examples]
31-Jan-2022 08:41:22.010 INFO [main] org.apache.catalina.startup.HostConfig.deployDirectory Deployment of web application directory [C:\Users\garys\Documents\workspace-spring-tool-suite-4-4.13.0.RELEASE\apache-tomcat-9.0.58\apache-tomcat-9.0.58\webapps\examples] has finished in [433] ms
31-Jan-2022 08:41:22.010 INFO [main] org.apache.catalina.startup.HostConfig.deployDirectory Deploying web application directory [C:\Users\garys\Documents\workspace-spring-tool-suite-4-4.13.0.RELEASE\apache-tomcat-9.0.58\apache-tomcat-9.0.58\webapps\host-manager]
31-Jan-2022 08:41:22.056 INFO [main] org.apache.catalina.startup.HostConfig.deployDirectory Deployment of web application directory [C:\Users\garys\Documents\workspace-spring-tool-suite-4-4.13.0.RELEASE\apache-tomcat-9.0.58\apache-tomcat-9.0.58\webapps\host-manager] has finished in [46] ms
31-Jan-2022 08:41:22.057 INFO [main] org.apache.catalina.startup.HostConfig.deployDirectory Deploying web application directory [C:\Users\garys\Documents\workspace-spring-tool-suite-4-4.13.0.RELEASE\apache-tomcat-9.0.58\apache-tomcat-9.0.58\webapps\manager]
31-Jan-2022 08:41:22.104 INFO [main] org.apache.catalina.startup.HostConfig.deployDirectory Deployment of web application directory [C:\Users\garys\Documents\workspace-spring-tool-suite-4-4.13.0.RELEASE\apache-tomcat-9.0.58\apache-tomcat-9.0.58\webapps\manager] has finished in [48] ms
31-Jan-2022 08:41:22.105 INFO [main] org.apache.catalina.startup.HostConfig.deployDirectory Deploying web application directory [C:\Users\garys\Documents\workspace-spring-tool-suite-4-4.13.0.RELEASE\apache-tomcat-9.0.58\apache-tomcat-9.0.58\webapps\ROOT]
31-Jan-2022 08:41:22.133 INFO [main] org.apache.catalina.startup.HostConfig.deployDirectory Deployment of web application directory [C:\Users\garys\Documents\workspace-spring-tool-suite-4-4.13.0.RELEASE\apache-tomcat-9.0.58\apache-tomcat-9.0.58\webapps\ROOT] has finished in [28] ms
31-Jan-2022 08:41:22.139 INFO [main] org.apache.coyote.AbstractProtocol.start Starting ProtocolHandler ["http-nio-8080"]
31-Jan-2022 08:41:22.164 INFO [main] org.apache.catalina.startup.Catalina.start Server startup in [19021] milliseconds
31-Jan-2022 08:41:36.440 WARNING [http-nio-8080-exec-8] org.apache.catalina.loader.WebappClassLoaderBase.clearReferencesJdbc The web application [mobile-app-ws] registered the JDBC driver [com.mysql.cj.jdbc.Driver] but failed to unregister it when the web application was stopped. To prevent a memory leak, the JDBC Driver has been forcibly unregistered.
31-Jan-2022 08:41:36.442 WARNING [http-nio-8080-exec-8] org.apache.catalina.loader.WebappClassLoaderBase.clearReferencesThreads The web application [mobile-app-ws] appears to have started a thread named [mysql-cj-abandoned-connection-cleanup] but has failed to stop it. This is very likely to create a memory leak. Stack trace of thread:
 java.lang.Object.wait(Native Method)
 java.lang.ref.ReferenceQueue.remove(Unknown Source)
 com.mysql.cj.jdbc.AbandonedConnectionCleanupThread.run(AbandonedConnectionCleanupThread.java:85)
 java.util.concurrent.ThreadPoolExecutor.runWorker(Unknown Source)
 java.util.concurrent.ThreadPoolExecutor$Worker.run(Unknown Source)
 java.lang.Thread.run(Unknown Source)
31-Jan-2022 08:41:37.064 INFO [http-nio-8080-exec-8] org.apache.catalina.startup.HostConfig.undeploy Undeploying context [/mobile-app-ws]
31-Jan-2022 08:41:38.832 INFO [mysql-cj-abandoned-connection-cleanup] org.apache.catalina.loader.WebappClassLoaderBase.checkStateForResourceLoading Illegal access: this web application instance has been stopped already. Could not load []. The following stack trace is thrown for debugging purposes as well as to attempt to terminate the thread which caused the illegal access.
	java.lang.IllegalStateException: Illegal access: this web application instance has been stopped already. Could not load []. The following stack trace is thrown for debugging purposes as well as to attempt to terminate the thread which caused the illegal access.
		at org.apache.catalina.loader.WebappClassLoaderBase.checkStateForResourceLoading(WebappClassLoaderBase.java:1427)
		at org.apache.catalina.loader.WebappClassLoaderBase.getResource(WebappClassLoaderBase.java:1052)
		at com.mysql.cj.jdbc.AbandonedConnectionCleanupThread.checkThreadContextClassLoader(AbandonedConnectionCleanupThread.java:117)
		at com.mysql.cj.jdbc.AbandonedConnectionCleanupThread.run(AbandonedConnectionCleanupThread.java:84)
		at java.util.concurrent.ThreadPoolExecutor.runWorker(Unknown Source)
		at java.util.concurrent.ThreadPoolExecutor$Worker.run(Unknown Source)
		at java.lang.Thread.run(Unknown Source)
31-Jan-2022 08:41:49.807 INFO [http-nio-8080-exec-9] org.apache.catalina.startup.HostConfig.deployWAR Deploying web application archive [C:\Users\garys\Documents\workspace-spring-tool-suite-4-4.13.0.RELEASE\apache-tomcat-9.0.58\apache-tomcat-9.0.58\webapps\mobile-app-ws.war]
31-Jan-2022 08:41:54.931 INFO [http-nio-8080-exec-9] org.apache.jasper.servlet.TldScanner.scanJars At least one JAR was scanned for TLDs yet contained no TLDs. Enable debug logging for this logger for a complete list of JARs that were scanned but no TLDs were found in them. Skipping unneeded JARs during scanning can improve startup time and JSP compilation time.
31-Jan-2022 08:42:06.822 INFO [http-nio-8080-exec-9] org.apache.catalina.startup.HostConfig.deployWAR Deployment of web application archive [C:\Users\garys\Documents\workspace-spring-tool-suite-4-4.13.0.RELEASE\apache-tomcat-9.0.58\apache-tomcat-9.0.58\webapps\mobile-app-ws.war] has finished in [17,016] ms
31-Jan-2022 08:43:15.708 INFO [Thread-204] org.apache.coyote.AbstractProtocol.pause Pausing ProtocolHandler ["http-nio-8080"]
31-Jan-2022 08:43:15.856 INFO [Thread-204] org.apache.catalina.core.StandardService.stopInternal Stopping service [Catalina]
31-Jan-2022 08:43:15.930 WARNING [Thread-204] org.apache.catalina.loader.WebappClassLoaderBase.clearReferencesJdbc The web application [mobile-app-ws] registered the JDBC driver [com.mysql.cj.jdbc.Driver] but failed to unregister it when the web application was stopped. To prevent a memory leak, the JDBC Driver has been forcibly unregistered.
31-Jan-2022 08:43:15.931 WARNING [Thread-204] org.apache.catalina.loader.WebappClassLoaderBase.clearReferencesThreads The web application [mobile-app-ws] appears to have started a thread named [mysql-cj-abandoned-connection-cleanup] but has failed to stop it. This is very likely to create a memory leak. Stack trace of thread:
 java.lang.Object.wait(Native Method)
 java.lang.ref.ReferenceQueue.remove(Unknown Source)
 com.mysql.cj.jdbc.AbandonedConnectionCleanupThread.run(AbandonedConnectionCleanupThread.java:85)
 java.util.concurrent.ThreadPoolExecutor.runWorker(Unknown Source)
 java.util.concurrent.ThreadPoolExecutor$Worker.run(Unknown Source)
 java.lang.Thread.run(Unknown Source)
31-Jan-2022 08:43:15.963 INFO [Thread-204] org.apache.coyote.AbstractProtocol.stop Stopping ProtocolHandler ["http-nio-8080"]
31-Jan-2022 08:43:15.971 INFO [Thread-204] org.apache.coyote.AbstractProtocol.destroy Destroying ProtocolHandler ["http-nio-8080"]
31-Jan-2022 10:43:39.463 INFO [main] org.apache.catalina.startup.VersionLoggerListener.log Server version name:   Apache Tomcat/9.0.58
31-Jan-2022 10:43:39.467 INFO [main] org.apache.catalina.startup.VersionLoggerListener.log Server built:          Jan 15 2022 14:37:38 UTC
31-Jan-2022 10:43:39.467 INFO [main] org.apache.catalina.startup.VersionLoggerListener.log Server version number: 9.0.58.0
31-Jan-2022 10:43:39.467 INFO [main] org.apache.catalina.startup.VersionLoggerListener.log OS Name:               Windows 10
31-Jan-2022 10:43:39.467 INFO [main] org.apache.catalina.startup.VersionLoggerListener.log OS Version:            10.0
31-Jan-2022 10:43:39.468 INFO [main] org.apache.catalina.startup.VersionLoggerListener.log Architecture:          amd64
31-Jan-2022 10:43:39.468 INFO [main] org.apache.catalina.startup.VersionLoggerListener.log Java Home:             C:\Program Files\Java\jre1.8.0_321
31-Jan-2022 10:43:39.468 INFO [main] org.apache.catalina.startup.VersionLoggerListener.log JVM Version:           1.8.0_321-b07
31-Jan-2022 10:43:39.468 INFO [main] org.apache.catalina.startup.VersionLoggerListener.log JVM Vendor:            Oracle Corporation
31-Jan-2022 10:43:39.468 INFO [main] org.apache.catalina.startup.VersionLoggerListener.log CATALINA_BASE:         C:\Users\garys\Documents\workspace-spring-tool-suite-4-4.13.0.RELEASE\apache-tomcat-9.0.58\apache-tomcat-9.0.58
31-Jan-2022 10:43:39.469 INFO [main] org.apache.catalina.startup.VersionLoggerListener.log CATALINA_HOME:         C:\Users\garys\Documents\workspace-spring-tool-suite-4-4.13.0.RELEASE\apache-tomcat-9.0.58\apache-tomcat-9.0.58
31-Jan-2022 10:43:39.469 INFO [main] org.apache.catalina.startup.VersionLoggerListener.log Command line argument: -Djava.util.logging.config.file=C:\Users\garys\Documents\workspace-spring-tool-suite-4-4.13.0.RELEASE\apache-tomcat-9.0.58\apache-tomcat-9.0.58\conf\logging.properties
31-Jan-2022 10:43:39.470 INFO [main] org.apache.catalina.startup.VersionLoggerListener.log Command line argument: -Djava.util.logging.manager=org.apache.juli.ClassLoaderLogManager
31-Jan-2022 10:43:39.470 INFO [main] org.apache.catalina.startup.VersionLoggerListener.log Command line argument: -Djdk.tls.ephemeralDHKeySize=2048
31-Jan-2022 10:43:39.470 INFO [main] org.apache.catalina.startup.VersionLoggerListener.log Command line argument: -Djava.protocol.handler.pkgs=org.apache.catalina.webresources
31-Jan-2022 10:43:39.470 INFO [main] org.apache.catalina.startup.VersionLoggerListener.log Command line argument: -Dignore.endorsed.dirs=
31-Jan-2022 10:43:39.470 INFO [main] org.apache.catalina.startup.VersionLoggerListener.log Command line argument: -Dcatalina.base=C:\Users\garys\Documents\workspace-spring-tool-suite-4-4.13.0.RELEASE\apache-tomcat-9.0.58\apache-tomcat-9.0.58
31-Jan-2022 10:43:39.474 INFO [main] org.apache.catalina.startup.VersionLoggerListener.log Command line argument: -Dcatalina.home=C:\Users\garys\Documents\workspace-spring-tool-suite-4-4.13.0.RELEASE\apache-tomcat-9.0.58\apache-tomcat-9.0.58
31-Jan-2022 10:43:39.475 INFO [main] org.apache.catalina.startup.VersionLoggerListener.log Command line argument: -Djava.io.tmpdir=C:\Users\garys\Documents\workspace-spring-tool-suite-4-4.13.0.RELEASE\apache-tomcat-9.0.58\apache-tomcat-9.0.58\temp
31-Jan-2022 10:43:39.511 INFO [main] org.apache.catalina.core.AprLifecycleListener.lifecycleEvent The Apache Tomcat Native library which allows using OpenSSL was not found on the java.library.path: [C:\Program Files\Java\jre1.8.0_321\bin;C:\WINDOWS\Sun\Java\bin;C:\WINDOWS\system32;C:\WINDOWS;C:\Users\garys\bin;C:\Program Files\Git\mingw64\bin;C:\Program Files\Git\usr\local\bin;C:\Program Files\Git\usr\bin;C:\Program Files\Git\usr\bin;C:\Program Files\Git\mingw64\bin;C:\Program Files\Git\usr\bin;C:\Users\garys\bin;C:\Program Files\Common Files\Oracle\Java\javapath;C:\Program Files (x86)\VMware\VMware Player\bin;C:\Users\garys\AppData\Local\Programs\Python\Python39\Scripts;C:\Users\garys\AppData\Local\Programs\Python\Python39;C:\Program Files (x86)\Common Files\Oracle\Java\javapath;C:\WINDOWS\system32;C:\WINDOWS;C:\WINDOWS\System32\Wbem;C:\WINDOWS\System32\WindowsPowerShell\v1.0;C:\WINDOWS\System32\OpenSSH;C:\Program Files\NVIDIA Corporation\NVIDIA NvDLISR;C:\Program Files (x86)\NVIDIA Corporation\PhysX\Common;C:\ProgramData\chocolatey\bin;C:\sqlite;C:\Users\garys\.jdks\openjdk-16.0.1\bin;C:\Users\garys\.gradle\wrapper\dists\gradle-7.1.1-bin\f29rtwfnc96ub43tt7p47zsru\gradle-7.1.1\bin;C:\Users\garys\AppData\Roaming\Python\Python39\Scripts;C:\ProgramData\chocolatey\lib\maven\apache-maven-3.8.1\bin;C:\Program Files (x86)\GnuWin32\bin;C:\Program Files\Git LFS;C:\Program Files\nodejs;C:\Program Files (x86)\Filestar;C:\Users\garys\AppData\Roaming\Filestar\aliases;C:\Program Files\Docker\Docker\resources\bin;C:\ProgramData\DockerDesktop\version-bin;C:\Users\garys\Downloads\chromedriver_win32;C:\Program Files\Java\jre1.8.0_311;C:\Program Files\Java\jdk-17.0.1;C:\Program Files\Git\cmd;C:\Program Files\MySQL\MySQL Shell 8.0\bin;C:\Ruby27-x64\bin;C:\Users\garys\AppData\Local\Microsoft\WindowsApps;C:\Program Files\JetBrains\IntelliJ IDEA Community Edition 2021.1.2\bin;C:\Program Files\JetBrains\PyCharm Community Edition 2021.1.2\bin;C:\Users\garys\AppData\Local\GitHubDesktop\bin;C:\Program Files (x86)\GnuWin32\bin;C:\Users\garys\AppData\Roaming\npm;C:\Program Files\heroku\bin;C:\Users\garys\AppData\Local\Programs\Microsoft VS Code\bin;C:\Program Files\Git\usr\bin\vendor_perl;C:\Program Files\Git\usr\bin\core_perl;.]
31-Jan-2022 10:43:39.888 INFO [main] org.apache.coyote.AbstractProtocol.init Initializing ProtocolHandler ["http-nio-8080"]
31-Jan-2022 10:43:39.915 INFO [main] org.apache.catalina.startup.Catalina.load Server initialization in [665] milliseconds
31-Jan-2022 10:43:39.953 INFO [main] org.apache.catalina.core.StandardService.startInternal Starting service [Catalina]
31-Jan-2022 10:43:39.953 INFO [main] org.apache.catalina.core.StandardEngine.startInternal Starting Servlet engine: [Apache Tomcat/9.0.58]
31-Jan-2022 10:43:39.978 INFO [main] org.apache.catalina.startup.HostConfig.deployWAR Deploying web application archive [C:\Users\garys\Documents\workspace-spring-tool-suite-4-4.13.0.RELEASE\apache-tomcat-9.0.58\apache-tomcat-9.0.58\webapps\mobile-app-ws.war]
31-Jan-2022 10:43:46.193 INFO [main] org.apache.jasper.servlet.TldScanner.scanJars At least one JAR was scanned for TLDs yet contained no TLDs. Enable debug logging for this logger for a complete list of JARs that were scanned but no TLDs were found in them. Skipping unneeded JARs during scanning can improve startup time and JSP compilation time.
31-Jan-2022 10:43:58.689 INFO [main] org.apache.catalina.startup.HostConfig.deployWAR Deployment of web application archive [C:\Users\garys\Documents\workspace-spring-tool-suite-4-4.13.0.RELEASE\apache-tomcat-9.0.58\apache-tomcat-9.0.58\webapps\mobile-app-ws.war] has finished in [18,711] ms
31-Jan-2022 10:43:58.694 INFO [main] org.apache.catalina.startup.HostConfig.deployWAR Deploying web application archive [C:\Users\garys\Documents\workspace-spring-tool-suite-4-4.13.0.RELEASE\apache-tomcat-9.0.58\apache-tomcat-9.0.58\webapps\verification-service.war]
31-Jan-2022 10:43:58.737 INFO [main] org.apache.catalina.startup.HostConfig.deployWAR Deployment of web application archive [C:\Users\garys\Documents\workspace-spring-tool-suite-4-4.13.0.RELEASE\apache-tomcat-9.0.58\apache-tomcat-9.0.58\webapps\verification-service.war] has finished in [43] ms
31-Jan-2022 10:43:58.738 INFO [main] org.apache.catalina.startup.HostConfig.deployDirectory Deploying web application directory [C:\Users\garys\Documents\workspace-spring-tool-suite-4-4.13.0.RELEASE\apache-tomcat-9.0.58\apache-tomcat-9.0.58\webapps\docs]
31-Jan-2022 10:43:58.771 INFO [main] org.apache.catalina.startup.HostConfig.deployDirectory Deployment of web application directory [C:\Users\garys\Documents\workspace-spring-tool-suite-4-4.13.0.RELEASE\apache-tomcat-9.0.58\apache-tomcat-9.0.58\webapps\docs] has finished in [33] ms
31-Jan-2022 10:43:58.771 INFO [main] org.apache.catalina.startup.HostConfig.deployDirectory Deploying web application directory [C:\Users\garys\Documents\workspace-spring-tool-suite-4-4.13.0.RELEASE\apache-tomcat-9.0.58\apache-tomcat-9.0.58\webapps\examples]
31-Jan-2022 10:43:59.338 INFO [main] org.apache.catalina.startup.HostConfig.deployDirectory Deployment of web application directory [C:\Users\garys\Documents\workspace-spring-tool-suite-4-4.13.0.RELEASE\apache-tomcat-9.0.58\apache-tomcat-9.0.58\webapps\examples] has finished in [567] ms
31-Jan-2022 10:43:59.338 INFO [main] org.apache.catalina.startup.HostConfig.deployDirectory Deploying web application directory [C:\Users\garys\Documents\workspace-spring-tool-suite-4-4.13.0.RELEASE\apache-tomcat-9.0.58\apache-tomcat-9.0.58\webapps\host-manager]
31-Jan-2022 10:43:59.394 INFO [main] org.apache.catalina.startup.HostConfig.deployDirectory Deployment of web application directory [C:\Users\garys\Documents\workspace-spring-tool-suite-4-4.13.0.RELEASE\apache-tomcat-9.0.58\apache-tomcat-9.0.58\webapps\host-manager] has finished in [56] ms
31-Jan-2022 10:43:59.395 INFO [main] org.apache.catalina.startup.HostConfig.deployDirectory Deploying web application directory [C:\Users\garys\Documents\workspace-spring-tool-suite-4-4.13.0.RELEASE\apache-tomcat-9.0.58\apache-tomcat-9.0.58\webapps\manager]
31-Jan-2022 10:43:59.465 INFO [main] org.apache.catalina.startup.HostConfig.deployDirectory Deployment of web application directory [C:\Users\garys\Documents\workspace-spring-tool-suite-4-4.13.0.RELEASE\apache-tomcat-9.0.58\apache-tomcat-9.0.58\webapps\manager] has finished in [70] ms
31-Jan-2022 10:43:59.466 INFO [main] org.apache.catalina.startup.HostConfig.deployDirectory Deploying web application directory [C:\Users\garys\Documents\workspace-spring-tool-suite-4-4.13.0.RELEASE\apache-tomcat-9.0.58\apache-tomcat-9.0.58\webapps\ROOT]
31-Jan-2022 10:43:59.503 INFO [main] org.apache.catalina.startup.HostConfig.deployDirectory Deployment of web application directory [C:\Users\garys\Documents\workspace-spring-tool-suite-4-4.13.0.RELEASE\apache-tomcat-9.0.58\apache-tomcat-9.0.58\webapps\ROOT] has finished in [37] ms
31-Jan-2022 10:43:59.509 INFO [main] org.apache.coyote.AbstractProtocol.start Starting ProtocolHandler ["http-nio-8080"]
31-Jan-2022 10:43:59.542 INFO [main] org.apache.catalina.startup.Catalina.start Server startup in [19627] milliseconds
31-Jan-2022 10:44:05.468 WARNING [http-nio-8080-exec-3] org.apache.catalina.loader.WebappClassLoaderBase.clearReferencesJdbc The web application [mobile-app-ws] registered the JDBC driver [com.mysql.cj.jdbc.Driver] but failed to unregister it when the web application was stopped. To prevent a memory leak, the JDBC Driver has been forcibly unregistered.
31-Jan-2022 10:44:05.469 WARNING [http-nio-8080-exec-3] org.apache.catalina.loader.WebappClassLoaderBase.clearReferencesThreads The web application [mobile-app-ws] appears to have started a thread named [mysql-cj-abandoned-connection-cleanup] but has failed to stop it. This is very likely to create a memory leak. Stack trace of thread:
 java.lang.Object.wait(Native Method)
 java.lang.ref.ReferenceQueue.remove(Unknown Source)
 com.mysql.cj.jdbc.AbandonedConnectionCleanupThread.run(AbandonedConnectionCleanupThread.java:85)
 java.util.concurrent.ThreadPoolExecutor.runWorker(Unknown Source)
 java.util.concurrent.ThreadPoolExecutor$Worker.run(Unknown Source)
 java.lang.Thread.run(Unknown Source)
31-Jan-2022 10:44:06.117 INFO [http-nio-8080-exec-3] org.apache.catalina.startup.HostConfig.undeploy Undeploying context [/mobile-app-ws]
31-Jan-2022 10:44:06.476 INFO [mysql-cj-abandoned-connection-cleanup] org.apache.catalina.loader.WebappClassLoaderBase.checkStateForResourceLoading Illegal access: this web application instance has been stopped already. Could not load []. The following stack trace is thrown for debugging purposes as well as to attempt to terminate the thread which caused the illegal access.
	java.lang.IllegalStateException: Illegal access: this web application instance has been stopped already. Could not load []. The following stack trace is thrown for debugging purposes as well as to attempt to terminate the thread which caused the illegal access.
		at org.apache.catalina.loader.WebappClassLoaderBase.checkStateForResourceLoading(WebappClassLoaderBase.java:1427)
		at org.apache.catalina.loader.WebappClassLoaderBase.getResource(WebappClassLoaderBase.java:1052)
		at com.mysql.cj.jdbc.AbandonedConnectionCleanupThread.checkThreadContextClassLoader(AbandonedConnectionCleanupThread.java:117)
		at com.mysql.cj.jdbc.AbandonedConnectionCleanupThread.run(AbandonedConnectionCleanupThread.java:84)
		at java.util.concurrent.ThreadPoolExecutor.runWorker(Unknown Source)
		at java.util.concurrent.ThreadPoolExecutor$Worker.run(Unknown Source)
		at java.lang.Thread.run(Unknown Source)
31-Jan-2022 10:44:24.035 INFO [http-nio-8080-exec-12] org.apache.catalina.util.LifecycleBase.stop The stop() method was called on component [StandardEngine[Catalina].StandardHost[localhost].StandardContext[/verification-service]] after stop() had already been called. The second call will be ignored.
31-Jan-2022 10:44:24.554 INFO [http-nio-8080-exec-12] org.apache.catalina.startup.HostConfig.undeploy Undeploying context [/verification-service]
31-Jan-2022 10:44:35.446 INFO [http-nio-8080-exec-13] org.apache.catalina.startup.HostConfig.deployWAR Deploying web application archive [C:\Users\garys\Documents\workspace-spring-tool-suite-4-4.13.0.RELEASE\apache-tomcat-9.0.58\apache-tomcat-9.0.58\webapps\verification-service.war]
31-Jan-2022 10:44:35.500 INFO [http-nio-8080-exec-13] org.apache.catalina.startup.HostConfig.deployWAR Deployment of web application archive [C:\Users\garys\Documents\workspace-spring-tool-suite-4-4.13.0.RELEASE\apache-tomcat-9.0.58\apache-tomcat-9.0.58\webapps\verification-service.war] has finished in [54] ms
31-Jan-2022 10:44:43.979 INFO [http-nio-8080-exec-3] org.apache.catalina.startup.HostConfig.deployWAR Deploying web application archive [C:\Users\garys\Documents\workspace-spring-tool-suite-4-4.13.0.RELEASE\apache-tomcat-9.0.58\apache-tomcat-9.0.58\webapps\mobile-app-ws.war]
31-Jan-2022 10:44:49.846 INFO [http-nio-8080-exec-3] org.apache.jasper.servlet.TldScanner.scanJars At least one JAR was scanned for TLDs yet contained no TLDs. Enable debug logging for this logger for a complete list of JARs that were scanned but no TLDs were found in them. Skipping unneeded JARs during scanning can improve startup time and JSP compilation time.
31-Jan-2022 10:45:00.580 INFO [http-nio-8080-exec-3] org.apache.catalina.startup.HostConfig.deployWAR Deployment of web application archive [C:\Users\garys\Documents\workspace-spring-tool-suite-4-4.13.0.RELEASE\apache-tomcat-9.0.58\apache-tomcat-9.0.58\webapps\mobile-app-ws.war] has finished in [16,600] ms
31-Jan-2022 12:03:31.100 INFO [Thread-204] org.apache.coyote.AbstractProtocol.pause Pausing ProtocolHandler ["http-nio-8080"]
31-Jan-2022 12:03:31.262 INFO [Thread-204] org.apache.catalina.core.StandardService.stopInternal Stopping service [Catalina]
31-Jan-2022 12:03:31.470 WARNING [Thread-204] org.apache.catalina.loader.WebappClassLoaderBase.clearReferencesJdbc The web application [mobile-app-ws] registered the JDBC driver [com.mysql.cj.jdbc.Driver] but failed to unregister it when the web application was stopped. To prevent a memory leak, the JDBC Driver has been forcibly unregistered.
31-Jan-2022 12:03:31.471 WARNING [Thread-204] org.apache.catalina.loader.WebappClassLoaderBase.clearReferencesThreads The web application [mobile-app-ws] appears to have started a thread named [mysql-cj-abandoned-connection-cleanup] but has failed to stop it. This is very likely to create a memory leak. Stack trace of thread:
 java.lang.Object.wait(Native Method)
 java.lang.ref.ReferenceQueue.remove(Unknown Source)
 com.mysql.cj.jdbc.AbandonedConnectionCleanupThread.run(AbandonedConnectionCleanupThread.java:85)
 java.util.concurrent.ThreadPoolExecutor.runWorker(Unknown Source)
 java.util.concurrent.ThreadPoolExecutor$Worker.run(Unknown Source)
 java.lang.Thread.run(Unknown Source)
31-Jan-2022 12:03:31.524 INFO [Thread-204] org.apache.coyote.AbstractProtocol.stop Stopping ProtocolHandler ["http-nio-8080"]
31-Jan-2022 12:03:31.553 INFO [Thread-204] org.apache.coyote.AbstractProtocol.destroy Destroying ProtocolHandler ["http-nio-8080"]
31-Jan-2022 12:03:43.460 INFO [main] org.apache.catalina.startup.VersionLoggerListener.log Server version name:   Apache Tomcat/9.0.58
31-Jan-2022 12:03:43.465 INFO [main] org.apache.catalina.startup.VersionLoggerListener.log Server built:          Jan 15 2022 14:37:38 UTC
31-Jan-2022 12:03:43.466 INFO [main] org.apache.catalina.startup.VersionLoggerListener.log Server version number: 9.0.58.0
31-Jan-2022 12:03:43.466 INFO [main] org.apache.catalina.startup.VersionLoggerListener.log OS Name:               Windows 10
31-Jan-2022 12:03:43.466 INFO [main] org.apache.catalina.startup.VersionLoggerListener.log OS Version:            10.0
31-Jan-2022 12:03:43.467 INFO [main] org.apache.catalina.startup.VersionLoggerListener.log Architecture:          amd64
31-Jan-2022 12:03:43.467 INFO [main] org.apache.catalina.startup.VersionLoggerListener.log Java Home:             C:\Program Files\Java\jre1.8.0_321
31-Jan-2022 12:03:43.467 INFO [main] org.apache.catalina.startup.VersionLoggerListener.log JVM Version:           1.8.0_321-b07
31-Jan-2022 12:03:43.467 INFO [main] org.apache.catalina.startup.VersionLoggerListener.log JVM Vendor:            Oracle Corporation
31-Jan-2022 12:03:43.468 INFO [main] org.apache.catalina.startup.VersionLoggerListener.log CATALINA_BASE:         C:\Users\garys\Documents\workspace-spring-tool-suite-4-4.13.0.RELEASE\apache-tomcat-9.0.58\apache-tomcat-9.0.58
31-Jan-2022 12:03:43.468 INFO [main] org.apache.catalina.startup.VersionLoggerListener.log CATALINA_HOME:         C:\Users\garys\Documents\workspace-spring-tool-suite-4-4.13.0.RELEASE\apache-tomcat-9.0.58\apache-tomcat-9.0.58
31-Jan-2022 12:03:43.471 INFO [main] org.apache.catalina.startup.VersionLoggerListener.log Command line argument: -Djava.util.logging.config.file=C:\Users\garys\Documents\workspace-spring-tool-suite-4-4.13.0.RELEASE\apache-tomcat-9.0.58\apache-tomcat-9.0.58\conf\logging.properties
31-Jan-2022 12:03:43.471 INFO [main] org.apache.catalina.startup.VersionLoggerListener.log Command line argument: -Djava.util.logging.manager=org.apache.juli.ClassLoaderLogManager
31-Jan-2022 12:03:43.472 INFO [main] org.apache.catalina.startup.VersionLoggerListener.log Command line argument: -Djdk.tls.ephemeralDHKeySize=2048
31-Jan-2022 12:03:43.472 INFO [main] org.apache.catalina.startup.VersionLoggerListener.log Command line argument: -Djava.protocol.handler.pkgs=org.apache.catalina.webresources
31-Jan-2022 12:03:43.472 INFO [main] org.apache.catalina.startup.VersionLoggerListener.log Command line argument: -Dignore.endorsed.dirs=
31-Jan-2022 12:03:43.472 INFO [main] org.apache.catalina.startup.VersionLoggerListener.log Command line argument: -Dcatalina.base=C:\Users\garys\Documents\workspace-spring-tool-suite-4-4.13.0.RELEASE\apache-tomcat-9.0.58\apache-tomcat-9.0.58
31-Jan-2022 12:03:43.476 INFO [main] org.apache.catalina.startup.VersionLoggerListener.log Command line argument: -Dcatalina.home=C:\Users\garys\Documents\workspace-spring-tool-suite-4-4.13.0.RELEASE\apache-tomcat-9.0.58\apache-tomcat-9.0.58
31-Jan-2022 12:03:43.477 INFO [main] org.apache.catalina.startup.VersionLoggerListener.log Command line argument: -Djava.io.tmpdir=C:\Users\garys\Documents\workspace-spring-tool-suite-4-4.13.0.RELEASE\apache-tomcat-9.0.58\apache-tomcat-9.0.58\temp
31-Jan-2022 12:03:43.490 INFO [main] org.apache.catalina.core.AprLifecycleListener.lifecycleEvent The Apache Tomcat Native library which allows using OpenSSL was not found on the java.library.path: [C:\Program Files\Java\jre1.8.0_321\bin;C:\WINDOWS\Sun\Java\bin;C:\WINDOWS\system32;C:\WINDOWS;C:\Users\garys\bin;C:\Program Files\Git\mingw64\bin;C:\Program Files\Git\usr\local\bin;C:\Program Files\Git\usr\bin;C:\Program Files\Git\usr\bin;C:\Program Files\Git\mingw64\bin;C:\Program Files\Git\usr\bin;C:\Users\garys\bin;C:\Program Files\Common Files\Oracle\Java\javapath;C:\Program Files (x86)\VMware\VMware Player\bin;C:\Users\garys\AppData\Local\Programs\Python\Python39\Scripts;C:\Users\garys\AppData\Local\Programs\Python\Python39;C:\Program Files (x86)\Common Files\Oracle\Java\javapath;C:\WINDOWS\system32;C:\WINDOWS;C:\WINDOWS\System32\Wbem;C:\WINDOWS\System32\WindowsPowerShell\v1.0;C:\WINDOWS\System32\OpenSSH;C:\Program Files\NVIDIA Corporation\NVIDIA NvDLISR;C:\Program Files (x86)\NVIDIA Corporation\PhysX\Common;C:\ProgramData\chocolatey\bin;C:\sqlite;C:\Users\garys\.jdks\openjdk-16.0.1\bin;C:\Users\garys\.gradle\wrapper\dists\gradle-7.1.1-bin\f29rtwfnc96ub43tt7p47zsru\gradle-7.1.1\bin;C:\Users\garys\AppData\Roaming\Python\Python39\Scripts;C:\ProgramData\chocolatey\lib\maven\apache-maven-3.8.1\bin;C:\Program Files (x86)\GnuWin32\bin;C:\Program Files\Git LFS;C:\Program Files\nodejs;C:\Program Files (x86)\Filestar;C:\Users\garys\AppData\Roaming\Filestar\aliases;C:\Program Files\Docker\Docker\resources\bin;C:\ProgramData\DockerDesktop\version-bin;C:\Users\garys\Downloads\chromedriver_win32;C:\Program Files\Java\jre1.8.0_311;C:\Program Files\Java\jdk-17.0.1;C:\Program Files\Git\cmd;C:\Program Files\MySQL\MySQL Shell 8.0\bin;C:\Ruby27-x64\bin;C:\Users\garys\AppData\Local\Microsoft\WindowsApps;C:\Program Files\JetBrains\IntelliJ IDEA Community Edition 2021.1.2\bin;C:\Program Files\JetBrains\PyCharm Community Edition 2021.1.2\bin;C:\Users\garys\AppData\Local\GitHubDesktop\bin;C:\Program Files (x86)\GnuWin32\bin;C:\Users\garys\AppData\Roaming\npm;C:\Program Files\heroku\bin;C:\Users\garys\AppData\Local\Programs\Microsoft VS Code\bin;C:\Program Files\Git\usr\bin\vendor_perl;C:\Program Files\Git\usr\bin\core_perl;.]
31-Jan-2022 12:03:43.997 INFO [main] org.apache.coyote.AbstractProtocol.init Initializing ProtocolHandler ["http-nio-8080"]
31-Jan-2022 12:03:44.033 INFO [main] org.apache.catalina.startup.Catalina.load Server initialization in [825] milliseconds
31-Jan-2022 12:03:44.086 INFO [main] org.apache.catalina.core.StandardService.startInternal Starting service [Catalina]
31-Jan-2022 12:03:44.087 INFO [main] org.apache.catalina.core.StandardEngine.startInternal Starting Servlet engine: [Apache Tomcat/9.0.58]
31-Jan-2022 12:03:44.109 INFO [main] org.apache.catalina.startup.HostConfig.deployWAR Deploying web application archive [C:\Users\garys\Documents\workspace-spring-tool-suite-4-4.13.0.RELEASE\apache-tomcat-9.0.58\apache-tomcat-9.0.58\webapps\mobile-app-ws.war]
31-Jan-2022 12:03:49.967 INFO [main] org.apache.jasper.servlet.TldScanner.scanJars At least one JAR was scanned for TLDs yet contained no TLDs. Enable debug logging for this logger for a complete list of JARs that were scanned but no TLDs were found in them. Skipping unneeded JARs during scanning can improve startup time and JSP compilation time.
31-Jan-2022 12:04:01.457 INFO [main] org.apache.catalina.startup.HostConfig.deployWAR Deployment of web application archive [C:\Users\garys\Documents\workspace-spring-tool-suite-4-4.13.0.RELEASE\apache-tomcat-9.0.58\apache-tomcat-9.0.58\webapps\mobile-app-ws.war] has finished in [17,347] ms
31-Jan-2022 12:04:01.459 INFO [main] org.apache.catalina.startup.HostConfig.deployWAR Deploying web application archive [C:\Users\garys\Documents\workspace-spring-tool-suite-4-4.13.0.RELEASE\apache-tomcat-9.0.58\apache-tomcat-9.0.58\webapps\verification-service.war]
31-Jan-2022 12:04:01.503 INFO [main] org.apache.catalina.startup.HostConfig.deployWAR Deployment of web application archive [C:\Users\garys\Documents\workspace-spring-tool-suite-4-4.13.0.RELEASE\apache-tomcat-9.0.58\apache-tomcat-9.0.58\webapps\verification-service.war] has finished in [44] ms
31-Jan-2022 12:04:01.504 INFO [main] org.apache.catalina.startup.HostConfig.deployDirectory Deploying web application directory [C:\Users\garys\Documents\workspace-spring-tool-suite-4-4.13.0.RELEASE\apache-tomcat-9.0.58\apache-tomcat-9.0.58\webapps\docs]
31-Jan-2022 12:04:01.528 INFO [main] org.apache.catalina.startup.HostConfig.deployDirectory Deployment of web application directory [C:\Users\garys\Documents\workspace-spring-tool-suite-4-4.13.0.RELEASE\apache-tomcat-9.0.58\apache-tomcat-9.0.58\webapps\docs] has finished in [24] ms
31-Jan-2022 12:04:01.529 INFO [main] org.apache.catalina.startup.HostConfig.deployDirectory Deploying web application directory [C:\Users\garys\Documents\workspace-spring-tool-suite-4-4.13.0.RELEASE\apache-tomcat-9.0.58\apache-tomcat-9.0.58\webapps\examples]
31-Jan-2022 12:04:01.976 INFO [main] org.apache.catalina.startup.HostConfig.deployDirectory Deployment of web application directory [C:\Users\garys\Documents\workspace-spring-tool-suite-4-4.13.0.RELEASE\apache-tomcat-9.0.58\apache-tomcat-9.0.58\webapps\examples] has finished in [447] ms
31-Jan-2022 12:04:01.976 INFO [main] org.apache.catalina.startup.HostConfig.deployDirectory Deploying web application directory [C:\Users\garys\Documents\workspace-spring-tool-suite-4-4.13.0.RELEASE\apache-tomcat-9.0.58\apache-tomcat-9.0.58\webapps\host-manager]
31-Jan-2022 12:04:02.021 INFO [main] org.apache.catalina.startup.HostConfig.deployDirectory Deployment of web application directory [C:\Users\garys\Documents\workspace-spring-tool-suite-4-4.13.0.RELEASE\apache-tomcat-9.0.58\apache-tomcat-9.0.58\webapps\host-manager] has finished in [45] ms
31-Jan-2022 12:04:02.021 INFO [main] org.apache.catalina.startup.HostConfig.deployDirectory Deploying web application directory [C:\Users\garys\Documents\workspace-spring-tool-suite-4-4.13.0.RELEASE\apache-tomcat-9.0.58\apache-tomcat-9.0.58\webapps\manager]
31-Jan-2022 12:04:02.067 INFO [main] org.apache.catalina.startup.HostConfig.deployDirectory Deployment of web application directory [C:\Users\garys\Documents\workspace-spring-tool-suite-4-4.13.0.RELEASE\apache-tomcat-9.0.58\apache-tomcat-9.0.58\webapps\manager] has finished in [45] ms
31-Jan-2022 12:04:02.067 INFO [main] org.apache.catalina.startup.HostConfig.deployDirectory Deploying web application directory [C:\Users\garys\Documents\workspace-spring-tool-suite-4-4.13.0.RELEASE\apache-tomcat-9.0.58\apache-tomcat-9.0.58\webapps\ROOT]
31-Jan-2022 12:04:02.096 INFO [main] org.apache.catalina.startup.HostConfig.deployDirectory Deployment of web application directory [C:\Users\garys\Documents\workspace-spring-tool-suite-4-4.13.0.RELEASE\apache-tomcat-9.0.58\apache-tomcat-9.0.58\webapps\ROOT] has finished in [28] ms
31-Jan-2022 12:04:02.103 INFO [main] org.apache.coyote.AbstractProtocol.start Starting ProtocolHandler ["http-nio-8080"]
31-Jan-2022 12:04:02.129 INFO [main] org.apache.catalina.startup.Catalina.start Server startup in [18095] milliseconds
31-Jan-2022 12:04:12.011 INFO [http-nio-8080-exec-4] org.apache.catalina.startup.HostConfig.undeploy Undeploying context [/verification-service]
31-Jan-2022 12:04:20.993 INFO [http-nio-8080-exec-1] org.apache.catalina.startup.HostConfig.deployWAR Deploying web application archive [C:\Users\garys\Documents\workspace-spring-tool-suite-4-4.13.0.RELEASE\apache-tomcat-9.0.58\apache-tomcat-9.0.58\webapps\verification-service.war]
31-Jan-2022 12:04:21.044 INFO [http-nio-8080-exec-1] org.apache.catalina.startup.HostConfig.deployWAR Deployment of web application archive [C:\Users\garys\Documents\workspace-spring-tool-suite-4-4.13.0.RELEASE\apache-tomcat-9.0.58\apache-tomcat-9.0.58\webapps\verification-service.war] has finished in [51] ms
31-Jan-2022 12:08:39.746 INFO [http-nio-8080-exec-12] org.apache.catalina.startup.HostConfig.undeploy Undeploying context [/verification-service]
31-Jan-2022 12:08:49.465 INFO [http-nio-8080-exec-17] org.apache.catalina.startup.HostConfig.deployWAR Deploying web application archive [C:\Users\garys\Documents\workspace-spring-tool-suite-4-4.13.0.RELEASE\apache-tomcat-9.0.58\apache-tomcat-9.0.58\webapps\verification-service.war]
31-Jan-2022 12:08:49.511 INFO [http-nio-8080-exec-17] org.apache.catalina.startup.HostConfig.deployWAR Deployment of web application archive [C:\Users\garys\Documents\workspace-spring-tool-suite-4-4.13.0.RELEASE\apache-tomcat-9.0.58\apache-tomcat-9.0.58\webapps\verification-service.war] has finished in [47] ms
31-Jan-2022 12:14:25.653 INFO [Thread-204] org.apache.coyote.AbstractProtocol.pause Pausing ProtocolHandler ["http-nio-8080"]
31-Jan-2022 12:14:25.941 INFO [Thread-204] org.apache.catalina.core.StandardService.stopInternal Stopping service [Catalina]
31-Jan-2022 12:14:26.069 WARNING [Thread-204] org.apache.catalina.loader.WebappClassLoaderBase.clearReferencesJdbc The web application [mobile-app-ws] registered the JDBC driver [com.mysql.cj.jdbc.Driver] but failed to unregister it when the web application was stopped. To prevent a memory leak, the JDBC Driver has been forcibly unregistered.
31-Jan-2022 12:14:26.070 WARNING [Thread-204] org.apache.catalina.loader.WebappClassLoaderBase.clearReferencesThreads The web application [mobile-app-ws] appears to have started a thread named [mysql-cj-abandoned-connection-cleanup] but has failed to stop it. This is very likely to create a memory leak. Stack trace of thread:
 java.lang.Object.wait(Native Method)
 java.lang.ref.ReferenceQueue.remove(Unknown Source)
 com.mysql.cj.jdbc.AbandonedConnectionCleanupThread.run(AbandonedConnectionCleanupThread.java:85)
 java.util.concurrent.ThreadPoolExecutor.runWorker(Unknown Source)
 java.util.concurrent.ThreadPoolExecutor$Worker.run(Unknown Source)
 java.lang.Thread.run(Unknown Source)
31-Jan-2022 12:14:26.086 INFO [mysql-cj-abandoned-connection-cleanup] org.apache.catalina.loader.WebappClassLoaderBase.checkStateForResourceLoading Illegal access: this web application instance has been stopped already. Could not load []. The following stack trace is thrown for debugging purposes as well as to attempt to terminate the thread which caused the illegal access.
	java.lang.IllegalStateException: Illegal access: this web application instance has been stopped already. Could not load []. The following stack trace is thrown for debugging purposes as well as to attempt to terminate the thread which caused the illegal access.
		at org.apache.catalina.loader.WebappClassLoaderBase.checkStateForResourceLoading(WebappClassLoaderBase.java:1427)
		at org.apache.catalina.loader.WebappClassLoaderBase.getResource(WebappClassLoaderBase.java:1052)
		at com.mysql.cj.jdbc.AbandonedConnectionCleanupThread.checkThreadContextClassLoader(AbandonedConnectionCleanupThread.java:117)
		at com.mysql.cj.jdbc.AbandonedConnectionCleanupThread.run(AbandonedConnectionCleanupThread.java:84)
		at java.util.concurrent.ThreadPoolExecutor.runWorker(Unknown Source)
		at java.util.concurrent.ThreadPoolExecutor$Worker.run(Unknown Source)
		at java.lang.Thread.run(Unknown Source)
31-Jan-2022 12:14:26.120 INFO [Thread-204] org.apache.coyote.AbstractProtocol.stop Stopping ProtocolHandler ["http-nio-8080"]
31-Jan-2022 12:14:26.136 INFO [Thread-204] org.apache.coyote.AbstractProtocol.destroy Destroying ProtocolHandler ["http-nio-8080"]
