31-Jan-2022 08:10:17.115 INFO [main] org.apache.catalina.core.ApplicationContext.log ContextListener: contextInitialized()
31-Jan-2022 08:10:17.116 INFO [main] org.apache.catalina.core.ApplicationContext.log SessionListener: contextInitialized()
31-Jan-2022 08:10:17.119 INFO [main] org.apache.catalina.core.ApplicationContext.log ContextListener: attributeAdded('StockTicker', 'async.Stockticker@683dbc2c')
31-Jan-2022 08:12:36.582 INFO [Thread-3] org.apache.catalina.core.ApplicationContext.log SessionListener: contextDestroyed()
31-Jan-2022 08:12:36.582 INFO [Thread-3] org.apache.catalina.core.ApplicationContext.log ContextListener: contextDestroyed()
31-Jan-2022 08:12:44.204 INFO [main] org.apache.catalina.core.ApplicationContext.log ContextListener: contextInitialized()
31-Jan-2022 08:12:44.204 INFO [main] org.apache.catalina.core.ApplicationContext.log SessionListener: contextInitialized()
31-Jan-2022 08:12:44.207 INFO [main] org.apache.catalina.core.ApplicationContext.log ContextListener: attributeAdded('StockTicker', 'async.Stockticker@5609159b')
31-Jan-2022 08:14:31.119 INFO [http-nio-8080-exec-2] org.apache.catalina.core.ApplicationContext.log 2 Spring WebApplicationInitializers detected on classpath
31-Jan-2022 08:14:37.307 INFO [http-nio-8080-exec-2] org.apache.catalina.core.ApplicationContext.log Initializing Spring embedded WebApplicationContext
31-Jan-2022 08:15:16.398 INFO [http-nio-8080-exec-6] org.apache.catalina.core.ApplicationContext.log Initializing Spring DispatcherServlet 'dispatcherServlet'
31-Jan-2022 08:22:11.755 INFO [Thread-3] org.apache.catalina.core.ApplicationContext.log Destroying Spring FrameworkServlet 'dispatcherServlet'
31-Jan-2022 08:22:11.764 INFO [Thread-3] org.apache.catalina.core.ApplicationContext.log Closing Spring root WebApplicationContext
31-Jan-2022 08:22:11.895 SEVERE [Thread-3] org.apache.catalina.core.StandardContext.listenerStop Exception sending context destroyed event to listener instance of class [org.springframework.boot.web.servlet.support.SpringBootServletInitializer$1]
	java.lang.UnsupportedOperationException: Section 4.4 of the Servlet 3.0 specification does not permit this method to be called from a ServletContextListener that was not defined in web.xml, a web-fragment.xml file nor annotated with @WebListener
		at org.apache.catalina.core.StandardContext$NoPluggabilityServletContext.getClassLoader(StandardContext.java:6779)
		at org.springframework.boot.web.servlet.support.SpringBootServletInitializer.deregisterJdbcDrivers(SpringBootServletInitializer.java:134)
		at org.springframework.boot.web.servlet.support.SpringBootServletInitializer$1.contextDestroyed(SpringBootServletInitializer.java:110)
		at org.apache.catalina.core.StandardContext.listenerStop(StandardContext.java:4814)
		at org.apache.catalina.core.StandardContext.stopInternal(StandardContext.java:5477)
		at org.apache.catalina.util.LifecycleBase.stop(LifecycleBase.java:257)
		at org.apache.catalina.core.ContainerBase$StopChild.call(ContainerBase.java:1412)
		at org.apache.catalina.core.ContainerBase$StopChild.call(ContainerBase.java:1401)
		at java.util.concurrent.FutureTask.run(Unknown Source)
		at org.apache.tomcat.util.threads.InlineExecutorService.execute(InlineExecutorService.java:75)
		at java.util.concurrent.AbstractExecutorService.submit(Unknown Source)
		at org.apache.catalina.core.ContainerBase.stopInternal(ContainerBase.java:986)
		at org.apache.catalina.util.LifecycleBase.stop(LifecycleBase.java:257)
		at org.apache.catalina.core.ContainerBase$StopChild.call(ContainerBase.java:1412)
		at org.apache.catalina.core.ContainerBase$StopChild.call(ContainerBase.java:1401)
		at java.util.concurrent.FutureTask.run(Unknown Source)
		at org.apache.tomcat.util.threads.InlineExecutorService.execute(InlineExecutorService.java:75)
		at java.util.concurrent.AbstractExecutorService.submit(Unknown Source)
		at org.apache.catalina.core.ContainerBase.stopInternal(ContainerBase.java:986)
		at org.apache.catalina.util.LifecycleBase.stop(LifecycleBase.java:257)
		at org.apache.catalina.core.StandardService.stopInternal(StandardService.java:497)
		at org.apache.catalina.util.LifecycleBase.stop(LifecycleBase.java:257)
		at org.apache.catalina.core.StandardServer.stopInternal(StandardServer.java:979)
		at org.apache.catalina.util.LifecycleBase.stop(LifecycleBase.java:257)
		at org.apache.catalina.startup.Catalina.stop(Catalina.java:849)
		at org.apache.catalina.startup.Catalina$CatalinaShutdownHook.run(Catalina.java:996)
31-Jan-2022 08:22:11.906 INFO [Thread-3] org.apache.catalina.core.ApplicationContext.log SessionListener: contextDestroyed()
31-Jan-2022 08:22:11.906 INFO [Thread-3] org.apache.catalina.core.ApplicationContext.log ContextListener: contextDestroyed()
31-Jan-2022 08:22:20.531 INFO [main] org.apache.catalina.core.ApplicationContext.log 2 Spring WebApplicationInitializers detected on classpath
31-Jan-2022 08:23:14.135 INFO [main] org.apache.catalina.core.ApplicationContext.log 2 Spring WebApplicationInitializers detected on classpath
31-Jan-2022 08:23:19.064 INFO [main] org.apache.catalina.core.ApplicationContext.log Initializing Spring embedded WebApplicationContext
31-Jan-2022 08:23:28.592 INFO [main] org.apache.catalina.core.ApplicationContext.log ContextListener: contextInitialized()
31-Jan-2022 08:23:28.592 INFO [main] org.apache.catalina.core.ApplicationContext.log SessionListener: contextInitialized()
31-Jan-2022 08:23:28.595 INFO [main] org.apache.catalina.core.ApplicationContext.log ContextListener: attributeAdded('StockTicker', 'async.Stockticker@2343f7a5')
31-Jan-2022 08:23:28.911 INFO [http-nio-8080-exec-3] org.apache.catalina.core.ApplicationContext.log Closing Spring root WebApplicationContext
31-Jan-2022 08:23:29.086 SEVERE [http-nio-8080-exec-3] org.apache.catalina.core.StandardContext.listenerStop Exception sending context destroyed event to listener instance of class [org.springframework.boot.web.servlet.support.SpringBootServletInitializer$1]
	java.lang.UnsupportedOperationException: Section 4.4 of the Servlet 3.0 specification does not permit this method to be called from a ServletContextListener that was not defined in web.xml, a web-fragment.xml file nor annotated with @WebListener
		at org.apache.catalina.core.StandardContext$NoPluggabilityServletContext.getClassLoader(StandardContext.java:6779)
		at org.springframework.boot.web.servlet.support.SpringBootServletInitializer.deregisterJdbcDrivers(SpringBootServletInitializer.java:134)
		at org.springframework.boot.web.servlet.support.SpringBootServletInitializer$1.contextDestroyed(SpringBootServletInitializer.java:110)
		at org.apache.catalina.core.StandardContext.listenerStop(StandardContext.java:4814)
		at org.apache.catalina.core.StandardContext.stopInternal(StandardContext.java:5477)
		at org.apache.catalina.util.LifecycleBase.stop(LifecycleBase.java:257)
		at org.apache.catalina.manager.ManagerServlet.undeploy(ManagerServlet.java:1543)
		at org.apache.catalina.manager.HTMLManagerServlet.undeploy(HTMLManagerServlet.java:663)
		at org.apache.catalina.manager.HTMLManagerServlet.doPost(HTMLManagerServlet.java:217)
		at javax.servlet.http.HttpServlet.service(HttpServlet.java:681)
		at javax.servlet.http.HttpServlet.service(HttpServlet.java:764)
		at org.apache.catalina.core.ApplicationFilterChain.internalDoFilter(ApplicationFilterChain.java:227)
		at org.apache.catalina.core.ApplicationFilterChain.doFilter(ApplicationFilterChain.java:162)
		at org.apache.catalina.filters.CsrfPreventionFilter.doFilter(CsrfPreventionFilter.java:211)
		at org.apache.catalina.core.ApplicationFilterChain.internalDoFilter(ApplicationFilterChain.java:189)
		at org.apache.catalina.core.ApplicationFilterChain.doFilter(ApplicationFilterChain.java:162)
		at org.apache.tomcat.websocket.server.WsFilter.doFilter(WsFilter.java:53)
		at org.apache.catalina.core.ApplicationFilterChain.internalDoFilter(ApplicationFilterChain.java:189)
		at org.apache.catalina.core.ApplicationFilterChain.doFilter(ApplicationFilterChain.java:162)
		at org.apache.catalina.filters.HttpHeaderSecurityFilter.doFilter(HttpHeaderSecurityFilter.java:126)
		at org.apache.catalina.core.ApplicationFilterChain.internalDoFilter(ApplicationFilterChain.java:189)
		at org.apache.catalina.core.ApplicationFilterChain.doFilter(ApplicationFilterChain.java:162)
		at org.apache.catalina.core.StandardWrapperValve.invoke(StandardWrapperValve.java:197)
		at org.apache.catalina.core.StandardContextValve.invoke(StandardContextValve.java:97)
		at org.apache.catalina.authenticator.AuthenticatorBase.invoke(AuthenticatorBase.java:659)
		at org.apache.catalina.valves.RequestFilterValve.process(RequestFilterValve.java:378)
		at org.apache.catalina.valves.RemoteAddrValve.invoke(RemoteAddrValve.java:56)
		at org.apache.catalina.core.StandardHostValve.invoke(StandardHostValve.java:135)
		at org.apache.catalina.valves.ErrorReportValve.invoke(ErrorReportValve.java:92)
		at org.apache.catalina.valves.AbstractAccessLogValve.invoke(AbstractAccessLogValve.java:687)
		at org.apache.catalina.core.StandardEngineValve.invoke(StandardEngineValve.java:78)
		at org.apache.catalina.connector.CoyoteAdapter.service(CoyoteAdapter.java:359)
		at org.apache.coyote.http11.Http11Processor.service(Http11Processor.java:399)
		at org.apache.coyote.AbstractProcessorLight.process(AbstractProcessorLight.java:65)
		at org.apache.coyote.AbstractProtocol$ConnectionHandler.process(AbstractProtocol.java:889)
		at org.apache.tomcat.util.net.NioEndpoint$SocketProcessor.doRun(NioEndpoint.java:1735)
		at org.apache.tomcat.util.net.SocketProcessorBase.run(SocketProcessorBase.java:49)
		at org.apache.tomcat.util.threads.ThreadPoolExecutor.runWorker(ThreadPoolExecutor.java:1191)
		at org.apache.tomcat.util.threads.ThreadPoolExecutor$Worker.run(ThreadPoolExecutor.java:659)
		at org.apache.tomcat.util.threads.TaskThread$WrappingRunnable.run(TaskThread.java:61)
		at java.lang.Thread.run(Unknown Source)
31-Jan-2022 08:24:06.118 INFO [http-nio-8080-exec-10] org.apache.catalina.core.ApplicationContext.log 2 Spring WebApplicationInitializers detected on classpath
31-Jan-2022 08:24:10.131 INFO [http-nio-8080-exec-10] org.apache.catalina.core.ApplicationContext.log Initializing Spring embedded WebApplicationContext
31-Jan-2022 08:24:29.787 INFO [http-nio-8080-exec-11] org.apache.catalina.core.ApplicationContext.log Initializing Spring DispatcherServlet 'dispatcherServlet'
31-Jan-2022 08:27:36.429 INFO [Thread-204] org.apache.catalina.core.ApplicationContext.log Destroying Spring FrameworkServlet 'dispatcherServlet'
31-Jan-2022 08:27:36.481 INFO [Thread-204] org.apache.catalina.core.ApplicationContext.log Closing Spring root WebApplicationContext
31-Jan-2022 08:27:36.519 SEVERE [Thread-204] org.apache.catalina.core.StandardContext.listenerStop Exception sending context destroyed event to listener instance of class [org.springframework.boot.web.servlet.support.SpringBootServletInitializer$1]
	java.lang.UnsupportedOperationException: Section 4.4 of the Servlet 3.0 specification does not permit this method to be called from a ServletContextListener that was not defined in web.xml, a web-fragment.xml file nor annotated with @WebListener
		at org.apache.catalina.core.StandardContext$NoPluggabilityServletContext.getClassLoader(StandardContext.java:6779)
		at org.springframework.boot.web.servlet.support.SpringBootServletInitializer.deregisterJdbcDrivers(SpringBootServletInitializer.java:134)
		at org.springframework.boot.web.servlet.support.SpringBootServletInitializer$1.contextDestroyed(SpringBootServletInitializer.java:110)
		at org.apache.catalina.core.StandardContext.listenerStop(StandardContext.java:4814)
		at org.apache.catalina.core.StandardContext.stopInternal(StandardContext.java:5477)
		at org.apache.catalina.util.LifecycleBase.stop(LifecycleBase.java:257)
		at org.apache.catalina.core.ContainerBase$StopChild.call(ContainerBase.java:1412)
		at org.apache.catalina.core.ContainerBase$StopChild.call(ContainerBase.java:1401)
		at java.util.concurrent.FutureTask.run(Unknown Source)
		at org.apache.tomcat.util.threads.InlineExecutorService.execute(InlineExecutorService.java:75)
		at java.util.concurrent.AbstractExecutorService.submit(Unknown Source)
		at org.apache.catalina.core.ContainerBase.stopInternal(ContainerBase.java:986)
		at org.apache.catalina.util.LifecycleBase.stop(LifecycleBase.java:257)
		at org.apache.catalina.core.ContainerBase$StopChild.call(ContainerBase.java:1412)
		at org.apache.catalina.core.ContainerBase$StopChild.call(ContainerBase.java:1401)
		at java.util.concurrent.FutureTask.run(Unknown Source)
		at org.apache.tomcat.util.threads.InlineExecutorService.execute(InlineExecutorService.java:75)
		at java.util.concurrent.AbstractExecutorService.submit(Unknown Source)
		at org.apache.catalina.core.ContainerBase.stopInternal(ContainerBase.java:986)
		at org.apache.catalina.util.LifecycleBase.stop(LifecycleBase.java:257)
		at org.apache.catalina.core.StandardService.stopInternal(StandardService.java:497)
		at org.apache.catalina.util.LifecycleBase.stop(LifecycleBase.java:257)
		at org.apache.catalina.core.StandardServer.stopInternal(StandardServer.java:979)
		at org.apache.catalina.util.LifecycleBase.stop(LifecycleBase.java:257)
		at org.apache.catalina.startup.Catalina.stop(Catalina.java:849)
		at org.apache.catalina.startup.Catalina$CatalinaShutdownHook.run(Catalina.java:996)
31-Jan-2022 08:27:36.535 INFO [Thread-204] org.apache.catalina.core.ApplicationContext.log SessionListener: contextDestroyed()
31-Jan-2022 08:27:36.536 INFO [Thread-204] org.apache.catalina.core.ApplicationContext.log ContextListener: contextDestroyed()
31-Jan-2022 08:41:09.069 INFO [main] org.apache.catalina.core.ApplicationContext.log 2 Spring WebApplicationInitializers detected on classpath
31-Jan-2022 08:41:13.127 INFO [main] org.apache.catalina.core.ApplicationContext.log Initializing Spring embedded WebApplicationContext
31-Jan-2022 08:41:21.995 INFO [main] org.apache.catalina.core.ApplicationContext.log ContextListener: contextInitialized()
31-Jan-2022 08:41:21.995 INFO [main] org.apache.catalina.core.ApplicationContext.log SessionListener: contextInitialized()
31-Jan-2022 08:41:21.998 INFO [main] org.apache.catalina.core.ApplicationContext.log ContextListener: attributeAdded('StockTicker', 'async.Stockticker@27cde156')
31-Jan-2022 08:41:36.364 INFO [http-nio-8080-exec-8] org.apache.catalina.core.ApplicationContext.log Closing Spring root WebApplicationContext
31-Jan-2022 08:41:36.436 SEVERE [http-nio-8080-exec-8] org.apache.catalina.core.StandardContext.listenerStop Exception sending context destroyed event to listener instance of class [org.springframework.boot.web.servlet.support.SpringBootServletInitializer$1]
	java.lang.UnsupportedOperationException: Section 4.4 of the Servlet 3.0 specification does not permit this method to be called from a ServletContextListener that was not defined in web.xml, a web-fragment.xml file nor annotated with @WebListener
		at org.apache.catalina.core.StandardContext$NoPluggabilityServletContext.getClassLoader(StandardContext.java:6779)
		at org.springframework.boot.web.servlet.support.SpringBootServletInitializer.deregisterJdbcDrivers(SpringBootServletInitializer.java:134)
		at org.springframework.boot.web.servlet.support.SpringBootServletInitializer$1.contextDestroyed(SpringBootServletInitializer.java:110)
		at org.apache.catalina.core.StandardContext.listenerStop(StandardContext.java:4814)
		at org.apache.catalina.core.StandardContext.stopInternal(StandardContext.java:5477)
		at org.apache.catalina.util.LifecycleBase.stop(LifecycleBase.java:257)
		at org.apache.catalina.manager.ManagerServlet.undeploy(ManagerServlet.java:1543)
		at org.apache.catalina.manager.HTMLManagerServlet.undeploy(HTMLManagerServlet.java:663)
		at org.apache.catalina.manager.HTMLManagerServlet.doPost(HTMLManagerServlet.java:217)
		at javax.servlet.http.HttpServlet.service(HttpServlet.java:681)
		at javax.servlet.http.HttpServlet.service(HttpServlet.java:764)
		at org.apache.catalina.core.ApplicationFilterChain.internalDoFilter(ApplicationFilterChain.java:227)
		at org.apache.catalina.core.ApplicationFilterChain.doFilter(ApplicationFilterChain.java:162)
		at org.apache.catalina.filters.CsrfPreventionFilter.doFilter(CsrfPreventionFilter.java:211)
		at org.apache.catalina.core.ApplicationFilterChain.internalDoFilter(ApplicationFilterChain.java:189)
		at org.apache.catalina.core.ApplicationFilterChain.doFilter(ApplicationFilterChain.java:162)
		at org.apache.tomcat.websocket.server.WsFilter.doFilter(WsFilter.java:53)
		at org.apache.catalina.core.ApplicationFilterChain.internalDoFilter(ApplicationFilterChain.java:189)
		at org.apache.catalina.core.ApplicationFilterChain.doFilter(ApplicationFilterChain.java:162)
		at org.apache.catalina.filters.HttpHeaderSecurityFilter.doFilter(HttpHeaderSecurityFilter.java:126)
		at org.apache.catalina.core.ApplicationFilterChain.internalDoFilter(ApplicationFilterChain.java:189)
		at org.apache.catalina.core.ApplicationFilterChain.doFilter(ApplicationFilterChain.java:162)
		at org.apache.catalina.core.StandardWrapperValve.invoke(StandardWrapperValve.java:197)
		at org.apache.catalina.core.StandardContextValve.invoke(StandardContextValve.java:97)
		at org.apache.catalina.authenticator.AuthenticatorBase.invoke(AuthenticatorBase.java:659)
		at org.apache.catalina.valves.RequestFilterValve.process(RequestFilterValve.java:378)
		at org.apache.catalina.valves.RemoteAddrValve.invoke(RemoteAddrValve.java:56)
		at org.apache.catalina.core.StandardHostValve.invoke(StandardHostValve.java:135)
		at org.apache.catalina.valves.ErrorReportValve.invoke(ErrorReportValve.java:92)
		at org.apache.catalina.valves.AbstractAccessLogValve.invoke(AbstractAccessLogValve.java:687)
		at org.apache.catalina.core.StandardEngineValve.invoke(StandardEngineValve.java:78)
		at org.apache.catalina.connector.CoyoteAdapter.service(CoyoteAdapter.java:359)
		at org.apache.coyote.http11.Http11Processor.service(Http11Processor.java:399)
		at org.apache.coyote.AbstractProcessorLight.process(AbstractProcessorLight.java:65)
		at org.apache.coyote.AbstractProtocol$ConnectionHandler.process(AbstractProtocol.java:889)
		at org.apache.tomcat.util.net.NioEndpoint$SocketProcessor.doRun(NioEndpoint.java:1735)
		at org.apache.tomcat.util.net.SocketProcessorBase.run(SocketProcessorBase.java:49)
		at org.apache.tomcat.util.threads.ThreadPoolExecutor.runWorker(ThreadPoolExecutor.java:1191)
		at org.apache.tomcat.util.threads.ThreadPoolExecutor$Worker.run(ThreadPoolExecutor.java:659)
		at org.apache.tomcat.util.threads.TaskThread$WrappingRunnable.run(TaskThread.java:61)
		at java.lang.Thread.run(Unknown Source)
31-Jan-2022 08:41:55.056 INFO [http-nio-8080-exec-9] org.apache.catalina.core.ApplicationContext.log 2 Spring WebApplicationInitializers detected on classpath
31-Jan-2022 08:41:59.016 INFO [http-nio-8080-exec-9] org.apache.catalina.core.ApplicationContext.log Initializing Spring embedded WebApplicationContext
31-Jan-2022 08:42:15.599 INFO [http-nio-8080-exec-4] org.apache.catalina.core.ApplicationContext.log Initializing Spring DispatcherServlet 'dispatcherServlet'
31-Jan-2022 08:43:15.863 INFO [Thread-204] org.apache.catalina.core.ApplicationContext.log Destroying Spring FrameworkServlet 'dispatcherServlet'
31-Jan-2022 08:43:15.864 INFO [Thread-204] org.apache.catalina.core.ApplicationContext.log Closing Spring root WebApplicationContext
31-Jan-2022 08:43:15.927 SEVERE [Thread-204] org.apache.catalina.core.StandardContext.listenerStop Exception sending context destroyed event to listener instance of class [org.springframework.boot.web.servlet.support.SpringBootServletInitializer$1]
	java.lang.UnsupportedOperationException: Section 4.4 of the Servlet 3.0 specification does not permit this method to be called from a ServletContextListener that was not defined in web.xml, a web-fragment.xml file nor annotated with @WebListener
		at org.apache.catalina.core.StandardContext$NoPluggabilityServletContext.getClassLoader(StandardContext.java:6779)
		at org.springframework.boot.web.servlet.support.SpringBootServletInitializer.deregisterJdbcDrivers(SpringBootServletInitializer.java:134)
		at org.springframework.boot.web.servlet.support.SpringBootServletInitializer$1.contextDestroyed(SpringBootServletInitializer.java:110)
		at org.apache.catalina.core.StandardContext.listenerStop(StandardContext.java:4814)
		at org.apache.catalina.core.StandardContext.stopInternal(StandardContext.java:5477)
		at org.apache.catalina.util.LifecycleBase.stop(LifecycleBase.java:257)
		at org.apache.catalina.core.ContainerBase$StopChild.call(ContainerBase.java:1412)
		at org.apache.catalina.core.ContainerBase$StopChild.call(ContainerBase.java:1401)
		at java.util.concurrent.FutureTask.run(Unknown Source)
		at org.apache.tomcat.util.threads.InlineExecutorService.execute(InlineExecutorService.java:75)
		at java.util.concurrent.AbstractExecutorService.submit(Unknown Source)
		at org.apache.catalina.core.ContainerBase.stopInternal(ContainerBase.java:986)
		at org.apache.catalina.util.LifecycleBase.stop(LifecycleBase.java:257)
		at org.apache.catalina.core.ContainerBase$StopChild.call(ContainerBase.java:1412)
		at org.apache.catalina.core.ContainerBase$StopChild.call(ContainerBase.java:1401)
		at java.util.concurrent.FutureTask.run(Unknown Source)
		at org.apache.tomcat.util.threads.InlineExecutorService.execute(InlineExecutorService.java:75)
		at java.util.concurrent.AbstractExecutorService.submit(Unknown Source)
		at org.apache.catalina.core.ContainerBase.stopInternal(ContainerBase.java:986)
		at org.apache.catalina.util.LifecycleBase.stop(LifecycleBase.java:257)
		at org.apache.catalina.core.StandardService.stopInternal(StandardService.java:497)
		at org.apache.catalina.util.LifecycleBase.stop(LifecycleBase.java:257)
		at org.apache.catalina.core.StandardServer.stopInternal(StandardServer.java:979)
		at org.apache.catalina.util.LifecycleBase.stop(LifecycleBase.java:257)
		at org.apache.catalina.startup.Catalina.stop(Catalina.java:849)
		at org.apache.catalina.startup.Catalina$CatalinaShutdownHook.run(Catalina.java:996)
31-Jan-2022 08:43:15.943 INFO [Thread-204] org.apache.catalina.core.ApplicationContext.log SessionListener: contextDestroyed()
31-Jan-2022 08:43:15.943 INFO [Thread-204] org.apache.catalina.core.ApplicationContext.log ContextListener: contextDestroyed()
31-Jan-2022 10:43:46.375 INFO [main] org.apache.catalina.core.ApplicationContext.log 2 Spring WebApplicationInitializers detected on classpath
31-Jan-2022 10:43:50.808 INFO [main] org.apache.catalina.core.ApplicationContext.log Initializing Spring embedded WebApplicationContext
31-Jan-2022 10:43:59.324 INFO [main] org.apache.catalina.core.ApplicationContext.log ContextListener: contextInitialized()
31-Jan-2022 10:43:59.324 INFO [main] org.apache.catalina.core.ApplicationContext.log SessionListener: contextInitialized()
31-Jan-2022 10:43:59.326 INFO [main] org.apache.catalina.core.ApplicationContext.log ContextListener: attributeAdded('StockTicker', 'async.Stockticker@3b71b6b1')
31-Jan-2022 10:44:05.392 INFO [http-nio-8080-exec-3] org.apache.catalina.core.ApplicationContext.log Closing Spring root WebApplicationContext
31-Jan-2022 10:44:05.463 SEVERE [http-nio-8080-exec-3] org.apache.catalina.core.StandardContext.listenerStop Exception sending context destroyed event to listener instance of class [org.springframework.boot.web.servlet.support.SpringBootServletInitializer$1]
	java.lang.UnsupportedOperationException: Section 4.4 of the Servlet 3.0 specification does not permit this method to be called from a ServletContextListener that was not defined in web.xml, a web-fragment.xml file nor annotated with @WebListener
		at org.apache.catalina.core.StandardContext$NoPluggabilityServletContext.getClassLoader(StandardContext.java:6779)
		at org.springframework.boot.web.servlet.support.SpringBootServletInitializer.deregisterJdbcDrivers(SpringBootServletInitializer.java:134)
		at org.springframework.boot.web.servlet.support.SpringBootServletInitializer$1.contextDestroyed(SpringBootServletInitializer.java:110)
		at org.apache.catalina.core.StandardContext.listenerStop(StandardContext.java:4814)
		at org.apache.catalina.core.StandardContext.stopInternal(StandardContext.java:5477)
		at org.apache.catalina.util.LifecycleBase.stop(LifecycleBase.java:257)
		at org.apache.catalina.manager.ManagerServlet.undeploy(ManagerServlet.java:1543)
		at org.apache.catalina.manager.HTMLManagerServlet.undeploy(HTMLManagerServlet.java:663)
		at org.apache.catalina.manager.HTMLManagerServlet.doPost(HTMLManagerServlet.java:217)
		at javax.servlet.http.HttpServlet.service(HttpServlet.java:681)
		at javax.servlet.http.HttpServlet.service(HttpServlet.java:764)
		at org.apache.catalina.core.ApplicationFilterChain.internalDoFilter(ApplicationFilterChain.java:227)
		at org.apache.catalina.core.ApplicationFilterChain.doFilter(ApplicationFilterChain.java:162)
		at org.apache.catalina.filters.CsrfPreventionFilter.doFilter(CsrfPreventionFilter.java:211)
		at org.apache.catalina.core.ApplicationFilterChain.internalDoFilter(ApplicationFilterChain.java:189)
		at org.apache.catalina.core.ApplicationFilterChain.doFilter(ApplicationFilterChain.java:162)
		at org.apache.tomcat.websocket.server.WsFilter.doFilter(WsFilter.java:53)
		at org.apache.catalina.core.ApplicationFilterChain.internalDoFilter(ApplicationFilterChain.java:189)
		at org.apache.catalina.core.ApplicationFilterChain.doFilter(ApplicationFilterChain.java:162)
		at org.apache.catalina.filters.HttpHeaderSecurityFilter.doFilter(HttpHeaderSecurityFilter.java:126)
		at org.apache.catalina.core.ApplicationFilterChain.internalDoFilter(ApplicationFilterChain.java:189)
		at org.apache.catalina.core.ApplicationFilterChain.doFilter(ApplicationFilterChain.java:162)
		at org.apache.catalina.core.StandardWrapperValve.invoke(StandardWrapperValve.java:197)
		at org.apache.catalina.core.StandardContextValve.invoke(StandardContextValve.java:97)
		at org.apache.catalina.authenticator.AuthenticatorBase.invoke(AuthenticatorBase.java:659)
		at org.apache.catalina.valves.RequestFilterValve.process(RequestFilterValve.java:378)
		at org.apache.catalina.valves.RemoteAddrValve.invoke(RemoteAddrValve.java:56)
		at org.apache.catalina.core.StandardHostValve.invoke(StandardHostValve.java:135)
		at org.apache.catalina.valves.ErrorReportValve.invoke(ErrorReportValve.java:92)
		at org.apache.catalina.valves.AbstractAccessLogValve.invoke(AbstractAccessLogValve.java:687)
		at org.apache.catalina.core.StandardEngineValve.invoke(StandardEngineValve.java:78)
		at org.apache.catalina.connector.CoyoteAdapter.service(CoyoteAdapter.java:359)
		at org.apache.coyote.http11.Http11Processor.service(Http11Processor.java:399)
		at org.apache.coyote.AbstractProcessorLight.process(AbstractProcessorLight.java:65)
		at org.apache.coyote.AbstractProtocol$ConnectionHandler.process(AbstractProtocol.java:889)
		at org.apache.tomcat.util.net.NioEndpoint$SocketProcessor.doRun(NioEndpoint.java:1735)
		at org.apache.tomcat.util.net.SocketProcessorBase.run(SocketProcessorBase.java:49)
		at org.apache.tomcat.util.threads.ThreadPoolExecutor.runWorker(ThreadPoolExecutor.java:1191)
		at org.apache.tomcat.util.threads.ThreadPoolExecutor$Worker.run(ThreadPoolExecutor.java:659)
		at org.apache.tomcat.util.threads.TaskThread$WrappingRunnable.run(TaskThread.java:61)
		at java.lang.Thread.run(Unknown Source)
31-Jan-2022 10:44:49.981 INFO [http-nio-8080-exec-3] org.apache.catalina.core.ApplicationContext.log 2 Spring WebApplicationInitializers detected on classpath
31-Jan-2022 10:44:54.074 INFO [http-nio-8080-exec-3] org.apache.catalina.core.ApplicationContext.log Initializing Spring embedded WebApplicationContext
31-Jan-2022 10:45:07.527 INFO [http-nio-8080-exec-14] org.apache.catalina.core.ApplicationContext.log Initializing Spring DispatcherServlet 'dispatcherServlet'
31-Jan-2022 12:03:31.281 INFO [Thread-204] org.apache.catalina.core.ApplicationContext.log Destroying Spring FrameworkServlet 'dispatcherServlet'
31-Jan-2022 12:03:31.283 INFO [Thread-204] org.apache.catalina.core.ApplicationContext.log Closing Spring root WebApplicationContext
31-Jan-2022 12:03:31.463 SEVERE [Thread-204] org.apache.catalina.core.StandardContext.listenerStop Exception sending context destroyed event to listener instance of class [org.springframework.boot.web.servlet.support.SpringBootServletInitializer$1]
	java.lang.UnsupportedOperationException: Section 4.4 of the Servlet 3.0 specification does not permit this method to be called from a ServletContextListener that was not defined in web.xml, a web-fragment.xml file nor annotated with @WebListener
		at org.apache.catalina.core.StandardContext$NoPluggabilityServletContext.getClassLoader(StandardContext.java:6779)
		at org.springframework.boot.web.servlet.support.SpringBootServletInitializer.deregisterJdbcDrivers(SpringBootServletInitializer.java:134)
		at org.springframework.boot.web.servlet.support.SpringBootServletInitializer$1.contextDestroyed(SpringBootServletInitializer.java:110)
		at org.apache.catalina.core.StandardContext.listenerStop(StandardContext.java:4814)
		at org.apache.catalina.core.StandardContext.stopInternal(StandardContext.java:5477)
		at org.apache.catalina.util.LifecycleBase.stop(LifecycleBase.java:257)
		at org.apache.catalina.core.ContainerBase$StopChild.call(ContainerBase.java:1412)
		at org.apache.catalina.core.ContainerBase$StopChild.call(ContainerBase.java:1401)
		at java.util.concurrent.FutureTask.run(Unknown Source)
		at org.apache.tomcat.util.threads.InlineExecutorService.execute(InlineExecutorService.java:75)
		at java.util.concurrent.AbstractExecutorService.submit(Unknown Source)
		at org.apache.catalina.core.ContainerBase.stopInternal(ContainerBase.java:986)
		at org.apache.catalina.util.LifecycleBase.stop(LifecycleBase.java:257)
		at org.apache.catalina.core.ContainerBase$StopChild.call(ContainerBase.java:1412)
		at org.apache.catalina.core.ContainerBase$StopChild.call(ContainerBase.java:1401)
		at java.util.concurrent.FutureTask.run(Unknown Source)
		at org.apache.tomcat.util.threads.InlineExecutorService.execute(InlineExecutorService.java:75)
		at java.util.concurrent.AbstractExecutorService.submit(Unknown Source)
		at org.apache.catalina.core.ContainerBase.stopInternal(ContainerBase.java:986)
		at org.apache.catalina.util.LifecycleBase.stop(LifecycleBase.java:257)
		at org.apache.catalina.core.StandardService.stopInternal(StandardService.java:497)
		at org.apache.catalina.util.LifecycleBase.stop(LifecycleBase.java:257)
		at org.apache.catalina.core.StandardServer.stopInternal(StandardServer.java:979)
		at org.apache.catalina.util.LifecycleBase.stop(LifecycleBase.java:257)
		at org.apache.catalina.startup.Catalina.stop(Catalina.java:849)
		at org.apache.catalina.startup.Catalina$CatalinaShutdownHook.run(Catalina.java:996)
31-Jan-2022 12:03:31.505 INFO [Thread-204] org.apache.catalina.core.ApplicationContext.log SessionListener: contextDestroyed()
31-Jan-2022 12:03:31.505 INFO [Thread-204] org.apache.catalina.core.ApplicationContext.log ContextListener: contextDestroyed()
31-Jan-2022 12:03:50.137 INFO [main] org.apache.catalina.core.ApplicationContext.log 2 Spring WebApplicationInitializers detected on classpath
31-Jan-2022 12:03:54.315 INFO [main] org.apache.catalina.core.ApplicationContext.log Initializing Spring embedded WebApplicationContext
31-Jan-2022 12:04:01.961 INFO [main] org.apache.catalina.core.ApplicationContext.log ContextListener: contextInitialized()
31-Jan-2022 12:04:01.961 INFO [main] org.apache.catalina.core.ApplicationContext.log SessionListener: contextInitialized()
31-Jan-2022 12:04:01.963 INFO [main] org.apache.catalina.core.ApplicationContext.log ContextListener: attributeAdded('StockTicker', 'async.Stockticker@11ec85a0')
31-Jan-2022 12:04:38.761 INFO [http-nio-8080-exec-9] org.apache.catalina.core.ApplicationContext.log Initializing Spring DispatcherServlet 'dispatcherServlet'
31-Jan-2022 12:14:25.952 INFO [Thread-204] org.apache.catalina.core.ApplicationContext.log Destroying Spring FrameworkServlet 'dispatcherServlet'
31-Jan-2022 12:14:25.954 INFO [Thread-204] org.apache.catalina.core.ApplicationContext.log Closing Spring root WebApplicationContext
31-Jan-2022 12:14:26.065 SEVERE [Thread-204] org.apache.catalina.core.StandardContext.listenerStop Exception sending context destroyed event to listener instance of class [org.springframework.boot.web.servlet.support.SpringBootServletInitializer$1]
	java.lang.UnsupportedOperationException: Section 4.4 of the Servlet 3.0 specification does not permit this method to be called from a ServletContextListener that was not defined in web.xml, a web-fragment.xml file nor annotated with @WebListener
		at org.apache.catalina.core.StandardContext$NoPluggabilityServletContext.getClassLoader(StandardContext.java:6779)
		at org.springframework.boot.web.servlet.support.SpringBootServletInitializer.deregisterJdbcDrivers(SpringBootServletInitializer.java:134)
		at org.springframework.boot.web.servlet.support.SpringBootServletInitializer$1.contextDestroyed(SpringBootServletInitializer.java:110)
		at org.apache.catalina.core.StandardContext.listenerStop(StandardContext.java:4814)
		at org.apache.catalina.core.StandardContext.stopInternal(StandardContext.java:5477)
		at org.apache.catalina.util.LifecycleBase.stop(LifecycleBase.java:257)
		at org.apache.catalina.core.ContainerBase$StopChild.call(ContainerBase.java:1412)
		at org.apache.catalina.core.ContainerBase$StopChild.call(ContainerBase.java:1401)
		at java.util.concurrent.FutureTask.run(Unknown Source)
		at org.apache.tomcat.util.threads.InlineExecutorService.execute(InlineExecutorService.java:75)
		at java.util.concurrent.AbstractExecutorService.submit(Unknown Source)
		at org.apache.catalina.core.ContainerBase.stopInternal(ContainerBase.java:986)
		at org.apache.catalina.util.LifecycleBase.stop(LifecycleBase.java:257)
		at org.apache.catalina.core.ContainerBase$StopChild.call(ContainerBase.java:1412)
		at org.apache.catalina.core.ContainerBase$StopChild.call(ContainerBase.java:1401)
		at java.util.concurrent.FutureTask.run(Unknown Source)
		at org.apache.tomcat.util.threads.InlineExecutorService.execute(InlineExecutorService.java:75)
		at java.util.concurrent.AbstractExecutorService.submit(Unknown Source)
		at org.apache.catalina.core.ContainerBase.stopInternal(ContainerBase.java:986)
		at org.apache.catalina.util.LifecycleBase.stop(LifecycleBase.java:257)
		at org.apache.catalina.core.StandardService.stopInternal(StandardService.java:497)
		at org.apache.catalina.util.LifecycleBase.stop(LifecycleBase.java:257)
		at org.apache.catalina.core.StandardServer.stopInternal(StandardServer.java:979)
		at org.apache.catalina.util.LifecycleBase.stop(LifecycleBase.java:257)
		at org.apache.catalina.startup.Catalina.stop(Catalina.java:849)
		at org.apache.catalina.startup.Catalina$CatalinaShutdownHook.run(Catalina.java:996)
31-Jan-2022 12:14:26.084 INFO [Thread-204] org.apache.catalina.core.ApplicationContext.log SessionListener: contextDestroyed()
31-Jan-2022 12:14:26.084 INFO [Thread-204] org.apache.catalina.core.ApplicationContext.log ContextListener: contextDestroyed()
