31-Jan-2022 07:28:04.654 INFO [main] org.apache.catalina.startup.VersionLoggerListener.log Server version name:   Apache Tomcat/10.0.16
31-Jan-2022 07:28:04.657 INFO [main] org.apache.catalina.startup.VersionLoggerListener.log Server built:          Jan 15 2022 13:19:56 UTC
31-Jan-2022 07:28:04.659 INFO [main] org.apache.catalina.startup.VersionLoggerListener.log Server version number: 10.0.16.0
31-Jan-2022 07:28:04.659 INFO [main] org.apache.catalina.startup.VersionLoggerListener.log OS Name:               Windows 10
31-Jan-2022 07:28:04.660 INFO [main] org.apache.catalina.startup.VersionLoggerListener.log OS Version:            10.0
31-Jan-2022 07:28:04.660 INFO [main] org.apache.catalina.startup.VersionLoggerListener.log Architecture:          amd64
31-Jan-2022 07:28:04.660 INFO [main] org.apache.catalina.startup.VersionLoggerListener.log Java Home:             C:\Program Files\Java\jre1.8.0_321
31-Jan-2022 07:28:04.661 INFO [main] org.apache.catalina.startup.VersionLoggerListener.log JVM Version:           1.8.0_321-b07
31-Jan-2022 07:28:04.662 INFO [main] org.apache.catalina.startup.VersionLoggerListener.log JVM Vendor:            Oracle Corporation
31-Jan-2022 07:28:04.662 INFO [main] org.apache.catalina.startup.VersionLoggerListener.log CATALINA_BASE:         C:\Users\garys\Documents\workspace-spring-tool-suite-4-4.13.0.RELEASE\apache-tomcat-10.0.16\apache-tomcat-10.0.16
31-Jan-2022 07:28:04.663 INFO [main] org.apache.catalina.startup.VersionLoggerListener.log CATALINA_HOME:         C:\Users\garys\Documents\workspace-spring-tool-suite-4-4.13.0.RELEASE\apache-tomcat-10.0.16\apache-tomcat-10.0.16
31-Jan-2022 07:28:04.664 INFO [main] org.apache.catalina.startup.VersionLoggerListener.log Command line argument: -Djava.util.logging.config.file=C:\Users\garys\Documents\workspace-spring-tool-suite-4-4.13.0.RELEASE\apache-tomcat-10.0.16\apache-tomcat-10.0.16\conf\logging.properties
31-Jan-2022 07:28:04.664 INFO [main] org.apache.catalina.startup.VersionLoggerListener.log Command line argument: -Djava.util.logging.manager=org.apache.juli.ClassLoaderLogManager
31-Jan-2022 07:28:04.664 INFO [main] org.apache.catalina.startup.VersionLoggerListener.log Command line argument: -Djdk.tls.ephemeralDHKeySize=2048
31-Jan-2022 07:28:04.665 INFO [main] org.apache.catalina.startup.VersionLoggerListener.log Command line argument: -Djava.protocol.handler.pkgs=org.apache.catalina.webresources
31-Jan-2022 07:28:04.665 INFO [main] org.apache.catalina.startup.VersionLoggerListener.log Command line argument: -Dignore.endorsed.dirs=
31-Jan-2022 07:28:04.666 INFO [main] org.apache.catalina.startup.VersionLoggerListener.log Command line argument: -Dcatalina.base=C:\Users\garys\Documents\workspace-spring-tool-suite-4-4.13.0.RELEASE\apache-tomcat-10.0.16\apache-tomcat-10.0.16
31-Jan-2022 07:28:04.669 INFO [main] org.apache.catalina.startup.VersionLoggerListener.log Command line argument: -Dcatalina.home=C:\Users\garys\Documents\workspace-spring-tool-suite-4-4.13.0.RELEASE\apache-tomcat-10.0.16\apache-tomcat-10.0.16
31-Jan-2022 07:28:04.669 INFO [main] org.apache.catalina.startup.VersionLoggerListener.log Command line argument: -Djava.io.tmpdir=C:\Users\garys\Documents\workspace-spring-tool-suite-4-4.13.0.RELEASE\apache-tomcat-10.0.16\apache-tomcat-10.0.16\temp
31-Jan-2022 07:28:04.680 INFO [main] org.apache.catalina.core.AprLifecycleListener.lifecycleEvent The Apache Tomcat Native library which allows using OpenSSL was not found on the java.library.path: [C:\Program Files\Java\jre1.8.0_321\bin;C:\WINDOWS\Sun\Java\bin;C:\WINDOWS\system32;C:\WINDOWS;C:\Users\garys\bin;C:\Program Files\Git\mingw64\bin;C:\Program Files\Git\usr\local\bin;C:\Program Files\Git\usr\bin;C:\Program Files\Git\usr\bin;C:\Program Files\Git\mingw64\bin;C:\Program Files\Git\usr\bin;C:\Users\garys\bin;C:\Program Files\Common Files\Oracle\Java\javapath;C:\Program Files (x86)\VMware\VMware Player\bin;C:\Users\garys\AppData\Local\Programs\Python\Python39\Scripts;C:\Users\garys\AppData\Local\Programs\Python\Python39;C:\Program Files (x86)\Common Files\Oracle\Java\javapath;C:\WINDOWS\system32;C:\WINDOWS;C:\WINDOWS\System32\Wbem;C:\WINDOWS\System32\WindowsPowerShell\v1.0;C:\WINDOWS\System32\OpenSSH;C:\Program Files\NVIDIA Corporation\NVIDIA NvDLISR;C:\Program Files (x86)\NVIDIA Corporation\PhysX\Common;C:\ProgramData\chocolatey\bin;C:\sqlite;C:\Users\garys\.jdks\openjdk-16.0.1\bin;C:\Users\garys\.gradle\wrapper\dists\gradle-7.1.1-bin\f29rtwfnc96ub43tt7p47zsru\gradle-7.1.1\bin;C:\Users\garys\AppData\Roaming\Python\Python39\Scripts;C:\ProgramData\chocolatey\lib\maven\apache-maven-3.8.1\bin;C:\Program Files (x86)\GnuWin32\bin;C:\Program Files\Git LFS;C:\Program Files\nodejs;C:\Program Files (x86)\Filestar;C:\Users\garys\AppData\Roaming\Filestar\aliases;C:\Program Files\Docker\Docker\resources\bin;C:\ProgramData\DockerDesktop\version-bin;C:\Users\garys\Downloads\chromedriver_win32;C:\Program Files\Java\jre1.8.0_311;C:\Program Files\Java\jdk-17.0.1;C:\Program Files\Git\cmd;C:\Program Files\MySQL\MySQL Shell 8.0\bin;C:\Ruby27-x64\bin;C:\Users\garys\AppData\Local\Microsoft\WindowsApps;C:\Program Files\JetBrains\IntelliJ IDEA Community Edition 2021.1.2\bin;C:\Program Files\JetBrains\PyCharm Community Edition 2021.1.2\bin;C:\Users\garys\AppData\Local\GitHubDesktop\bin;C:\Program Files (x86)\GnuWin32\bin;C:\Users\garys\AppData\Roaming\npm;C:\Program Files\heroku\bin;C:\Users\garys\AppData\Local\Programs\Microsoft VS Code\bin;C:\Program Files\Git\usr\bin\vendor_perl;C:\Program Files\Git\usr\bin\core_perl;.]
31-Jan-2022 07:28:05.020 INFO [main] org.apache.coyote.AbstractProtocol.init Initializing ProtocolHandler ["http-nio-8080"]
31-Jan-2022 07:28:05.038 INFO [main] org.apache.catalina.startup.Catalina.load Server initialization in [558] milliseconds
31-Jan-2022 07:28:05.072 INFO [main] org.apache.catalina.core.StandardService.startInternal Starting service [Catalina]
31-Jan-2022 07:28:05.072 INFO [main] org.apache.catalina.core.StandardEngine.startInternal Starting Servlet engine: [Apache Tomcat/10.0.16]
31-Jan-2022 07:28:05.086 INFO [main] org.apache.catalina.startup.HostConfig.deployDirectory Deploying web application directory [C:\Users\garys\Documents\workspace-spring-tool-suite-4-4.13.0.RELEASE\apache-tomcat-10.0.16\apache-tomcat-10.0.16\webapps\docs]
31-Jan-2022 07:28:05.471 WARNING [main] org.apache.catalina.util.SessionIdGeneratorBase.createSecureRandom Creation of SecureRandom instance for session ID generation using [SHA1PRNG] took [168] milliseconds.
31-Jan-2022 07:28:05.493 INFO [main] org.apache.catalina.startup.HostConfig.deployDirectory Deployment of web application directory [C:\Users\garys\Documents\workspace-spring-tool-suite-4-4.13.0.RELEASE\apache-tomcat-10.0.16\apache-tomcat-10.0.16\webapps\docs] has finished in [408] ms
31-Jan-2022 07:28:05.494 INFO [main] org.apache.catalina.startup.HostConfig.deployDirectory Deploying web application directory [C:\Users\garys\Documents\workspace-spring-tool-suite-4-4.13.0.RELEASE\apache-tomcat-10.0.16\apache-tomcat-10.0.16\webapps\examples]
31-Jan-2022 07:28:05.897 INFO [main] org.apache.catalina.startup.HostConfig.deployDirectory Deployment of web application directory [C:\Users\garys\Documents\workspace-spring-tool-suite-4-4.13.0.RELEASE\apache-tomcat-10.0.16\apache-tomcat-10.0.16\webapps\examples] has finished in [403] ms
31-Jan-2022 07:28:05.898 INFO [main] org.apache.catalina.startup.HostConfig.deployDirectory Deploying web application directory [C:\Users\garys\Documents\workspace-spring-tool-suite-4-4.13.0.RELEASE\apache-tomcat-10.0.16\apache-tomcat-10.0.16\webapps\host-manager]
31-Jan-2022 07:28:05.939 INFO [main] org.apache.catalina.startup.HostConfig.deployDirectory Deployment of web application directory [C:\Users\garys\Documents\workspace-spring-tool-suite-4-4.13.0.RELEASE\apache-tomcat-10.0.16\apache-tomcat-10.0.16\webapps\host-manager] has finished in [41] ms
31-Jan-2022 07:28:05.940 INFO [main] org.apache.catalina.startup.HostConfig.deployDirectory Deploying web application directory [C:\Users\garys\Documents\workspace-spring-tool-suite-4-4.13.0.RELEASE\apache-tomcat-10.0.16\apache-tomcat-10.0.16\webapps\manager]
31-Jan-2022 07:28:05.970 INFO [main] org.apache.catalina.startup.HostConfig.deployDirectory Deployment of web application directory [C:\Users\garys\Documents\workspace-spring-tool-suite-4-4.13.0.RELEASE\apache-tomcat-10.0.16\apache-tomcat-10.0.16\webapps\manager] has finished in [30] ms
31-Jan-2022 07:28:05.971 INFO [main] org.apache.catalina.startup.HostConfig.deployDirectory Deploying web application directory [C:\Users\garys\Documents\workspace-spring-tool-suite-4-4.13.0.RELEASE\apache-tomcat-10.0.16\apache-tomcat-10.0.16\webapps\ROOT]
31-Jan-2022 07:28:06.000 INFO [main] org.apache.catalina.startup.HostConfig.deployDirectory Deployment of web application directory [C:\Users\garys\Documents\workspace-spring-tool-suite-4-4.13.0.RELEASE\apache-tomcat-10.0.16\apache-tomcat-10.0.16\webapps\ROOT] has finished in [28] ms
31-Jan-2022 07:28:06.004 INFO [main] org.apache.coyote.AbstractProtocol.start Starting ProtocolHandler ["http-nio-8080"]
31-Jan-2022 07:28:06.020 INFO [main] org.apache.catalina.startup.Catalina.start Server startup in [980] milliseconds
31-Jan-2022 07:32:40.535 INFO [Thread-3] org.apache.coyote.AbstractProtocol.pause Pausing ProtocolHandler ["http-nio-8080"]
31-Jan-2022 07:32:40.691 INFO [Thread-3] org.apache.catalina.core.StandardService.stopInternal Stopping service [Catalina]
31-Jan-2022 07:32:40.711 INFO [Thread-3] org.apache.coyote.AbstractProtocol.stop Stopping ProtocolHandler ["http-nio-8080"]
31-Jan-2022 07:32:40.722 INFO [Thread-3] org.apache.coyote.AbstractProtocol.destroy Destroying ProtocolHandler ["http-nio-8080"]
31-Jan-2022 07:38:23.895 INFO [main] org.apache.catalina.startup.VersionLoggerListener.log Server version name:   Apache Tomcat/10.0.16
31-Jan-2022 07:38:23.899 INFO [main] org.apache.catalina.startup.VersionLoggerListener.log Server built:          Jan 15 2022 13:19:56 UTC
31-Jan-2022 07:38:23.900 INFO [main] org.apache.catalina.startup.VersionLoggerListener.log Server version number: 10.0.16.0
31-Jan-2022 07:38:23.901 INFO [main] org.apache.catalina.startup.VersionLoggerListener.log OS Name:               Windows 10
31-Jan-2022 07:38:23.901 INFO [main] org.apache.catalina.startup.VersionLoggerListener.log OS Version:            10.0
31-Jan-2022 07:38:23.902 INFO [main] org.apache.catalina.startup.VersionLoggerListener.log Architecture:          amd64
31-Jan-2022 07:38:23.902 INFO [main] org.apache.catalina.startup.VersionLoggerListener.log Java Home:             C:\Program Files\Java\jre1.8.0_321
31-Jan-2022 07:38:23.903 INFO [main] org.apache.catalina.startup.VersionLoggerListener.log JVM Version:           1.8.0_321-b07
31-Jan-2022 07:38:23.903 INFO [main] org.apache.catalina.startup.VersionLoggerListener.log JVM Vendor:            Oracle Corporation
31-Jan-2022 07:38:23.904 INFO [main] org.apache.catalina.startup.VersionLoggerListener.log CATALINA_BASE:         C:\Users\garys\Documents\workspace-spring-tool-suite-4-4.13.0.RELEASE\apache-tomcat-10.0.16\apache-tomcat-10.0.16
31-Jan-2022 07:38:23.904 INFO [main] org.apache.catalina.startup.VersionLoggerListener.log CATALINA_HOME:         C:\Users\garys\Documents\workspace-spring-tool-suite-4-4.13.0.RELEASE\apache-tomcat-10.0.16\apache-tomcat-10.0.16
31-Jan-2022 07:38:23.905 INFO [main] org.apache.catalina.startup.VersionLoggerListener.log Command line argument: -Djava.util.logging.config.file=C:\Users\garys\Documents\workspace-spring-tool-suite-4-4.13.0.RELEASE\apache-tomcat-10.0.16\apache-tomcat-10.0.16\conf\logging.properties
31-Jan-2022 07:38:23.906 INFO [main] org.apache.catalina.startup.VersionLoggerListener.log Command line argument: -Djava.util.logging.manager=org.apache.juli.ClassLoaderLogManager
31-Jan-2022 07:38:23.907 INFO [main] org.apache.catalina.startup.VersionLoggerListener.log Command line argument: -Djdk.tls.ephemeralDHKeySize=2048
31-Jan-2022 07:38:23.911 INFO [main] org.apache.catalina.startup.VersionLoggerListener.log Command line argument: -Djava.protocol.handler.pkgs=org.apache.catalina.webresources
31-Jan-2022 07:38:23.911 INFO [main] org.apache.catalina.startup.VersionLoggerListener.log Command line argument: -Dignore.endorsed.dirs=
31-Jan-2022 07:38:23.912 INFO [main] org.apache.catalina.startup.VersionLoggerListener.log Command line argument: -Dcatalina.base=C:\Users\garys\Documents\workspace-spring-tool-suite-4-4.13.0.RELEASE\apache-tomcat-10.0.16\apache-tomcat-10.0.16
31-Jan-2022 07:38:23.916 INFO [main] org.apache.catalina.startup.VersionLoggerListener.log Command line argument: -Dcatalina.home=C:\Users\garys\Documents\workspace-spring-tool-suite-4-4.13.0.RELEASE\apache-tomcat-10.0.16\apache-tomcat-10.0.16
31-Jan-2022 07:38:23.917 INFO [main] org.apache.catalina.startup.VersionLoggerListener.log Command line argument: -Djava.io.tmpdir=C:\Users\garys\Documents\workspace-spring-tool-suite-4-4.13.0.RELEASE\apache-tomcat-10.0.16\apache-tomcat-10.0.16\temp
31-Jan-2022 07:38:23.932 INFO [main] org.apache.catalina.core.AprLifecycleListener.lifecycleEvent The Apache Tomcat Native library which allows using OpenSSL was not found on the java.library.path: [C:\Program Files\Java\jre1.8.0_321\bin;C:\WINDOWS\Sun\Java\bin;C:\WINDOWS\system32;C:\WINDOWS;C:\Users\garys\bin;C:\Program Files\Git\mingw64\bin;C:\Program Files\Git\usr\local\bin;C:\Program Files\Git\usr\bin;C:\Program Files\Git\usr\bin;C:\Program Files\Git\mingw64\bin;C:\Program Files\Git\usr\bin;C:\Users\garys\bin;C:\Program Files\Common Files\Oracle\Java\javapath;C:\Program Files (x86)\VMware\VMware Player\bin;C:\Users\garys\AppData\Local\Programs\Python\Python39\Scripts;C:\Users\garys\AppData\Local\Programs\Python\Python39;C:\Program Files (x86)\Common Files\Oracle\Java\javapath;C:\WINDOWS\system32;C:\WINDOWS;C:\WINDOWS\System32\Wbem;C:\WINDOWS\System32\WindowsPowerShell\v1.0;C:\WINDOWS\System32\OpenSSH;C:\Program Files\NVIDIA Corporation\NVIDIA NvDLISR;C:\Program Files (x86)\NVIDIA Corporation\PhysX\Common;C:\ProgramData\chocolatey\bin;C:\sqlite;C:\Users\garys\.jdks\openjdk-16.0.1\bin;C:\Users\garys\.gradle\wrapper\dists\gradle-7.1.1-bin\f29rtwfnc96ub43tt7p47zsru\gradle-7.1.1\bin;C:\Users\garys\AppData\Roaming\Python\Python39\Scripts;C:\ProgramData\chocolatey\lib\maven\apache-maven-3.8.1\bin;C:\Program Files (x86)\GnuWin32\bin;C:\Program Files\Git LFS;C:\Program Files\nodejs;C:\Program Files (x86)\Filestar;C:\Users\garys\AppData\Roaming\Filestar\aliases;C:\Program Files\Docker\Docker\resources\bin;C:\ProgramData\DockerDesktop\version-bin;C:\Users\garys\Downloads\chromedriver_win32;C:\Program Files\Java\jre1.8.0_311;C:\Program Files\Java\jdk-17.0.1;C:\Program Files\Git\cmd;C:\Program Files\MySQL\MySQL Shell 8.0\bin;C:\Ruby27-x64\bin;C:\Users\garys\AppData\Local\Microsoft\WindowsApps;C:\Program Files\JetBrains\IntelliJ IDEA Community Edition 2021.1.2\bin;C:\Program Files\JetBrains\PyCharm Community Edition 2021.1.2\bin;C:\Users\garys\AppData\Local\GitHubDesktop\bin;C:\Program Files (x86)\GnuWin32\bin;C:\Users\garys\AppData\Roaming\npm;C:\Program Files\heroku\bin;C:\Users\garys\AppData\Local\Programs\Microsoft VS Code\bin;C:\Program Files\Git\usr\bin\vendor_perl;C:\Program Files\Git\usr\bin\core_perl;.]
31-Jan-2022 07:38:24.455 INFO [main] org.apache.coyote.AbstractProtocol.init Initializing ProtocolHandler ["http-nio-8080"]
31-Jan-2022 07:38:24.472 SEVERE [main] org.apache.catalina.util.LifecycleBase.handleSubClassException Failed to initialize component [Connector[HTTP/1.1-8080]]
	org.apache.catalina.LifecycleException: Protocol handler initialization failed
		at org.apache.catalina.connector.Connector.initInternal(Connector.java:1055)
		at org.apache.catalina.util.LifecycleBase.init(LifecycleBase.java:136)
		at org.apache.catalina.core.StandardService.initInternal(StandardService.java:556)
		at org.apache.catalina.util.LifecycleBase.init(LifecycleBase.java:136)
		at org.apache.catalina.core.StandardServer.initInternal(StandardServer.java:1042)
		at org.apache.catalina.util.LifecycleBase.init(LifecycleBase.java:136)
		at org.apache.catalina.startup.Catalina.load(Catalina.java:747)
		at org.apache.catalina.startup.Catalina.load(Catalina.java:769)
		at sun.reflect.NativeMethodAccessorImpl.invoke0(Native Method)
		at sun.reflect.NativeMethodAccessorImpl.invoke(Unknown Source)
		at sun.reflect.DelegatingMethodAccessorImpl.invoke(Unknown Source)
		at java.lang.reflect.Method.invoke(Unknown Source)
		at org.apache.catalina.startup.Bootstrap.load(Bootstrap.java:305)
		at org.apache.catalina.startup.Bootstrap.main(Bootstrap.java:475)
	Caused by: java.net.BindException: Address already in use: bind
		at sun.nio.ch.Net.bind0(Native Method)
		at sun.nio.ch.Net.bind(Unknown Source)
		at sun.nio.ch.Net.bind(Unknown Source)
		at sun.nio.ch.ServerSocketChannelImpl.bind(Unknown Source)
		at org.apache.tomcat.util.net.NioEndpoint.initServerSocket(NioEndpoint.java:244)
		at org.apache.tomcat.util.net.NioEndpoint.bind(NioEndpoint.java:199)
		at org.apache.tomcat.util.net.AbstractEndpoint.bindWithCleanup(AbstractEndpoint.java:1184)
		at org.apache.tomcat.util.net.AbstractEndpoint.init(AbstractEndpoint.java:1197)
		at org.apache.coyote.AbstractProtocol.init(AbstractProtocol.java:580)
		at org.apache.coyote.http11.AbstractHttp11Protocol.init(AbstractHttp11Protocol.java:82)
		at org.apache.catalina.connector.Connector.initInternal(Connector.java:1052)
		... 13 more
31-Jan-2022 07:38:24.477 INFO [main] org.apache.catalina.startup.Catalina.load Server initialization in [810] milliseconds
31-Jan-2022 07:38:24.549 INFO [main] org.apache.catalina.core.StandardService.startInternal Starting service [Catalina]
31-Jan-2022 07:38:24.550 INFO [main] org.apache.catalina.core.StandardEngine.startInternal Starting Servlet engine: [Apache Tomcat/10.0.16]
31-Jan-2022 07:38:24.568 INFO [main] org.apache.catalina.startup.HostConfig.deployDirectory Deploying web application directory [C:\Users\garys\Documents\workspace-spring-tool-suite-4-4.13.0.RELEASE\apache-tomcat-10.0.16\apache-tomcat-10.0.16\webapps\docs]
31-Jan-2022 07:38:25.004 WARNING [main] org.apache.catalina.util.SessionIdGeneratorBase.createSecureRandom Creation of SecureRandom instance for session ID generation using [SHA1PRNG] took [183] milliseconds.
31-Jan-2022 07:38:25.027 INFO [main] org.apache.catalina.startup.HostConfig.deployDirectory Deployment of web application directory [C:\Users\garys\Documents\workspace-spring-tool-suite-4-4.13.0.RELEASE\apache-tomcat-10.0.16\apache-tomcat-10.0.16\webapps\docs] has finished in [459] ms
31-Jan-2022 07:38:25.028 INFO [main] org.apache.catalina.startup.HostConfig.deployDirectory Deploying web application directory [C:\Users\garys\Documents\workspace-spring-tool-suite-4-4.13.0.RELEASE\apache-tomcat-10.0.16\apache-tomcat-10.0.16\webapps\examples]
31-Jan-2022 07:38:25.521 INFO [main] org.apache.catalina.startup.HostConfig.deployDirectory Deployment of web application directory [C:\Users\garys\Documents\workspace-spring-tool-suite-4-4.13.0.RELEASE\apache-tomcat-10.0.16\apache-tomcat-10.0.16\webapps\examples] has finished in [493] ms
31-Jan-2022 07:38:25.522 INFO [main] org.apache.catalina.startup.HostConfig.deployDirectory Deploying web application directory [C:\Users\garys\Documents\workspace-spring-tool-suite-4-4.13.0.RELEASE\apache-tomcat-10.0.16\apache-tomcat-10.0.16\webapps\host-manager]
31-Jan-2022 07:38:25.572 INFO [main] org.apache.catalina.startup.HostConfig.deployDirectory Deployment of web application directory [C:\Users\garys\Documents\workspace-spring-tool-suite-4-4.13.0.RELEASE\apache-tomcat-10.0.16\apache-tomcat-10.0.16\webapps\host-manager] has finished in [49] ms
31-Jan-2022 07:38:25.572 INFO [main] org.apache.catalina.startup.HostConfig.deployDirectory Deploying web application directory [C:\Users\garys\Documents\workspace-spring-tool-suite-4-4.13.0.RELEASE\apache-tomcat-10.0.16\apache-tomcat-10.0.16\webapps\manager]
31-Jan-2022 07:38:25.627 INFO [main] org.apache.catalina.startup.HostConfig.deployDirectory Deployment of web application directory [C:\Users\garys\Documents\workspace-spring-tool-suite-4-4.13.0.RELEASE\apache-tomcat-10.0.16\apache-tomcat-10.0.16\webapps\manager] has finished in [55] ms
31-Jan-2022 07:38:25.628 INFO [main] org.apache.catalina.startup.HostConfig.deployDirectory Deploying web application directory [C:\Users\garys\Documents\workspace-spring-tool-suite-4-4.13.0.RELEASE\apache-tomcat-10.0.16\apache-tomcat-10.0.16\webapps\ROOT]
31-Jan-2022 07:38:25.658 INFO [main] org.apache.catalina.startup.HostConfig.deployDirectory Deployment of web application directory [C:\Users\garys\Documents\workspace-spring-tool-suite-4-4.13.0.RELEASE\apache-tomcat-10.0.16\apache-tomcat-10.0.16\webapps\ROOT] has finished in [30] ms
31-Jan-2022 07:38:25.664 INFO [main] org.apache.catalina.startup.Catalina.start Server startup in [1186] milliseconds
31-Jan-2022 07:38:25.668 SEVERE [main] org.apache.catalina.core.StandardServer.await Failed to create server shutdown socket on address [localhost] and port [8005] (base port [8005] and offset [0])
	java.net.BindException: Address already in use: JVM_Bind
		at java.net.DualStackPlainSocketImpl.bind0(Native Method)
		at java.net.DualStackPlainSocketImpl.socketBind(Unknown Source)
		at java.net.AbstractPlainSocketImpl.bind(Unknown Source)
		at java.net.PlainSocketImpl.bind(Unknown Source)
		at java.net.ServerSocket.bind(Unknown Source)
		at java.net.ServerSocket.<init>(Unknown Source)
		at org.apache.catalina.core.StandardServer.await(StandardServer.java:577)
		at org.apache.catalina.startup.Catalina.await(Catalina.java:887)
		at org.apache.catalina.startup.Catalina.start(Catalina.java:833)
		at sun.reflect.NativeMethodAccessorImpl.invoke0(Native Method)
		at sun.reflect.NativeMethodAccessorImpl.invoke(Unknown Source)
		at sun.reflect.DelegatingMethodAccessorImpl.invoke(Unknown Source)
		at java.lang.reflect.Method.invoke(Unknown Source)
		at org.apache.catalina.startup.Bootstrap.start(Bootstrap.java:345)
		at org.apache.catalina.startup.Bootstrap.main(Bootstrap.java:476)
31-Jan-2022 07:38:25.669 INFO [main] org.apache.coyote.AbstractProtocol.pause Pausing ProtocolHandler ["http-nio-8080"]
31-Jan-2022 07:38:25.669 INFO [main] org.apache.catalina.core.StandardService.stopInternal Stopping service [Catalina]
31-Jan-2022 07:38:25.691 INFO [main] org.apache.coyote.AbstractProtocol.stop Stopping ProtocolHandler ["http-nio-8080"]
31-Jan-2022 07:38:25.693 INFO [main] org.apache.coyote.AbstractProtocol.destroy Destroying ProtocolHandler ["http-nio-8080"]
31-Jan-2022 07:38:51.029 INFO [main] org.apache.catalina.startup.VersionLoggerListener.log Server version name:   Apache Tomcat/10.0.16
31-Jan-2022 07:38:51.032 INFO [main] org.apache.catalina.startup.VersionLoggerListener.log Server built:          Jan 15 2022 13:19:56 UTC
31-Jan-2022 07:38:51.034 INFO [main] org.apache.catalina.startup.VersionLoggerListener.log Server version number: 10.0.16.0
31-Jan-2022 07:38:51.035 INFO [main] org.apache.catalina.startup.VersionLoggerListener.log OS Name:               Windows 10
31-Jan-2022 07:38:51.035 INFO [main] org.apache.catalina.startup.VersionLoggerListener.log OS Version:            10.0
31-Jan-2022 07:38:51.036 INFO [main] org.apache.catalina.startup.VersionLoggerListener.log Architecture:          amd64
31-Jan-2022 07:38:51.036 INFO [main] org.apache.catalina.startup.VersionLoggerListener.log Java Home:             C:\Program Files\Java\jre1.8.0_321
31-Jan-2022 07:38:51.037 INFO [main] org.apache.catalina.startup.VersionLoggerListener.log JVM Version:           1.8.0_321-b07
31-Jan-2022 07:38:51.037 INFO [main] org.apache.catalina.startup.VersionLoggerListener.log JVM Vendor:            Oracle Corporation
31-Jan-2022 07:38:51.038 INFO [main] org.apache.catalina.startup.VersionLoggerListener.log CATALINA_BASE:         C:\Users\garys\Documents\workspace-spring-tool-suite-4-4.13.0.RELEASE\apache-tomcat-10.0.16\apache-tomcat-10.0.16
31-Jan-2022 07:38:51.038 INFO [main] org.apache.catalina.startup.VersionLoggerListener.log CATALINA_HOME:         C:\Users\garys\Documents\workspace-spring-tool-suite-4-4.13.0.RELEASE\apache-tomcat-10.0.16\apache-tomcat-10.0.16
31-Jan-2022 07:38:51.040 INFO [main] org.apache.catalina.startup.VersionLoggerListener.log Command line argument: -Djava.util.logging.config.file=C:\Users\garys\Documents\workspace-spring-tool-suite-4-4.13.0.RELEASE\apache-tomcat-10.0.16\apache-tomcat-10.0.16\conf\logging.properties
31-Jan-2022 07:38:51.040 INFO [main] org.apache.catalina.startup.VersionLoggerListener.log Command line argument: -Djava.util.logging.manager=org.apache.juli.ClassLoaderLogManager
31-Jan-2022 07:38:51.040 INFO [main] org.apache.catalina.startup.VersionLoggerListener.log Command line argument: -Djdk.tls.ephemeralDHKeySize=2048
31-Jan-2022 07:38:51.041 INFO [main] org.apache.catalina.startup.VersionLoggerListener.log Command line argument: -Djava.protocol.handler.pkgs=org.apache.catalina.webresources
31-Jan-2022 07:38:51.041 INFO [main] org.apache.catalina.startup.VersionLoggerListener.log Command line argument: -Dignore.endorsed.dirs=
31-Jan-2022 07:38:51.042 INFO [main] org.apache.catalina.startup.VersionLoggerListener.log Command line argument: -Dcatalina.base=C:\Users\garys\Documents\workspace-spring-tool-suite-4-4.13.0.RELEASE\apache-tomcat-10.0.16\apache-tomcat-10.0.16
31-Jan-2022 07:38:51.045 INFO [main] org.apache.catalina.startup.VersionLoggerListener.log Command line argument: -Dcatalina.home=C:\Users\garys\Documents\workspace-spring-tool-suite-4-4.13.0.RELEASE\apache-tomcat-10.0.16\apache-tomcat-10.0.16
31-Jan-2022 07:38:51.045 INFO [main] org.apache.catalina.startup.VersionLoggerListener.log Command line argument: -Djava.io.tmpdir=C:\Users\garys\Documents\workspace-spring-tool-suite-4-4.13.0.RELEASE\apache-tomcat-10.0.16\apache-tomcat-10.0.16\temp
31-Jan-2022 07:38:51.055 INFO [main] org.apache.catalina.core.AprLifecycleListener.lifecycleEvent The Apache Tomcat Native library which allows using OpenSSL was not found on the java.library.path: [C:\Program Files\Java\jre1.8.0_321\bin;C:\WINDOWS\Sun\Java\bin;C:\WINDOWS\system32;C:\WINDOWS;C:\Users\garys\bin;C:\Program Files\Git\mingw64\bin;C:\Program Files\Git\usr\local\bin;C:\Program Files\Git\usr\bin;C:\Program Files\Git\usr\bin;C:\Program Files\Git\mingw64\bin;C:\Program Files\Git\usr\bin;C:\Users\garys\bin;C:\Program Files\Common Files\Oracle\Java\javapath;C:\Program Files (x86)\VMware\VMware Player\bin;C:\Users\garys\AppData\Local\Programs\Python\Python39\Scripts;C:\Users\garys\AppData\Local\Programs\Python\Python39;C:\Program Files (x86)\Common Files\Oracle\Java\javapath;C:\WINDOWS\system32;C:\WINDOWS;C:\WINDOWS\System32\Wbem;C:\WINDOWS\System32\WindowsPowerShell\v1.0;C:\WINDOWS\System32\OpenSSH;C:\Program Files\NVIDIA Corporation\NVIDIA NvDLISR;C:\Program Files (x86)\NVIDIA Corporation\PhysX\Common;C:\ProgramData\chocolatey\bin;C:\sqlite;C:\Users\garys\.jdks\openjdk-16.0.1\bin;C:\Users\garys\.gradle\wrapper\dists\gradle-7.1.1-bin\f29rtwfnc96ub43tt7p47zsru\gradle-7.1.1\bin;C:\Users\garys\AppData\Roaming\Python\Python39\Scripts;C:\ProgramData\chocolatey\lib\maven\apache-maven-3.8.1\bin;C:\Program Files (x86)\GnuWin32\bin;C:\Program Files\Git LFS;C:\Program Files\nodejs;C:\Program Files (x86)\Filestar;C:\Users\garys\AppData\Roaming\Filestar\aliases;C:\Program Files\Docker\Docker\resources\bin;C:\ProgramData\DockerDesktop\version-bin;C:\Users\garys\Downloads\chromedriver_win32;C:\Program Files\Java\jre1.8.0_311;C:\Program Files\Java\jdk-17.0.1;C:\Program Files\Git\cmd;C:\Program Files\MySQL\MySQL Shell 8.0\bin;C:\Ruby27-x64\bin;C:\Users\garys\AppData\Local\Microsoft\WindowsApps;C:\Program Files\JetBrains\IntelliJ IDEA Community Edition 2021.1.2\bin;C:\Program Files\JetBrains\PyCharm Community Edition 2021.1.2\bin;C:\Users\garys\AppData\Local\GitHubDesktop\bin;C:\Program Files (x86)\GnuWin32\bin;C:\Users\garys\AppData\Roaming\npm;C:\Program Files\heroku\bin;C:\Users\garys\AppData\Local\Programs\Microsoft VS Code\bin;C:\Program Files\Git\usr\bin\vendor_perl;C:\Program Files\Git\usr\bin\core_perl;.]
31-Jan-2022 07:38:51.428 INFO [main] org.apache.coyote.AbstractProtocol.init Initializing ProtocolHandler ["http-nio-8080"]
31-Jan-2022 07:38:51.447 INFO [main] org.apache.catalina.startup.Catalina.load Server initialization in [594] milliseconds
31-Jan-2022 07:38:51.482 INFO [main] org.apache.catalina.core.StandardService.startInternal Starting service [Catalina]
31-Jan-2022 07:38:51.482 INFO [main] org.apache.catalina.core.StandardEngine.startInternal Starting Servlet engine: [Apache Tomcat/10.0.16]
31-Jan-2022 07:38:51.496 INFO [main] org.apache.catalina.startup.HostConfig.deployDirectory Deploying web application directory [C:\Users\garys\Documents\workspace-spring-tool-suite-4-4.13.0.RELEASE\apache-tomcat-10.0.16\apache-tomcat-10.0.16\webapps\docs]
31-Jan-2022 07:38:51.866 WARNING [main] org.apache.catalina.util.SessionIdGeneratorBase.createSecureRandom Creation of SecureRandom instance for session ID generation using [SHA1PRNG] took [162] milliseconds.
31-Jan-2022 07:38:51.888 INFO [main] org.apache.catalina.startup.HostConfig.deployDirectory Deployment of web application directory [C:\Users\garys\Documents\workspace-spring-tool-suite-4-4.13.0.RELEASE\apache-tomcat-10.0.16\apache-tomcat-10.0.16\webapps\docs] has finished in [392] ms
31-Jan-2022 07:38:51.889 INFO [main] org.apache.catalina.startup.HostConfig.deployDirectory Deploying web application directory [C:\Users\garys\Documents\workspace-spring-tool-suite-4-4.13.0.RELEASE\apache-tomcat-10.0.16\apache-tomcat-10.0.16\webapps\examples]
31-Jan-2022 07:38:52.339 INFO [main] org.apache.catalina.startup.HostConfig.deployDirectory Deployment of web application directory [C:\Users\garys\Documents\workspace-spring-tool-suite-4-4.13.0.RELEASE\apache-tomcat-10.0.16\apache-tomcat-10.0.16\webapps\examples] has finished in [451] ms
31-Jan-2022 07:38:52.340 INFO [main] org.apache.catalina.startup.HostConfig.deployDirectory Deploying web application directory [C:\Users\garys\Documents\workspace-spring-tool-suite-4-4.13.0.RELEASE\apache-tomcat-10.0.16\apache-tomcat-10.0.16\webapps\host-manager]
31-Jan-2022 07:38:52.387 INFO [main] org.apache.catalina.startup.HostConfig.deployDirectory Deployment of web application directory [C:\Users\garys\Documents\workspace-spring-tool-suite-4-4.13.0.RELEASE\apache-tomcat-10.0.16\apache-tomcat-10.0.16\webapps\host-manager] has finished in [47] ms
31-Jan-2022 07:38:52.388 INFO [main] org.apache.catalina.startup.HostConfig.deployDirectory Deploying web application directory [C:\Users\garys\Documents\workspace-spring-tool-suite-4-4.13.0.RELEASE\apache-tomcat-10.0.16\apache-tomcat-10.0.16\webapps\manager]
31-Jan-2022 07:38:52.420 INFO [main] org.apache.catalina.startup.HostConfig.deployDirectory Deployment of web application directory [C:\Users\garys\Documents\workspace-spring-tool-suite-4-4.13.0.RELEASE\apache-tomcat-10.0.16\apache-tomcat-10.0.16\webapps\manager] has finished in [31] ms
31-Jan-2022 07:38:52.420 INFO [main] org.apache.catalina.startup.HostConfig.deployDirectory Deploying web application directory [C:\Users\garys\Documents\workspace-spring-tool-suite-4-4.13.0.RELEASE\apache-tomcat-10.0.16\apache-tomcat-10.0.16\webapps\ROOT]
31-Jan-2022 07:38:52.449 INFO [main] org.apache.catalina.startup.HostConfig.deployDirectory Deployment of web application directory [C:\Users\garys\Documents\workspace-spring-tool-suite-4-4.13.0.RELEASE\apache-tomcat-10.0.16\apache-tomcat-10.0.16\webapps\ROOT] has finished in [29] ms
31-Jan-2022 07:38:52.454 INFO [main] org.apache.coyote.AbstractProtocol.start Starting ProtocolHandler ["http-nio-8080"]
31-Jan-2022 07:38:52.473 INFO [main] org.apache.catalina.startup.Catalina.start Server startup in [1025] milliseconds
31-Jan-2022 07:41:42.680 INFO [Catalina-utility-2] org.apache.catalina.users.MemoryUserDatabase.backgroundProcess Reloading memory user database [UserDatabase] from updated source [file:/C:/Users/garys/Documents/workspace-spring-tool-suite-4-4.13.0.RELEASE/apache-tomcat-10.0.16/apache-tomcat-10.0.16/conf/tomcat-users.xml]
31-Jan-2022 07:42:03.774 INFO [Thread-3] org.apache.coyote.AbstractProtocol.pause Pausing ProtocolHandler ["http-nio-8080"]
31-Jan-2022 07:42:03.933 INFO [Thread-3] org.apache.catalina.core.StandardService.stopInternal Stopping service [Catalina]
31-Jan-2022 07:42:03.952 INFO [Thread-3] org.apache.coyote.AbstractProtocol.stop Stopping ProtocolHandler ["http-nio-8080"]
31-Jan-2022 07:42:03.960 INFO [Thread-3] org.apache.coyote.AbstractProtocol.destroy Destroying ProtocolHandler ["http-nio-8080"]
31-Jan-2022 07:42:10.994 INFO [main] org.apache.catalina.startup.VersionLoggerListener.log Server version name:   Apache Tomcat/10.0.16
31-Jan-2022 07:42:10.997 INFO [main] org.apache.catalina.startup.VersionLoggerListener.log Server built:          Jan 15 2022 13:19:56 UTC
31-Jan-2022 07:42:10.998 INFO [main] org.apache.catalina.startup.VersionLoggerListener.log Server version number: 10.0.16.0
31-Jan-2022 07:42:10.998 INFO [main] org.apache.catalina.startup.VersionLoggerListener.log OS Name:               Windows 10
31-Jan-2022 07:42:11.000 INFO [main] org.apache.catalina.startup.VersionLoggerListener.log OS Version:            10.0
31-Jan-2022 07:42:11.001 INFO [main] org.apache.catalina.startup.VersionLoggerListener.log Architecture:          amd64
31-Jan-2022 07:42:11.001 INFO [main] org.apache.catalina.startup.VersionLoggerListener.log Java Home:             C:\Program Files\Java\jre1.8.0_321
31-Jan-2022 07:42:11.002 INFO [main] org.apache.catalina.startup.VersionLoggerListener.log JVM Version:           1.8.0_321-b07
31-Jan-2022 07:42:11.002 INFO [main] org.apache.catalina.startup.VersionLoggerListener.log JVM Vendor:            Oracle Corporation
31-Jan-2022 07:42:11.003 INFO [main] org.apache.catalina.startup.VersionLoggerListener.log CATALINA_BASE:         C:\Users\garys\Documents\workspace-spring-tool-suite-4-4.13.0.RELEASE\apache-tomcat-10.0.16\apache-tomcat-10.0.16
31-Jan-2022 07:42:11.004 INFO [main] org.apache.catalina.startup.VersionLoggerListener.log CATALINA_HOME:         C:\Users\garys\Documents\workspace-spring-tool-suite-4-4.13.0.RELEASE\apache-tomcat-10.0.16\apache-tomcat-10.0.16
31-Jan-2022 07:42:11.005 INFO [main] org.apache.catalina.startup.VersionLoggerListener.log Command line argument: -Djava.util.logging.config.file=C:\Users\garys\Documents\workspace-spring-tool-suite-4-4.13.0.RELEASE\apache-tomcat-10.0.16\apache-tomcat-10.0.16\conf\logging.properties
31-Jan-2022 07:42:11.005 INFO [main] org.apache.catalina.startup.VersionLoggerListener.log Command line argument: -Djava.util.logging.manager=org.apache.juli.ClassLoaderLogManager
31-Jan-2022 07:42:11.006 INFO [main] org.apache.catalina.startup.VersionLoggerListener.log Command line argument: -Djdk.tls.ephemeralDHKeySize=2048
31-Jan-2022 07:42:11.006 INFO [main] org.apache.catalina.startup.VersionLoggerListener.log Command line argument: -Djava.protocol.handler.pkgs=org.apache.catalina.webresources
31-Jan-2022 07:42:11.007 INFO [main] org.apache.catalina.startup.VersionLoggerListener.log Command line argument: -Dignore.endorsed.dirs=
31-Jan-2022 07:42:11.009 INFO [main] org.apache.catalina.startup.VersionLoggerListener.log Command line argument: -Dcatalina.base=C:\Users\garys\Documents\workspace-spring-tool-suite-4-4.13.0.RELEASE\apache-tomcat-10.0.16\apache-tomcat-10.0.16
31-Jan-2022 07:42:11.010 INFO [main] org.apache.catalina.startup.VersionLoggerListener.log Command line argument: -Dcatalina.home=C:\Users\garys\Documents\workspace-spring-tool-suite-4-4.13.0.RELEASE\apache-tomcat-10.0.16\apache-tomcat-10.0.16
31-Jan-2022 07:42:11.010 INFO [main] org.apache.catalina.startup.VersionLoggerListener.log Command line argument: -Djava.io.tmpdir=C:\Users\garys\Documents\workspace-spring-tool-suite-4-4.13.0.RELEASE\apache-tomcat-10.0.16\apache-tomcat-10.0.16\temp
31-Jan-2022 07:42:11.022 INFO [main] org.apache.catalina.core.AprLifecycleListener.lifecycleEvent The Apache Tomcat Native library which allows using OpenSSL was not found on the java.library.path: [C:\Program Files\Java\jre1.8.0_321\bin;C:\WINDOWS\Sun\Java\bin;C:\WINDOWS\system32;C:\WINDOWS;C:\Users\garys\bin;C:\Program Files\Git\mingw64\bin;C:\Program Files\Git\usr\local\bin;C:\Program Files\Git\usr\bin;C:\Program Files\Git\usr\bin;C:\Program Files\Git\mingw64\bin;C:\Program Files\Git\usr\bin;C:\Users\garys\bin;C:\Program Files\Common Files\Oracle\Java\javapath;C:\Program Files (x86)\VMware\VMware Player\bin;C:\Users\garys\AppData\Local\Programs\Python\Python39\Scripts;C:\Users\garys\AppData\Local\Programs\Python\Python39;C:\Program Files (x86)\Common Files\Oracle\Java\javapath;C:\WINDOWS\system32;C:\WINDOWS;C:\WINDOWS\System32\Wbem;C:\WINDOWS\System32\WindowsPowerShell\v1.0;C:\WINDOWS\System32\OpenSSH;C:\Program Files\NVIDIA Corporation\NVIDIA NvDLISR;C:\Program Files (x86)\NVIDIA Corporation\PhysX\Common;C:\ProgramData\chocolatey\bin;C:\sqlite;C:\Users\garys\.jdks\openjdk-16.0.1\bin;C:\Users\garys\.gradle\wrapper\dists\gradle-7.1.1-bin\f29rtwfnc96ub43tt7p47zsru\gradle-7.1.1\bin;C:\Users\garys\AppData\Roaming\Python\Python39\Scripts;C:\ProgramData\chocolatey\lib\maven\apache-maven-3.8.1\bin;C:\Program Files (x86)\GnuWin32\bin;C:\Program Files\Git LFS;C:\Program Files\nodejs;C:\Program Files (x86)\Filestar;C:\Users\garys\AppData\Roaming\Filestar\aliases;C:\Program Files\Docker\Docker\resources\bin;C:\ProgramData\DockerDesktop\version-bin;C:\Users\garys\Downloads\chromedriver_win32;C:\Program Files\Java\jre1.8.0_311;C:\Program Files\Java\jdk-17.0.1;C:\Program Files\Git\cmd;C:\Program Files\MySQL\MySQL Shell 8.0\bin;C:\Ruby27-x64\bin;C:\Users\garys\AppData\Local\Microsoft\WindowsApps;C:\Program Files\JetBrains\IntelliJ IDEA Community Edition 2021.1.2\bin;C:\Program Files\JetBrains\PyCharm Community Edition 2021.1.2\bin;C:\Users\garys\AppData\Local\GitHubDesktop\bin;C:\Program Files (x86)\GnuWin32\bin;C:\Users\garys\AppData\Roaming\npm;C:\Program Files\heroku\bin;C:\Users\garys\AppData\Local\Programs\Microsoft VS Code\bin;C:\Program Files\Git\usr\bin\vendor_perl;C:\Program Files\Git\usr\bin\core_perl;.]
31-Jan-2022 07:42:11.457 INFO [main] org.apache.coyote.AbstractProtocol.init Initializing ProtocolHandler ["http-nio-8080"]
31-Jan-2022 07:42:11.491 INFO [main] org.apache.catalina.startup.Catalina.load Server initialization in [713] milliseconds
31-Jan-2022 07:42:11.547 INFO [main] org.apache.catalina.core.StandardService.startInternal Starting service [Catalina]
31-Jan-2022 07:42:11.548 INFO [main] org.apache.catalina.core.StandardEngine.startInternal Starting Servlet engine: [Apache Tomcat/10.0.16]
31-Jan-2022 07:42:11.560 INFO [main] org.apache.catalina.startup.HostConfig.deployDirectory Deploying web application directory [C:\Users\garys\Documents\workspace-spring-tool-suite-4-4.13.0.RELEASE\apache-tomcat-10.0.16\apache-tomcat-10.0.16\webapps\docs]
31-Jan-2022 07:42:12.091 WARNING [main] org.apache.catalina.util.SessionIdGeneratorBase.createSecureRandom Creation of SecureRandom instance for session ID generation using [SHA1PRNG] took [228] milliseconds.
31-Jan-2022 07:42:12.130 INFO [main] org.apache.catalina.startup.HostConfig.deployDirectory Deployment of web application directory [C:\Users\garys\Documents\workspace-spring-tool-suite-4-4.13.0.RELEASE\apache-tomcat-10.0.16\apache-tomcat-10.0.16\webapps\docs] has finished in [569] ms
31-Jan-2022 07:42:12.130 INFO [main] org.apache.catalina.startup.HostConfig.deployDirectory Deploying web application directory [C:\Users\garys\Documents\workspace-spring-tool-suite-4-4.13.0.RELEASE\apache-tomcat-10.0.16\apache-tomcat-10.0.16\webapps\examples]
31-Jan-2022 07:42:12.657 INFO [main] org.apache.catalina.startup.HostConfig.deployDirectory Deployment of web application directory [C:\Users\garys\Documents\workspace-spring-tool-suite-4-4.13.0.RELEASE\apache-tomcat-10.0.16\apache-tomcat-10.0.16\webapps\examples] has finished in [527] ms
31-Jan-2022 07:42:12.657 INFO [main] org.apache.catalina.startup.HostConfig.deployDirectory Deploying web application directory [C:\Users\garys\Documents\workspace-spring-tool-suite-4-4.13.0.RELEASE\apache-tomcat-10.0.16\apache-tomcat-10.0.16\webapps\host-manager]
31-Jan-2022 07:42:12.706 INFO [main] org.apache.catalina.startup.HostConfig.deployDirectory Deployment of web application directory [C:\Users\garys\Documents\workspace-spring-tool-suite-4-4.13.0.RELEASE\apache-tomcat-10.0.16\apache-tomcat-10.0.16\webapps\host-manager] has finished in [49] ms
31-Jan-2022 07:42:12.707 INFO [main] org.apache.catalina.startup.HostConfig.deployDirectory Deploying web application directory [C:\Users\garys\Documents\workspace-spring-tool-suite-4-4.13.0.RELEASE\apache-tomcat-10.0.16\apache-tomcat-10.0.16\webapps\manager]
31-Jan-2022 07:42:12.754 INFO [main] org.apache.catalina.startup.HostConfig.deployDirectory Deployment of web application directory [C:\Users\garys\Documents\workspace-spring-tool-suite-4-4.13.0.RELEASE\apache-tomcat-10.0.16\apache-tomcat-10.0.16\webapps\manager] has finished in [47] ms
31-Jan-2022 07:42:12.755 INFO [main] org.apache.catalina.startup.HostConfig.deployDirectory Deploying web application directory [C:\Users\garys\Documents\workspace-spring-tool-suite-4-4.13.0.RELEASE\apache-tomcat-10.0.16\apache-tomcat-10.0.16\webapps\ROOT]
31-Jan-2022 07:42:12.786 INFO [main] org.apache.catalina.startup.HostConfig.deployDirectory Deployment of web application directory [C:\Users\garys\Documents\workspace-spring-tool-suite-4-4.13.0.RELEASE\apache-tomcat-10.0.16\apache-tomcat-10.0.16\webapps\ROOT] has finished in [31] ms
31-Jan-2022 07:42:12.792 INFO [main] org.apache.coyote.AbstractProtocol.start Starting ProtocolHandler ["http-nio-8080"]
31-Jan-2022 07:42:12.810 INFO [main] org.apache.catalina.startup.Catalina.start Server startup in [1317] milliseconds
31-Jan-2022 07:45:16.420 INFO [http-nio-8080-exec-8] org.apache.catalina.startup.HostConfig.deployWAR Deploying web application archive [C:\Users\garys\Documents\workspace-spring-tool-suite-4-4.13.0.RELEASE\apache-tomcat-10.0.16\apache-tomcat-10.0.16\webapps\verification-service.war]
31-Jan-2022 07:45:16.495 INFO [http-nio-8080-exec-8] org.apache.catalina.startup.HostConfig.deployWAR Deployment of web application archive [C:\Users\garys\Documents\workspace-spring-tool-suite-4-4.13.0.RELEASE\apache-tomcat-10.0.16\apache-tomcat-10.0.16\webapps\verification-service.war] has finished in [76] ms
31-Jan-2022 07:49:57.945 INFO [http-nio-8080-exec-7] org.apache.catalina.startup.HostConfig.deployWAR Deploying web application archive [C:\Users\garys\Documents\workspace-spring-tool-suite-4-4.13.0.RELEASE\apache-tomcat-10.0.16\apache-tomcat-10.0.16\webapps\mobile-app-ws.war]
31-Jan-2022 07:50:04.869 INFO [http-nio-8080-exec-7] org.apache.jasper.servlet.TldScanner.scanJars At least one JAR was scanned for TLDs yet contained no TLDs. Enable debug logging for this logger for a complete list of JARs that were scanned but no TLDs were found in them. Skipping unneeded JARs during scanning can improve startup time and JSP compilation time.
31-Jan-2022 07:50:04.880 INFO [http-nio-8080-exec-7] org.apache.catalina.startup.HostConfig.deployWAR Deployment of web application archive [C:\Users\garys\Documents\workspace-spring-tool-suite-4-4.13.0.RELEASE\apache-tomcat-10.0.16\apache-tomcat-10.0.16\webapps\mobile-app-ws.war] has finished in [6,935] ms
31-Jan-2022 07:53:39.278 INFO [http-nio-8080-exec-4] org.apache.catalina.startup.HostConfig.undeploy Undeploying context [/mobile-app-ws]
31-Jan-2022 07:53:41.466 INFO [http-nio-8080-exec-6] org.apache.catalina.startup.HostConfig.undeploy Undeploying context [/verification-service]
31-Jan-2022 07:53:47.860 INFO [http-nio-8080-exec-7] org.apache.catalina.startup.HostConfig.deployWAR Deploying web application archive [C:\Users\garys\Documents\workspace-spring-tool-suite-4-4.13.0.RELEASE\apache-tomcat-10.0.16\apache-tomcat-10.0.16\webapps\mobile-app-ws.war]
31-Jan-2022 07:53:53.468 INFO [http-nio-8080-exec-7] org.apache.jasper.servlet.TldScanner.scanJars At least one JAR was scanned for TLDs yet contained no TLDs. Enable debug logging for this logger for a complete list of JARs that were scanned but no TLDs were found in them. Skipping unneeded JARs during scanning can improve startup time and JSP compilation time.
31-Jan-2022 07:53:53.483 INFO [http-nio-8080-exec-7] org.apache.catalina.startup.HostConfig.deployWAR Deployment of web application archive [C:\Users\garys\Documents\workspace-spring-tool-suite-4-4.13.0.RELEASE\apache-tomcat-10.0.16\apache-tomcat-10.0.16\webapps\mobile-app-ws.war] has finished in [5,623] ms
31-Jan-2022 07:54:07.325 INFO [http-nio-8080-exec-9] org.apache.catalina.startup.HostConfig.deployWAR Deploying web application archive [C:\Users\garys\Documents\workspace-spring-tool-suite-4-4.13.0.RELEASE\apache-tomcat-10.0.16\apache-tomcat-10.0.16\webapps\verification-service.war]
31-Jan-2022 07:54:07.370 INFO [http-nio-8080-exec-9] org.apache.catalina.startup.HostConfig.deployWAR Deployment of web application archive [C:\Users\garys\Documents\workspace-spring-tool-suite-4-4.13.0.RELEASE\apache-tomcat-10.0.16\apache-tomcat-10.0.16\webapps\verification-service.war] has finished in [46] ms
31-Jan-2022 08:04:41.246 INFO [Thread-3] org.apache.coyote.AbstractProtocol.pause Pausing ProtocolHandler ["http-nio-8080"]
31-Jan-2022 08:04:41.403 INFO [Thread-3] org.apache.catalina.core.StandardService.stopInternal Stopping service [Catalina]
31-Jan-2022 08:04:41.432 INFO [Thread-3] org.apache.coyote.AbstractProtocol.stop Stopping ProtocolHandler ["http-nio-8080"]
31-Jan-2022 08:04:41.447 INFO [Thread-3] org.apache.coyote.AbstractProtocol.destroy Destroying ProtocolHandler ["http-nio-8080"]
